
[RUN MODE (2 stages)] (par-->seq)

***********************************<Summary of test-failures>***************************************
-------------------------------------------------------------------------------
Test set: org.apache.datasketches.cpc.CpcCBinariesTest
-------------------------------------------------------------------------------
Tests run: 12, Failures: 10, Errors: 0, Skipped: 0, Time elapsed: 0.11 s <<< FAILURE! - in org.apache.datasketches.cpc.CpcCBinariesTest
org.apache.datasketches.cpc.CpcCBinariesTest.checkEmptyBin  Time elapsed: 0.011 s  <<< FAILURE!
java.lang.IllegalAccessError: class org.apache.datasketches.memory.AllocateDirectMap (in unnamed module @0x6f29c911) cannot access class sun.nio.ch.FileChannelImpl (in module java.base) because module java.base does not export sun.nio.ch to unnamed module @0x6f29c911
	at org.apache.datasketches.memory.AllocateDirectMap.<clinit>(AllocateDirectMap.java:72)
	at org.apache.datasketches.memory.BaseWritableMemoryImpl.wrapMap(BaseWritableMemoryImpl.java:98)
	at org.apache.datasketches.memory.Memory.map(Memory.java:119)
	at org.apache.datasketches.memory.Memory.map(Memory.java:97)
	at org.apache.datasketches.cpc.CpcCBinariesTest.checkEmptyBin(CpcCBinariesTest.java:46)
	at java.base/jdk.internal.reflect.NativeMethodAccessorImpl.invoke0(Native Method)
	at java.base/jdk.internal.reflect.NativeMethodAccessorImpl.invoke(NativeMethodAccessorImpl.java:77)
	at java.base/jdk.internal.reflect.DelegatingMethodAccessorImpl.invoke(DelegatingMethodAccessorImpl.java:43)
	at java.base/java.lang.reflect.Method.invoke(Method.java:568)
	at org.testng.internal.MethodInvocationHelper.invokeMethod(MethodInvocationHelper.java:134)
	at org.testng.internal.TestInvoker.invokeMethod(TestInvoker.java:597)
	at org.testng.internal.TestInvoker.invokeTestMethod(TestInvoker.java:173)
	at org.testng.internal.MethodRunner.runInSequence(MethodRunner.java:46)
	at org.testng.internal.TestInvoker$MethodInvocationAgent.invoke(TestInvoker.java:816)
	at org.testng.internal.TestInvoker.invokeTestMethods(TestInvoker.java:146)
	at org.testng.internal.TestMethodWorker.invokeTestMethods(TestMethodWorker.java:146)
	at org.testng.internal.TestMethodWorker.run(TestMethodWorker.java:128)
	at java.base/java.util.ArrayList.forEach(ArrayList.java:1511)
	at org.testng.TestRunner.privateRun(TestRunner.java:766)
	at org.testng.TestRunner.run(TestRunner.java:587)
	at org.testng.SuiteRunner.runTest(SuiteRunner.java:384)
	at org.testng.SuiteRunner.runSequentially(SuiteRunner.java:378)
	at org.testng.SuiteRunner.privateRun(SuiteRunner.java:337)
	at org.testng.SuiteRunner.run(SuiteRunner.java:286)
	at org.testng.SuiteRunnerWorker.runSuite(SuiteRunnerWorker.java:53)
	at org.testng.SuiteRunnerWorker.run(SuiteRunnerWorker.java:96)
	at org.testng.TestNG.runSuitesSequentially(TestNG.java:1187)
	at org.testng.TestNG.runSuitesLocally(TestNG.java:1109)
	at org.testng.TestNG.runSuites(TestNG.java:1039)
	at org.testng.TestNG.run(TestNG.java:1007)
	at org.apache.maven.surefire.testng.TestNGExecutor.run(TestNGExecutor.java:136)
	at org.apache.maven.surefire.testng.TestNGDirectoryTestSuite.executeSingleClass(TestNGDirectoryTestSuite.java:112)
	at org.apache.maven.surefire.testng.TestNGDirectoryTestSuite.executeLazy(TestNGDirectoryTestSuite.java:123)
	at org.apache.maven.surefire.testng.TestNGDirectoryTestSuite.execute(TestNGDirectoryTestSuite.java:90)
	at org.apache.maven.surefire.testng.TestNGProvider.invoke(TestNGProvider.java:145)
	at org.apache.maven.surefire.booter.ForkedBooter.runSuitesInProcess(ForkedBooter.java:428)
	at org.apache.maven.surefire.booter.ForkedBooter.execute(ForkedBooter.java:162)
	at org.apache.maven.surefire.booter.ForkedBooter.run(ForkedBooter.java:562)
	at org.apache.maven.surefire.booter.ForkedBooter.main(ForkedBooter.java:548)

org.apache.datasketches.cpc.CpcCBinariesTest.checkEmptyImages  Time elapsed: 0 s  <<< FAILURE!
java.lang.NoClassDefFoundError: Could not initialize class org.apache.datasketches.memory.AllocateDirectWritableMap
	at org.apache.datasketches.memory.BaseWritableMemoryImpl.wrapMap(BaseWritableMemoryImpl.java:98)
	at org.apache.datasketches.memory.Memory.map(Memory.java:119)
	at org.apache.datasketches.memory.Memory.map(Memory.java:97)
	at org.apache.datasketches.cpc.CpcCBinariesTest.checkEmptyImages(CpcCBinariesTest.java:166)
	at java.base/jdk.internal.reflect.NativeMethodAccessorImpl.invoke0(Native Method)
	at java.base/jdk.internal.reflect.NativeMethodAccessorImpl.invoke(NativeMethodAccessorImpl.java:77)
	at java.base/jdk.internal.reflect.DelegatingMethodAccessorImpl.invoke(DelegatingMethodAccessorImpl.java:43)
	at java.base/java.lang.reflect.Method.invoke(Method.java:568)
	at org.testng.internal.MethodInvocationHelper.invokeMethod(MethodInvocationHelper.java:134)
	at org.testng.internal.TestInvoker.invokeMethod(TestInvoker.java:597)
	at org.testng.internal.TestInvoker.invokeTestMethod(TestInvoker.java:173)
	at org.testng.internal.MethodRunner.runInSequence(MethodRunner.java:46)
	at org.testng.internal.TestInvoker$MethodInvocationAgent.invoke(TestInvoker.java:816)
	at org.testng.internal.TestInvoker.invokeTestMethods(TestInvoker.java:146)
	at org.testng.internal.TestMethodWorker.invokeTestMethods(TestMethodWorker.java:146)
	at org.testng.internal.TestMethodWorker.run(TestMethodWorker.java:128)
	at java.base/java.util.ArrayList.forEach(ArrayList.java:1511)
	at org.testng.TestRunner.privateRun(TestRunner.java:766)
	at org.testng.TestRunner.run(TestRunner.java:587)
	at org.testng.SuiteRunner.runTest(SuiteRunner.java:384)
	at org.testng.SuiteRunner.runSequentially(SuiteRunner.java:378)
	at org.testng.SuiteRunner.privateRun(SuiteRunner.java:337)
	at org.testng.SuiteRunner.run(SuiteRunner.java:286)
	at org.testng.SuiteRunnerWorker.runSuite(SuiteRunnerWorker.java:53)
	at org.testng.SuiteRunnerWorker.run(SuiteRunnerWorker.java:96)
	at org.testng.TestNG.runSuitesSequentially(TestNG.java:1187)
	at org.testng.TestNG.runSuitesLocally(TestNG.java:1109)
	at org.testng.TestNG.runSuites(TestNG.java:1039)
	at org.testng.TestNG.run(TestNG.java:1007)
	at org.apache.maven.surefire.testng.TestNGExecutor.run(TestNGExecutor.java:136)
	at org.apache.maven.surefire.testng.TestNGDirectoryTestSuite.executeSingleClass(TestNGDirectoryTestSuite.java:112)
	at org.apache.maven.surefire.testng.TestNGDirectoryTestSuite.executeLazy(TestNGDirectoryTestSuite.java:123)
	at org.apache.maven.surefire.testng.TestNGDirectoryTestSuite.execute(TestNGDirectoryTestSuite.java:90)
	at org.apache.maven.surefire.testng.TestNGProvider.invoke(TestNGProvider.java:145)
	at org.apache.maven.surefire.booter.ForkedBooter.runSuitesInProcess(ForkedBooter.java:428)
	at org.apache.maven.surefire.booter.ForkedBooter.execute(ForkedBooter.java:162)
	at org.apache.maven.surefire.booter.ForkedBooter.run(ForkedBooter.java:562)
	at org.apache.maven.surefire.booter.ForkedBooter.main(ForkedBooter.java:548)
Caused by: java.lang.ExceptionInInitializerError: Exception java.lang.IllegalAccessError: class org.apache.datasketches.memory.AllocateDirectMap (in unnamed module @0x6f29c911) cannot access class sun.nio.ch.FileChannelImpl (in module java.base) because module java.base does not export sun.nio.ch to unnamed module @0x6f29c911 [in thread "main"]
	at org.apache.datasketches.memory.AllocateDirectMap.<clinit>(AllocateDirectMap.java:72)
	at org.apache.datasketches.memory.BaseWritableMemoryImpl.wrapMap(BaseWritableMemoryImpl.java:98)
	at org.apache.datasketches.memory.Memory.map(Memory.java:119)
	at org.apache.datasketches.memory.Memory.map(Memory.java:97)
	at org.apache.datasketches.cpc.CpcCBinariesTest.checkEmptyBin(CpcCBinariesTest.java:46)
	... 34 more

org.apache.datasketches.cpc.CpcCBinariesTest.checkHybridBin  Time elapsed: 0 s  <<< FAILURE!
java.lang.NoClassDefFoundError: Could not initialize class org.apache.datasketches.memory.AllocateDirectWritableMap
	at org.apache.datasketches.memory.BaseWritableMemoryImpl.wrapMap(BaseWritableMemoryImpl.java:98)
	at org.apache.datasketches.memory.Memory.map(Memory.java:119)
	at org.apache.datasketches.memory.Memory.map(Memory.java:97)
	at org.apache.datasketches.cpc.CpcCBinariesTest.checkHybridBin(CpcCBinariesTest.java:86)
	at java.base/jdk.internal.reflect.NativeMethodAccessorImpl.invoke0(Native Method)
	at java.base/jdk.internal.reflect.NativeMethodAccessorImpl.invoke(NativeMethodAccessorImpl.java:77)
	at java.base/jdk.internal.reflect.DelegatingMethodAccessorImpl.invoke(DelegatingMethodAccessorImpl.java:43)
	at java.base/java.lang.reflect.Method.invoke(Method.java:568)
	at org.testng.internal.MethodInvocationHelper.invokeMethod(MethodInvocationHelper.java:134)
	at org.testng.internal.TestInvoker.invokeMethod(TestInvoker.java:597)
	at org.testng.internal.TestInvoker.invokeTestMethod(TestInvoker.java:173)
	at org.testng.internal.MethodRunner.runInSequence(MethodRunner.java:46)
	at org.testng.internal.TestInvoker$MethodInvocationAgent.invoke(TestInvoker.java:816)
	at org.testng.internal.TestInvoker.invokeTestMethods(TestInvoker.java:146)
	at org.testng.internal.TestMethodWorker.invokeTestMethods(TestMethodWorker.java:146)
	at org.testng.internal.TestMethodWorker.run(TestMethodWorker.java:128)
	at java.base/java.util.ArrayList.forEach(ArrayList.java:1511)
	at org.testng.TestRunner.privateRun(TestRunner.java:766)
	at org.testng.TestRunner.run(TestRunner.java:587)
	at org.testng.SuiteRunner.runTest(SuiteRunner.java:384)
	at org.testng.SuiteRunner.runSequentially(SuiteRunner.java:378)
	at org.testng.SuiteRunner.privateRun(SuiteRunner.java:337)
	at org.testng.SuiteRunner.run(SuiteRunner.java:286)
	at org.testng.SuiteRunnerWorker.runSuite(SuiteRunnerWorker.java:53)
	at org.testng.SuiteRunnerWorker.run(SuiteRunnerWorker.java:96)
	at org.testng.TestNG.runSuitesSequentially(TestNG.java:1187)
	at org.testng.TestNG.runSuitesLocally(TestNG.java:1109)
	at org.testng.TestNG.runSuites(TestNG.java:1039)
	at org.testng.TestNG.run(TestNG.java:1007)
	at org.apache.maven.surefire.testng.TestNGExecutor.run(TestNGExecutor.java:136)
	at org.apache.maven.surefire.testng.TestNGDirectoryTestSuite.executeSingleClass(TestNGDirectoryTestSuite.java:112)
	at org.apache.maven.surefire.testng.TestNGDirectoryTestSuite.executeLazy(TestNGDirectoryTestSuite.java:123)
	at org.apache.maven.surefire.testng.TestNGDirectoryTestSuite.execute(TestNGDirectoryTestSuite.java:90)
	at org.apache.maven.surefire.testng.TestNGProvider.invoke(TestNGProvider.java:145)
	at org.apache.maven.surefire.booter.ForkedBooter.runSuitesInProcess(ForkedBooter.java:428)
	at org.apache.maven.surefire.booter.ForkedBooter.execute(ForkedBooter.java:162)
	at org.apache.maven.surefire.booter.ForkedBooter.run(ForkedBooter.java:562)
	at org.apache.maven.surefire.booter.ForkedBooter.main(ForkedBooter.java:548)
Caused by: java.lang.ExceptionInInitializerError: Exception java.lang.IllegalAccessError: class org.apache.datasketches.memory.AllocateDirectMap (in unnamed module @0x6f29c911) cannot access class sun.nio.ch.FileChannelImpl (in module java.base) because module java.base does not export sun.nio.ch to unnamed module @0x6f29c911 [in thread "main"]
	at org.apache.datasketches.memory.AllocateDirectMap.<clinit>(AllocateDirectMap.java:72)
	at org.apache.datasketches.memory.BaseWritableMemoryImpl.wrapMap(BaseWritableMemoryImpl.java:98)
	at org.apache.datasketches.memory.Memory.map(Memory.java:119)
	at org.apache.datasketches.memory.Memory.map(Memory.java:97)
	at org.apache.datasketches.cpc.CpcCBinariesTest.checkEmptyBin(CpcCBinariesTest.java:46)
	... 34 more

org.apache.datasketches.cpc.CpcCBinariesTest.checkHybridImages  Time elapsed: 0.001 s  <<< FAILURE!
java.lang.NoClassDefFoundError: Could not initialize class org.apache.datasketches.memory.AllocateDirectWritableMap
	at org.apache.datasketches.memory.BaseWritableMemoryImpl.wrapMap(BaseWritableMemoryImpl.java:98)
	at org.apache.datasketches.memory.Memory.map(Memory.java:119)
	at org.apache.datasketches.memory.Memory.map(Memory.java:97)
	at org.apache.datasketches.cpc.CpcCBinariesTest.checkHybridImages(CpcCBinariesTest.java:207)
	at java.base/jdk.internal.reflect.NativeMethodAccessorImpl.invoke0(Native Method)
	at java.base/jdk.internal.reflect.NativeMethodAccessorImpl.invoke(NativeMethodAccessorImpl.java:77)
	at java.base/jdk.internal.reflect.DelegatingMethodAccessorImpl.invoke(DelegatingMethodAccessorImpl.java:43)
	at java.base/java.lang.reflect.Method.invoke(Method.java:568)
	at org.testng.internal.MethodInvocationHelper.invokeMethod(MethodInvocationHelper.java:134)
	at org.testng.internal.TestInvoker.invokeMethod(TestInvoker.java:597)
	at org.testng.internal.TestInvoker.invokeTestMethod(TestInvoker.java:173)
	at org.testng.internal.MethodRunner.runInSequence(MethodRunner.java:46)
	at org.testng.internal.TestInvoker$MethodInvocationAgent.invoke(TestInvoker.java:816)
	at org.testng.internal.TestInvoker.invokeTestMethods(TestInvoker.java:146)
	at org.testng.internal.TestMethodWorker.invokeTestMethods(TestMethodWorker.java:146)
	at org.testng.internal.TestMethodWorker.run(TestMethodWorker.java:128)
	at java.base/java.util.ArrayList.forEach(ArrayList.java:1511)
	at org.testng.TestRunner.privateRun(TestRunner.java:766)
	at org.testng.TestRunner.run(TestRunner.java:587)
	at org.testng.SuiteRunner.runTest(SuiteRunner.java:384)
	at org.testng.SuiteRunner.runSequentially(SuiteRunner.java:378)
	at org.testng.SuiteRunner.privateRun(SuiteRunner.java:337)
	at org.testng.SuiteRunner.run(SuiteRunner.java:286)
	at org.testng.SuiteRunnerWorker.runSuite(SuiteRunnerWorker.java:53)
	at org.testng.SuiteRunnerWorker.run(SuiteRunnerWorker.java:96)
	at org.testng.TestNG.runSuitesSequentially(TestNG.java:1187)
	at org.testng.TestNG.runSuitesLocally(TestNG.java:1109)
	at org.testng.TestNG.runSuites(TestNG.java:1039)
	at org.testng.TestNG.run(TestNG.java:1007)
	at org.apache.maven.surefire.testng.TestNGExecutor.run(TestNGExecutor.java:136)
	at org.apache.maven.surefire.testng.TestNGDirectoryTestSuite.executeSingleClass(TestNGDirectoryTestSuite.java:112)
	at org.apache.maven.surefire.testng.TestNGDirectoryTestSuite.executeLazy(TestNGDirectoryTestSuite.java:123)
	at org.apache.maven.surefire.testng.TestNGDirectoryTestSuite.execute(TestNGDirectoryTestSuite.java:90)
	at org.apache.maven.surefire.testng.TestNGProvider.invoke(TestNGProvider.java:145)
	at org.apache.maven.surefire.booter.ForkedBooter.runSuitesInProcess(ForkedBooter.java:428)
	at org.apache.maven.surefire.booter.ForkedBooter.execute(ForkedBooter.java:162)
	at org.apache.maven.surefire.booter.ForkedBooter.run(ForkedBooter.java:562)
	at org.apache.maven.surefire.booter.ForkedBooter.main(ForkedBooter.java:548)
Caused by: java.lang.ExceptionInInitializerError: Exception java.lang.IllegalAccessError: class org.apache.datasketches.memory.AllocateDirectMap (in unnamed module @0x6f29c911) cannot access class sun.nio.ch.FileChannelImpl (in module java.base) because module java.base does not export sun.nio.ch to unnamed module @0x6f29c911 [in thread "main"]
	at org.apache.datasketches.memory.AllocateDirectMap.<clinit>(AllocateDirectMap.java:72)
	at org.apache.datasketches.memory.BaseWritableMemoryImpl.wrapMap(BaseWritableMemoryImpl.java:98)
	at org.apache.datasketches.memory.Memory.map(Memory.java:119)
	at org.apache.datasketches.memory.Memory.map(Memory.java:97)
	at org.apache.datasketches.cpc.CpcCBinariesTest.checkEmptyBin(CpcCBinariesTest.java:46)
	... 34 more

org.apache.datasketches.cpc.CpcCBinariesTest.checkPinnedBin  Time elapsed: 0.001 s  <<< FAILURE!
java.lang.NoClassDefFoundError: Could not initialize class org.apache.datasketches.memory.AllocateDirectWritableMap
	at org.apache.datasketches.memory.BaseWritableMemoryImpl.wrapMap(BaseWritableMemoryImpl.java:98)
	at org.apache.datasketches.memory.Memory.map(Memory.java:119)
	at org.apache.datasketches.memory.Memory.map(Memory.java:97)
	at org.apache.datasketches.cpc.CpcCBinariesTest.checkPinnedBin(CpcCBinariesTest.java:112)
	at java.base/jdk.internal.reflect.NativeMethodAccessorImpl.invoke0(Native Method)
	at java.base/jdk.internal.reflect.NativeMethodAccessorImpl.invoke(NativeMethodAccessorImpl.java:77)
	at java.base/jdk.internal.reflect.DelegatingMethodAccessorImpl.invoke(DelegatingMethodAccessorImpl.java:43)
	at java.base/java.lang.reflect.Method.invoke(Method.java:568)
	at org.testng.internal.MethodInvocationHelper.invokeMethod(MethodInvocationHelper.java:134)
	at org.testng.internal.TestInvoker.invokeMethod(TestInvoker.java:597)
	at org.testng.internal.TestInvoker.invokeTestMethod(TestInvoker.java:173)
	at org.testng.internal.MethodRunner.runInSequence(MethodRunner.java:46)
	at org.testng.internal.TestInvoker$MethodInvocationAgent.invoke(TestInvoker.java:816)
	at org.testng.internal.TestInvoker.invokeTestMethods(TestInvoker.java:146)
	at org.testng.internal.TestMethodWorker.invokeTestMethods(TestMethodWorker.java:146)
	at org.testng.internal.TestMethodWorker.run(TestMethodWorker.java:128)
	at java.base/java.util.ArrayList.forEach(ArrayList.java:1511)
	at org.testng.TestRunner.privateRun(TestRunner.java:766)
	at org.testng.TestRunner.run(TestRunner.java:587)
	at org.testng.SuiteRunner.runTest(SuiteRunner.java:384)
	at org.testng.SuiteRunner.runSequentially(SuiteRunner.java:378)
	at org.testng.SuiteRunner.privateRun(SuiteRunner.java:337)
	at org.testng.SuiteRunner.run(SuiteRunner.java:286)
	at org.testng.SuiteRunnerWorker.runSuite(SuiteRunnerWorker.java:53)
	at org.testng.SuiteRunnerWorker.run(SuiteRunnerWorker.java:96)
	at org.testng.TestNG.runSuitesSequentially(TestNG.java:1187)
	at org.testng.TestNG.runSuitesLocally(TestNG.java:1109)
	at org.testng.TestNG.runSuites(TestNG.java:1039)
	at org.testng.TestNG.run(TestNG.java:1007)
	at org.apache.maven.surefire.testng.TestNGExecutor.run(TestNGExecutor.java:136)
	at org.apache.maven.surefire.testng.TestNGDirectoryTestSuite.executeSingleClass(TestNGDirectoryTestSuite.java:112)
	at org.apache.maven.surefire.testng.TestNGDirectoryTestSuite.executeLazy(TestNGDirectoryTestSuite.java:123)
	at org.apache.maven.surefire.testng.TestNGDirectoryTestSuite.execute(TestNGDirectoryTestSuite.java:90)
	at org.apache.maven.surefire.testng.TestNGProvider.invoke(TestNGProvider.java:145)
	at org.apache.maven.surefire.booter.ForkedBooter.runSuitesInProcess(ForkedBooter.java:428)
	at org.apache.maven.surefire.booter.ForkedBooter.execute(ForkedBooter.java:162)
	at org.apache.maven.surefire.booter.ForkedBooter.run(ForkedBooter.java:562)
	at org.apache.maven.surefire.booter.ForkedBooter.main(ForkedBooter.java:548)
Caused by: java.lang.ExceptionInInitializerError: Exception java.lang.IllegalAccessError: class org.apache.datasketches.memory.AllocateDirectMap (in unnamed module @0x6f29c911) cannot access class sun.nio.ch.FileChannelImpl (in module java.base) because module java.base does not export sun.nio.ch to unnamed module @0x6f29c911 [in thread "main"]
	at org.apache.datasketches.memory.AllocateDirectMap.<clinit>(AllocateDirectMap.java:72)
	at org.apache.datasketches.memory.BaseWritableMemoryImpl.wrapMap(BaseWritableMemoryImpl.java:98)
	at org.apache.datasketches.memory.Memory.map(Memory.java:119)
	at org.apache.datasketches.memory.Memory.map(Memory.java:97)
	at org.apache.datasketches.cpc.CpcCBinariesTest.checkEmptyBin(CpcCBinariesTest.java:46)
	... 34 more

org.apache.datasketches.cpc.CpcCBinariesTest.checkPinnedImages  Time elapsed: 0.001 s  <<< FAILURE!
java.lang.NoClassDefFoundError: Could not initialize class org.apache.datasketches.memory.AllocateDirectWritableMap
	at org.apache.datasketches.memory.BaseWritableMemoryImpl.wrapMap(BaseWritableMemoryImpl.java:98)
	at org.apache.datasketches.memory.Memory.map(Memory.java:119)
	at org.apache.datasketches.memory.Memory.map(Memory.java:97)
	at org.apache.datasketches.cpc.CpcCBinariesTest.checkPinnedImages(CpcCBinariesTest.java:228)
	at java.base/jdk.internal.reflect.NativeMethodAccessorImpl.invoke0(Native Method)
	at java.base/jdk.internal.reflect.NativeMethodAccessorImpl.invoke(NativeMethodAccessorImpl.java:77)
	at java.base/jdk.internal.reflect.DelegatingMethodAccessorImpl.invoke(DelegatingMethodAccessorImpl.java:43)
	at java.base/java.lang.reflect.Method.invoke(Method.java:568)
	at org.testng.internal.MethodInvocationHelper.invokeMethod(MethodInvocationHelper.java:134)
	at org.testng.internal.TestInvoker.invokeMethod(TestInvoker.java:597)
	at org.testng.internal.TestInvoker.invokeTestMethod(TestInvoker.java:173)
	at org.testng.internal.MethodRunner.runInSequence(MethodRunner.java:46)
	at org.testng.internal.TestInvoker$MethodInvocationAgent.invoke(TestInvoker.java:816)
	at org.testng.internal.TestInvoker.invokeTestMethods(TestInvoker.java:146)
	at org.testng.internal.TestMethodWorker.invokeTestMethods(TestMethodWorker.java:146)
	at org.testng.internal.TestMethodWorker.run(TestMethodWorker.java:128)
	at java.base/java.util.ArrayList.forEach(ArrayList.java:1511)
	at org.testng.TestRunner.privateRun(TestRunner.java:766)
	at org.testng.TestRunner.run(TestRunner.java:587)
	at org.testng.SuiteRunner.runTest(SuiteRunner.java:384)
	at org.testng.SuiteRunner.runSequentially(SuiteRunner.java:378)
	at org.testng.SuiteRunner.privateRun(SuiteRunner.java:337)
	at org.testng.SuiteRunner.run(SuiteRunner.java:286)
	at org.testng.SuiteRunnerWorker.runSuite(SuiteRunnerWorker.java:53)
	at org.testng.SuiteRunnerWorker.run(SuiteRunnerWorker.java:96)
	at org.testng.TestNG.runSuitesSequentially(TestNG.java:1187)
	at org.testng.TestNG.runSuitesLocally(TestNG.java:1109)
	at org.testng.TestNG.runSuites(TestNG.java:1039)
	at org.testng.TestNG.run(TestNG.java:1007)
	at org.apache.maven.surefire.testng.TestNGExecutor.run(TestNGExecutor.java:136)
	at org.apache.maven.surefire.testng.TestNGDirectoryTestSuite.executeSingleClass(TestNGDirectoryTestSuite.java:112)
	at org.apache.maven.surefire.testng.TestNGDirectoryTestSuite.executeLazy(TestNGDirectoryTestSuite.java:123)
	at org.apache.maven.surefire.testng.TestNGDirectoryTestSuite.execute(TestNGDirectoryTestSuite.java:90)
	at org.apache.maven.surefire.testng.TestNGProvider.invoke(TestNGProvider.java:145)
	at org.apache.maven.surefire.booter.ForkedBooter.runSuitesInProcess(ForkedBooter.java:428)
	at org.apache.maven.surefire.booter.ForkedBooter.execute(ForkedBooter.java:162)
	at org.apache.maven.surefire.booter.ForkedBooter.run(ForkedBooter.java:562)
	at org.apache.maven.surefire.booter.ForkedBooter.main(ForkedBooter.java:548)
Caused by: java.lang.ExceptionInInitializerError: Exception java.lang.IllegalAccessError: class org.apache.datasketches.memory.AllocateDirectMap (in unnamed module @0x6f29c911) cannot access class sun.nio.ch.FileChannelImpl (in module java.base) because module java.base does not export sun.nio.ch to unnamed module @0x6f29c911 [in thread "main"]
	at org.apache.datasketches.memory.AllocateDirectMap.<clinit>(AllocateDirectMap.java:72)
	at org.apache.datasketches.memory.BaseWritableMemoryImpl.wrapMap(BaseWritableMemoryImpl.java:98)
	at org.apache.datasketches.memory.Memory.map(Memory.java:119)
	at org.apache.datasketches.memory.Memory.map(Memory.java:97)
	at org.apache.datasketches.cpc.CpcCBinariesTest.checkEmptyBin(CpcCBinariesTest.java:46)
	... 34 more

org.apache.datasketches.cpc.CpcCBinariesTest.checkSlidingBin  Time elapsed: 0.001 s  <<< FAILURE!
java.lang.NoClassDefFoundError: Could not initialize class org.apache.datasketches.memory.AllocateDirectWritableMap
	at org.apache.datasketches.memory.BaseWritableMemoryImpl.wrapMap(BaseWritableMemoryImpl.java:98)
	at org.apache.datasketches.memory.Memory.map(Memory.java:119)
	at org.apache.datasketches.memory.Memory.map(Memory.java:97)
	at org.apache.datasketches.cpc.CpcCBinariesTest.checkSlidingBin(CpcCBinariesTest.java:138)
	at java.base/jdk.internal.reflect.NativeMethodAccessorImpl.invoke0(Native Method)
	at java.base/jdk.internal.reflect.NativeMethodAccessorImpl.invoke(NativeMethodAccessorImpl.java:77)
	at java.base/jdk.internal.reflect.DelegatingMethodAccessorImpl.invoke(DelegatingMethodAccessorImpl.java:43)
	at java.base/java.lang.reflect.Method.invoke(Method.java:568)
	at org.testng.internal.MethodInvocationHelper.invokeMethod(MethodInvocationHelper.java:134)
	at org.testng.internal.TestInvoker.invokeMethod(TestInvoker.java:597)
	at org.testng.internal.TestInvoker.invokeTestMethod(TestInvoker.java:173)
	at org.testng.internal.MethodRunner.runInSequence(MethodRunner.java:46)
	at org.testng.internal.TestInvoker$MethodInvocationAgent.invoke(TestInvoker.java:816)
	at org.testng.internal.TestInvoker.invokeTestMethods(TestInvoker.java:146)
	at org.testng.internal.TestMethodWorker.invokeTestMethods(TestMethodWorker.java:146)
	at org.testng.internal.TestMethodWorker.run(TestMethodWorker.java:128)
	at java.base/java.util.ArrayList.forEach(ArrayList.java:1511)
	at org.testng.TestRunner.privateRun(TestRunner.java:766)
	at org.testng.TestRunner.run(TestRunner.java:587)
	at org.testng.SuiteRunner.runTest(SuiteRunner.java:384)
	at org.testng.SuiteRunner.runSequentially(SuiteRunner.java:378)
	at org.testng.SuiteRunner.privateRun(SuiteRunner.java:337)
	at org.testng.SuiteRunner.run(SuiteRunner.java:286)
	at org.testng.SuiteRunnerWorker.runSuite(SuiteRunnerWorker.java:53)
	at org.testng.SuiteRunnerWorker.run(SuiteRunnerWorker.java:96)
	at org.testng.TestNG.runSuitesSequentially(TestNG.java:1187)
	at org.testng.TestNG.runSuitesLocally(TestNG.java:1109)
	at org.testng.TestNG.runSuites(TestNG.java:1039)
	at org.testng.TestNG.run(TestNG.java:1007)
	at org.apache.maven.surefire.testng.TestNGExecutor.run(TestNGExecutor.java:136)
	at org.apache.maven.surefire.testng.TestNGDirectoryTestSuite.executeSingleClass(TestNGDirectoryTestSuite.java:112)
	at org.apache.maven.surefire.testng.TestNGDirectoryTestSuite.executeLazy(TestNGDirectoryTestSuite.java:123)
	at org.apache.maven.surefire.testng.TestNGDirectoryTestSuite.execute(TestNGDirectoryTestSuite.java:90)
	at org.apache.maven.surefire.testng.TestNGProvider.invoke(TestNGProvider.java:145)
	at org.apache.maven.surefire.booter.ForkedBooter.runSuitesInProcess(ForkedBooter.java:428)
	at org.apache.maven.surefire.booter.ForkedBooter.execute(ForkedBooter.java:162)
	at org.apache.maven.surefire.booter.ForkedBooter.run(ForkedBooter.java:562)
	at org.apache.maven.surefire.booter.ForkedBooter.main(ForkedBooter.java:548)
Caused by: java.lang.ExceptionInInitializerError: Exception java.lang.IllegalAccessError: class org.apache.datasketches.memory.AllocateDirectMap (in unnamed module @0x6f29c911) cannot access class sun.nio.ch.FileChannelImpl (in module java.base) because module java.base does not export sun.nio.ch to unnamed module @0x6f29c911 [in thread "main"]
	at org.apache.datasketches.memory.AllocateDirectMap.<clinit>(AllocateDirectMap.java:72)
	at org.apache.datasketches.memory.BaseWritableMemoryImpl.wrapMap(BaseWritableMemoryImpl.java:98)
	at org.apache.datasketches.memory.Memory.map(Memory.java:119)
	at org.apache.datasketches.memory.Memory.map(Memory.java:97)
	at org.apache.datasketches.cpc.CpcCBinariesTest.checkEmptyBin(CpcCBinariesTest.java:46)
	... 34 more

org.apache.datasketches.cpc.CpcCBinariesTest.checkSlidingImages  Time elapsed: 0.01 s  <<< FAILURE!
java.lang.NoClassDefFoundError: Could not initialize class org.apache.datasketches.memory.AllocateDirectWritableMap
	at org.apache.datasketches.memory.BaseWritableMemoryImpl.wrapMap(BaseWritableMemoryImpl.java:98)
	at org.apache.datasketches.memory.Memory.map(Memory.java:119)
	at org.apache.datasketches.memory.Memory.map(Memory.java:97)
	at org.apache.datasketches.cpc.CpcCBinariesTest.checkSlidingImages(CpcCBinariesTest.java:249)
	at java.base/jdk.internal.reflect.NativeMethodAccessorImpl.invoke0(Native Method)
	at java.base/jdk.internal.reflect.NativeMethodAccessorImpl.invoke(NativeMethodAccessorImpl.java:77)
	at java.base/jdk.internal.reflect.DelegatingMethodAccessorImpl.invoke(DelegatingMethodAccessorImpl.java:43)
	at java.base/java.lang.reflect.Method.invoke(Method.java:568)
	at org.testng.internal.MethodInvocationHelper.invokeMethod(MethodInvocationHelper.java:134)
	at org.testng.internal.TestInvoker.invokeMethod(TestInvoker.java:597)
	at org.testng.internal.TestInvoker.invokeTestMethod(TestInvoker.java:173)
	at org.testng.internal.MethodRunner.runInSequence(MethodRunner.java:46)
	at org.testng.internal.TestInvoker$MethodInvocationAgent.invoke(TestInvoker.java:816)
	at org.testng.internal.TestInvoker.invokeTestMethods(TestInvoker.java:146)
	at org.testng.internal.TestMethodWorker.invokeTestMethods(TestMethodWorker.java:146)
	at org.testng.internal.TestMethodWorker.run(TestMethodWorker.java:128)
	at java.base/java.util.ArrayList.forEach(ArrayList.java:1511)
	at org.testng.TestRunner.privateRun(TestRunner.java:766)
	at org.testng.TestRunner.run(TestRunner.java:587)
	at org.testng.SuiteRunner.runTest(SuiteRunner.java:384)
	at org.testng.SuiteRunner.runSequentially(SuiteRunner.java:378)
	at org.testng.SuiteRunner.privateRun(SuiteRunner.java:337)
	at org.testng.SuiteRunner.run(SuiteRunner.java:286)
	at org.testng.SuiteRunnerWorker.runSuite(SuiteRunnerWorker.java:53)
	at org.testng.SuiteRunnerWorker.run(SuiteRunnerWorker.java:96)
	at org.testng.TestNG.runSuitesSequentially(TestNG.java:1187)
	at org.testng.TestNG.runSuitesLocally(TestNG.java:1109)
	at org.testng.TestNG.runSuites(TestNG.java:1039)
	at org.testng.TestNG.run(TestNG.java:1007)
	at org.apache.maven.surefire.testng.TestNGExecutor.run(TestNGExecutor.java:136)
	at org.apache.maven.surefire.testng.TestNGDirectoryTestSuite.executeSingleClass(TestNGDirectoryTestSuite.java:112)
	at org.apache.maven.surefire.testng.TestNGDirectoryTestSuite.executeLazy(TestNGDirectoryTestSuite.java:123)
	at org.apache.maven.surefire.testng.TestNGDirectoryTestSuite.execute(TestNGDirectoryTestSuite.java:90)
	at org.apache.maven.surefire.testng.TestNGProvider.invoke(TestNGProvider.java:145)
	at org.apache.maven.surefire.booter.ForkedBooter.runSuitesInProcess(ForkedBooter.java:428)
	at org.apache.maven.surefire.booter.ForkedBooter.execute(ForkedBooter.java:162)
	at org.apache.maven.surefire.booter.ForkedBooter.run(ForkedBooter.java:562)
	at org.apache.maven.surefire.booter.ForkedBooter.main(ForkedBooter.java:548)
Caused by: java.lang.ExceptionInInitializerError: Exception java.lang.IllegalAccessError: class org.apache.datasketches.memory.AllocateDirectMap (in unnamed module @0x6f29c911) cannot access class sun.nio.ch.FileChannelImpl (in module java.base) because module java.base does not export sun.nio.ch to unnamed module @0x6f29c911 [in thread "main"]
	at org.apache.datasketches.memory.AllocateDirectMap.<clinit>(AllocateDirectMap.java:72)
	at org.apache.datasketches.memory.BaseWritableMemoryImpl.wrapMap(BaseWritableMemoryImpl.java:98)
	at org.apache.datasketches.memory.Memory.map(Memory.java:119)
	at org.apache.datasketches.memory.Memory.map(Memory.java:97)
	at org.apache.datasketches.cpc.CpcCBinariesTest.checkEmptyBin(CpcCBinariesTest.java:46)
	... 34 more

org.apache.datasketches.cpc.CpcCBinariesTest.checkSparseBin  Time elapsed: 0.001 s  <<< FAILURE!
java.lang.NoClassDefFoundError: Could not initialize class org.apache.datasketches.memory.AllocateDirectWritableMap
	at org.apache.datasketches.memory.BaseWritableMemoryImpl.wrapMap(BaseWritableMemoryImpl.java:98)
	at org.apache.datasketches.memory.Memory.map(Memory.java:119)
	at org.apache.datasketches.memory.Memory.map(Memory.java:97)
	at org.apache.datasketches.cpc.CpcCBinariesTest.checkSparseBin(CpcCBinariesTest.java:60)
	at java.base/jdk.internal.reflect.NativeMethodAccessorImpl.invoke0(Native Method)
	at java.base/jdk.internal.reflect.NativeMethodAccessorImpl.invoke(NativeMethodAccessorImpl.java:77)
	at java.base/jdk.internal.reflect.DelegatingMethodAccessorImpl.invoke(DelegatingMethodAccessorImpl.java:43)
	at java.base/java.lang.reflect.Method.invoke(Method.java:568)
	at org.testng.internal.MethodInvocationHelper.invokeMethod(MethodInvocationHelper.java:134)
	at org.testng.internal.TestInvoker.invokeMethod(TestInvoker.java:597)
	at org.testng.internal.TestInvoker.invokeTestMethod(TestInvoker.java:173)
	at org.testng.internal.MethodRunner.runInSequence(MethodRunner.java:46)
	at org.testng.internal.TestInvoker$MethodInvocationAgent.invoke(TestInvoker.java:816)
	at org.testng.internal.TestInvoker.invokeTestMethods(TestInvoker.java:146)
	at org.testng.internal.TestMethodWorker.invokeTestMethods(TestMethodWorker.java:146)
	at org.testng.internal.TestMethodWorker.run(TestMethodWorker.java:128)
	at java.base/java.util.ArrayList.forEach(ArrayList.java:1511)
	at org.testng.TestRunner.privateRun(TestRunner.java:766)
	at org.testng.TestRunner.run(TestRunner.java:587)
	at org.testng.SuiteRunner.runTest(SuiteRunner.java:384)
	at org.testng.SuiteRunner.runSequentially(SuiteRunner.java:378)
	at org.testng.SuiteRunner.privateRun(SuiteRunner.java:337)
	at org.testng.SuiteRunner.run(SuiteRunner.java:286)
	at org.testng.SuiteRunnerWorker.runSuite(SuiteRunnerWorker.java:53)
	at org.testng.SuiteRunnerWorker.run(SuiteRunnerWorker.java:96)
	at org.testng.TestNG.runSuitesSequentially(TestNG.java:1187)
	at org.testng.TestNG.runSuitesLocally(TestNG.java:1109)
	at org.testng.TestNG.runSuites(TestNG.java:1039)
	at org.testng.TestNG.run(TestNG.java:1007)
	at org.apache.maven.surefire.testng.TestNGExecutor.run(TestNGExecutor.java:136)
	at org.apache.maven.surefire.testng.TestNGDirectoryTestSuite.executeSingleClass(TestNGDirectoryTestSuite.java:112)
	at org.apache.maven.surefire.testng.TestNGDirectoryTestSuite.executeLazy(TestNGDirectoryTestSuite.java:123)
	at org.apache.maven.surefire.testng.TestNGDirectoryTestSuite.execute(TestNGDirectoryTestSuite.java:90)
	at org.apache.maven.surefire.testng.TestNGProvider.invoke(TestNGProvider.java:145)
	at org.apache.maven.surefire.booter.ForkedBooter.runSuitesInProcess(ForkedBooter.java:428)
	at org.apache.maven.surefire.booter.ForkedBooter.execute(ForkedBooter.java:162)
	at org.apache.maven.surefire.booter.ForkedBooter.run(ForkedBooter.java:562)
	at org.apache.maven.surefire.booter.ForkedBooter.main(ForkedBooter.java:548)
Caused by: java.lang.ExceptionInInitializerError: Exception java.lang.IllegalAccessError: class org.apache.datasketches.memory.AllocateDirectMap (in unnamed module @0x6f29c911) cannot access class sun.nio.ch.FileChannelImpl (in module java.base) because module java.base does not export sun.nio.ch to unnamed module @0x6f29c911 [in thread "main"]
	at org.apache.datasketches.memory.AllocateDirectMap.<clinit>(AllocateDirectMap.java:72)
	at org.apache.datasketches.memory.BaseWritableMemoryImpl.wrapMap(BaseWritableMemoryImpl.java:98)
	at org.apache.datasketches.memory.Memory.map(Memory.java:119)
	at org.apache.datasketches.memory.Memory.map(Memory.java:97)
	at org.apache.datasketches.cpc.CpcCBinariesTest.checkEmptyBin(CpcCBinariesTest.java:46)
	... 34 more

org.apache.datasketches.cpc.CpcCBinariesTest.checkSparseImages  Time elapsed: 0 s  <<< FAILURE!
java.lang.NoClassDefFoundError: Could not initialize class org.apache.datasketches.memory.AllocateDirectWritableMap
	at org.apache.datasketches.memory.BaseWritableMemoryImpl.wrapMap(BaseWritableMemoryImpl.java:98)
	at org.apache.datasketches.memory.Memory.map(Memory.java:119)
	at org.apache.datasketches.memory.Memory.map(Memory.java:97)
	at org.apache.datasketches.cpc.CpcCBinariesTest.checkSparseImages(CpcCBinariesTest.java:186)
	at java.base/jdk.internal.reflect.NativeMethodAccessorImpl.invoke0(Native Method)
	at java.base/jdk.internal.reflect.NativeMethodAccessorImpl.invoke(NativeMethodAccessorImpl.java:77)
	at java.base/jdk.internal.reflect.DelegatingMethodAccessorImpl.invoke(DelegatingMethodAccessorImpl.java:43)
	at java.base/java.lang.reflect.Method.invoke(Method.java:568)
	at org.testng.internal.MethodInvocationHelper.invokeMethod(MethodInvocationHelper.java:134)
	at org.testng.internal.TestInvoker.invokeMethod(TestInvoker.java:597)
	at org.testng.internal.TestInvoker.invokeTestMethod(TestInvoker.java:173)
	at org.testng.internal.MethodRunner.runInSequence(MethodRunner.java:46)
	at org.testng.internal.TestInvoker$MethodInvocationAgent.invoke(TestInvoker.java:816)
	at org.testng.internal.TestInvoker.invokeTestMethods(TestInvoker.java:146)
	at org.testng.internal.TestMethodWorker.invokeTestMethods(TestMethodWorker.java:146)
	at org.testng.internal.TestMethodWorker.run(TestMethodWorker.java:128)
	at java.base/java.util.ArrayList.forEach(ArrayList.java:1511)
	at org.testng.TestRunner.privateRun(TestRunner.java:766)
	at org.testng.TestRunner.run(TestRunner.java:587)
	at org.testng.SuiteRunner.runTest(SuiteRunner.java:384)
	at org.testng.SuiteRunner.runSequentially(SuiteRunner.java:378)
	at org.testng.SuiteRunner.privateRun(SuiteRunner.java:337)
	at org.testng.SuiteRunner.run(SuiteRunner.java:286)
	at org.testng.SuiteRunnerWorker.runSuite(SuiteRunnerWorker.java:53)
	at org.testng.SuiteRunnerWorker.run(SuiteRunnerWorker.java:96)
	at org.testng.TestNG.runSuitesSequentially(TestNG.java:1187)
	at org.testng.TestNG.runSuitesLocally(TestNG.java:1109)
	at org.testng.TestNG.runSuites(TestNG.java:1039)
	at org.testng.TestNG.run(TestNG.java:1007)
	at org.apache.maven.surefire.testng.TestNGExecutor.run(TestNGExecutor.java:136)
	at org.apache.maven.surefire.testng.TestNGDirectoryTestSuite.executeSingleClass(TestNGDirectoryTestSuite.java:112)
	at org.apache.maven.surefire.testng.TestNGDirectoryTestSuite.executeLazy(TestNGDirectoryTestSuite.java:123)
	at org.apache.maven.surefire.testng.TestNGDirectoryTestSuite.execute(TestNGDirectoryTestSuite.java:90)
	at org.apache.maven.surefire.testng.TestNGProvider.invoke(TestNGProvider.java:145)
	at org.apache.maven.surefire.booter.ForkedBooter.runSuitesInProcess(ForkedBooter.java:428)
	at org.apache.maven.surefire.booter.ForkedBooter.execute(ForkedBooter.java:162)
	at org.apache.maven.surefire.booter.ForkedBooter.run(ForkedBooter.java:562)
	at org.apache.maven.surefire.booter.ForkedBooter.main(ForkedBooter.java:548)
Caused by: java.lang.ExceptionInInitializerError: Exception java.lang.IllegalAccessError: class org.apache.datasketches.memory.AllocateDirectMap (in unnamed module @0x6f29c911) cannot access class sun.nio.ch.FileChannelImpl (in module java.base) because module java.base does not export sun.nio.ch to unnamed module @0x6f29c911 [in thread "main"]
	at org.apache.datasketches.memory.AllocateDirectMap.<clinit>(AllocateDirectMap.java:72)
	at org.apache.datasketches.memory.BaseWritableMemoryImpl.wrapMap(BaseWritableMemoryImpl.java:98)
	at org.apache.datasketches.memory.Memory.map(Memory.java:119)
	at org.apache.datasketches.memory.Memory.map(Memory.java:97)
	at org.apache.datasketches.cpc.CpcCBinariesTest.checkEmptyBin(CpcCBinariesTest.java:46)
	... 34 more

-------------------------------------------------------------------------------
Test set: org.apache.datasketches.cpc.SpecialCBinariesTest
-------------------------------------------------------------------------------
Tests run: 2, Failures: 1, Errors: 0, Skipped: 0, Time elapsed: 0.029 s <<< FAILURE! - in org.apache.datasketches.cpc.SpecialCBinariesTest
org.apache.datasketches.cpc.SpecialCBinariesTest.checkCpc10mBin  Time elapsed: 0.001 s  <<< FAILURE!
java.lang.NoClassDefFoundError: Could not initialize class org.apache.datasketches.memory.AllocateDirectWritableMap
	at org.apache.datasketches.memory.BaseWritableMemoryImpl.wrapMap(BaseWritableMemoryImpl.java:98)
	at org.apache.datasketches.memory.Memory.map(Memory.java:119)
	at org.apache.datasketches.memory.Memory.map(Memory.java:97)
	at org.apache.datasketches.cpc.SpecialCBinariesTest.checkCpc10mBin(SpecialCBinariesTest.java:51)
	at java.base/jdk.internal.reflect.NativeMethodAccessorImpl.invoke0(Native Method)
	at java.base/jdk.internal.reflect.NativeMethodAccessorImpl.invoke(NativeMethodAccessorImpl.java:77)
	at java.base/jdk.internal.reflect.DelegatingMethodAccessorImpl.invoke(DelegatingMethodAccessorImpl.java:43)
	at java.base/java.lang.reflect.Method.invoke(Method.java:568)
	at org.testng.internal.MethodInvocationHelper.invokeMethod(MethodInvocationHelper.java:134)
	at org.testng.internal.TestInvoker.invokeMethod(TestInvoker.java:597)
	at org.testng.internal.TestInvoker.invokeTestMethod(TestInvoker.java:173)
	at org.testng.internal.MethodRunner.runInSequence(MethodRunner.java:46)
	at org.testng.internal.TestInvoker$MethodInvocationAgent.invoke(TestInvoker.java:816)
	at org.testng.internal.TestInvoker.invokeTestMethods(TestInvoker.java:146)
	at org.testng.internal.TestMethodWorker.invokeTestMethods(TestMethodWorker.java:146)
	at org.testng.internal.TestMethodWorker.run(TestMethodWorker.java:128)
	at java.base/java.util.ArrayList.forEach(ArrayList.java:1511)
	at org.testng.TestRunner.privateRun(TestRunner.java:766)
	at org.testng.TestRunner.run(TestRunner.java:587)
	at org.testng.SuiteRunner.runTest(SuiteRunner.java:384)
	at org.testng.SuiteRunner.runSequentially(SuiteRunner.java:378)
	at org.testng.SuiteRunner.privateRun(SuiteRunner.java:337)
	at org.testng.SuiteRunner.run(SuiteRunner.java:286)
	at org.testng.SuiteRunnerWorker.runSuite(SuiteRunnerWorker.java:53)
	at org.testng.SuiteRunnerWorker.run(SuiteRunnerWorker.java:96)
	at org.testng.TestNG.runSuitesSequentially(TestNG.java:1187)
	at org.testng.TestNG.runSuitesLocally(TestNG.java:1109)
	at org.testng.TestNG.runSuites(TestNG.java:1039)
	at org.testng.TestNG.run(TestNG.java:1007)
	at org.apache.maven.surefire.testng.TestNGExecutor.run(TestNGExecutor.java:136)
	at org.apache.maven.surefire.testng.TestNGDirectoryTestSuite.executeSingleClass(TestNGDirectoryTestSuite.java:112)
	at org.apache.maven.surefire.testng.TestNGDirectoryTestSuite.executeLazy(TestNGDirectoryTestSuite.java:123)
	at org.apache.maven.surefire.testng.TestNGDirectoryTestSuite.execute(TestNGDirectoryTestSuite.java:90)
	at org.apache.maven.surefire.testng.TestNGProvider.invoke(TestNGProvider.java:145)
	at org.apache.maven.surefire.booter.ForkedBooter.runSuitesInProcess(ForkedBooter.java:428)
	at org.apache.maven.surefire.booter.ForkedBooter.execute(ForkedBooter.java:162)
	at org.apache.maven.surefire.booter.ForkedBooter.run(ForkedBooter.java:562)
	at org.apache.maven.surefire.booter.ForkedBooter.main(ForkedBooter.java:548)
Caused by: java.lang.ExceptionInInitializerError: Exception java.lang.IllegalAccessError: class org.apache.datasketches.memory.AllocateDirectMap (in unnamed module @0x6f29c911) cannot access class sun.nio.ch.FileChannelImpl (in module java.base) because module java.base does not export sun.nio.ch to unnamed module @0x6f29c911 [in thread "main"]
	at org.apache.datasketches.memory.AllocateDirectMap.<clinit>(AllocateDirectMap.java:72)
	at org.apache.datasketches.memory.BaseWritableMemoryImpl.wrapMap(BaseWritableMemoryImpl.java:98)
	at org.apache.datasketches.memory.Memory.map(Memory.java:119)
	at org.apache.datasketches.memory.Memory.map(Memory.java:97)
	at org.apache.datasketches.cpc.CpcCBinariesTest.checkEmptyBin(CpcCBinariesTest.java:46)
	... 34 more

-------------------------------------------------------------------------------
Test set: org.apache.datasketches.hll.DirectAuxHashMapTest
-------------------------------------------------------------------------------
Tests run: 5, Failures: 1, Errors: 0, Skipped: 0, Time elapsed: 0.462 s <<< FAILURE! - in org.apache.datasketches.hll.DirectAuxHashMapTest
org.apache.datasketches.hll.DirectAuxHashMapTest.checkGrow  Time elapsed: 0.019 s  <<< FAILURE!
java.lang.ExceptionInInitializerError
	at org.apache.datasketches.memory.AllocateDirect.<init>(AllocateDirect.java:51)
	at org.apache.datasketches.memory.BaseWritableMemoryImpl.wrapDirect(BaseWritableMemoryImpl.java:120)
	at org.apache.datasketches.memory.WritableMemory.allocateDirect(WritableMemory.java:160)
	at org.apache.datasketches.memory.WritableMemory.allocateDirect(WritableMemory.java:139)
	at org.apache.datasketches.hll.DirectAuxHashMapTest.checkGrow(DirectAuxHashMapTest.java:52)
	at java.base/jdk.internal.reflect.NativeMethodAccessorImpl.invoke0(Native Method)
	at java.base/jdk.internal.reflect.NativeMethodAccessorImpl.invoke(NativeMethodAccessorImpl.java:77)
	at java.base/jdk.internal.reflect.DelegatingMethodAccessorImpl.invoke(DelegatingMethodAccessorImpl.java:43)
	at java.base/java.lang.reflect.Method.invoke(Method.java:568)
	at org.testng.internal.MethodInvocationHelper.invokeMethod(MethodInvocationHelper.java:134)
	at org.testng.internal.TestInvoker.invokeMethod(TestInvoker.java:597)
	at org.testng.internal.TestInvoker.invokeTestMethod(TestInvoker.java:173)
	at org.testng.internal.MethodRunner.runInSequence(MethodRunner.java:46)
	at org.testng.internal.TestInvoker$MethodInvocationAgent.invoke(TestInvoker.java:816)
	at org.testng.internal.TestInvoker.invokeTestMethods(TestInvoker.java:146)
	at org.testng.internal.TestMethodWorker.invokeTestMethods(TestMethodWorker.java:146)
	at org.testng.internal.TestMethodWorker.run(TestMethodWorker.java:128)
	at java.base/java.util.ArrayList.forEach(ArrayList.java:1511)
	at org.testng.TestRunner.privateRun(TestRunner.java:766)
	at org.testng.TestRunner.run(TestRunner.java:587)
	at org.testng.SuiteRunner.runTest(SuiteRunner.java:384)
	at org.testng.SuiteRunner.runSequentially(SuiteRunner.java:378)
	at org.testng.SuiteRunner.privateRun(SuiteRunner.java:337)
	at org.testng.SuiteRunner.run(SuiteRunner.java:286)
	at org.testng.SuiteRunnerWorker.runSuite(SuiteRunnerWorker.java:53)
	at org.testng.SuiteRunnerWorker.run(SuiteRunnerWorker.java:96)
	at org.testng.TestNG.runSuitesSequentially(TestNG.java:1187)
	at org.testng.TestNG.runSuitesLocally(TestNG.java:1109)
	at org.testng.TestNG.runSuites(TestNG.java:1039)
	at org.testng.TestNG.run(TestNG.java:1007)
	at org.apache.maven.surefire.testng.TestNGExecutor.run(TestNGExecutor.java:136)
	at org.apache.maven.surefire.testng.TestNGDirectoryTestSuite.executeSingleClass(TestNGDirectoryTestSuite.java:112)
	at org.apache.maven.surefire.testng.TestNGDirectoryTestSuite.executeLazy(TestNGDirectoryTestSuite.java:123)
	at org.apache.maven.surefire.testng.TestNGDirectoryTestSuite.execute(TestNGDirectoryTestSuite.java:90)
	at org.apache.maven.surefire.testng.TestNGProvider.invoke(TestNGProvider.java:145)
	at org.apache.maven.surefire.booter.ForkedBooter.runSuitesInProcess(ForkedBooter.java:428)
	at org.apache.maven.surefire.booter.ForkedBooter.execute(ForkedBooter.java:162)
	at org.apache.maven.surefire.booter.ForkedBooter.run(ForkedBooter.java:562)
	at org.apache.maven.surefire.booter.ForkedBooter.main(ForkedBooter.java:548)
Caused by: java.lang.RuntimeException: Could not acquire java.nio.Bits class: class java.lang.ClassNotFoundException
	at org.apache.datasketches.memory.NioBits.<clinit>(NioBits.java:88)
	... 39 more

-------------------------------------------------------------------------------
Test set: org.apache.datasketches.hll.DirectCouponListTest
-------------------------------------------------------------------------------
Tests run: 6, Failures: 1, Errors: 0, Skipped: 0, Time elapsed: 0.032 s <<< FAILURE! - in org.apache.datasketches.hll.DirectCouponListTest
org.apache.datasketches.hll.DirectCouponListTest.promotionTests  Time elapsed: 0 s  <<< FAILURE!
java.lang.NoClassDefFoundError: Could not initialize class org.apache.datasketches.memory.NioBits
	at org.apache.datasketches.memory.AllocateDirect.<init>(AllocateDirect.java:51)
	at org.apache.datasketches.memory.BaseWritableMemoryImpl.wrapDirect(BaseWritableMemoryImpl.java:120)
	at org.apache.datasketches.memory.WritableMemory.allocateDirect(WritableMemory.java:160)
	at org.apache.datasketches.memory.WritableMemory.allocateDirect(WritableMemory.java:139)
	at org.apache.datasketches.hll.DirectCouponListTest.promotions(DirectCouponListTest.java:74)
	at org.apache.datasketches.hll.DirectCouponListTest.promotionTests(DirectCouponListTest.java:43)
	at java.base/jdk.internal.reflect.NativeMethodAccessorImpl.invoke0(Native Method)
	at java.base/jdk.internal.reflect.NativeMethodAccessorImpl.invoke(NativeMethodAccessorImpl.java:77)
	at java.base/jdk.internal.reflect.DelegatingMethodAccessorImpl.invoke(DelegatingMethodAccessorImpl.java:43)
	at java.base/java.lang.reflect.Method.invoke(Method.java:568)
	at org.testng.internal.MethodInvocationHelper.invokeMethod(MethodInvocationHelper.java:134)
	at org.testng.internal.TestInvoker.invokeMethod(TestInvoker.java:597)
	at org.testng.internal.TestInvoker.invokeTestMethod(TestInvoker.java:173)
	at org.testng.internal.MethodRunner.runInSequence(MethodRunner.java:46)
	at org.testng.internal.TestInvoker$MethodInvocationAgent.invoke(TestInvoker.java:816)
	at org.testng.internal.TestInvoker.invokeTestMethods(TestInvoker.java:146)
	at org.testng.internal.TestMethodWorker.invokeTestMethods(TestMethodWorker.java:146)
	at org.testng.internal.TestMethodWorker.run(TestMethodWorker.java:128)
	at java.base/java.util.ArrayList.forEach(ArrayList.java:1511)
	at org.testng.TestRunner.privateRun(TestRunner.java:766)
	at org.testng.TestRunner.run(TestRunner.java:587)
	at org.testng.SuiteRunner.runTest(SuiteRunner.java:384)
	at org.testng.SuiteRunner.runSequentially(SuiteRunner.java:378)
	at org.testng.SuiteRunner.privateRun(SuiteRunner.java:337)
	at org.testng.SuiteRunner.run(SuiteRunner.java:286)
	at org.testng.SuiteRunnerWorker.runSuite(SuiteRunnerWorker.java:53)
	at org.testng.SuiteRunnerWorker.run(SuiteRunnerWorker.java:96)
	at org.testng.TestNG.runSuitesSequentially(TestNG.java:1187)
	at org.testng.TestNG.runSuitesLocally(TestNG.java:1109)
	at org.testng.TestNG.runSuites(TestNG.java:1039)
	at org.testng.TestNG.run(TestNG.java:1007)
	at org.apache.maven.surefire.testng.TestNGExecutor.run(TestNGExecutor.java:136)
	at org.apache.maven.surefire.testng.TestNGDirectoryTestSuite.executeSingleClass(TestNGDirectoryTestSuite.java:112)
	at org.apache.maven.surefire.testng.TestNGDirectoryTestSuite.executeLazy(TestNGDirectoryTestSuite.java:123)
	at org.apache.maven.surefire.testng.TestNGDirectoryTestSuite.execute(TestNGDirectoryTestSuite.java:90)
	at org.apache.maven.surefire.testng.TestNGProvider.invoke(TestNGProvider.java:145)
	at org.apache.maven.surefire.booter.ForkedBooter.runSuitesInProcess(ForkedBooter.java:428)
	at org.apache.maven.surefire.booter.ForkedBooter.execute(ForkedBooter.java:162)
	at org.apache.maven.surefire.booter.ForkedBooter.run(ForkedBooter.java:562)
	at org.apache.maven.surefire.booter.ForkedBooter.main(ForkedBooter.java:548)
Caused by: java.lang.ExceptionInInitializerError: Exception java.lang.RuntimeException: Could not acquire java.nio.Bits class: class java.lang.ClassNotFoundException [in thread "main"]
	at org.apache.datasketches.memory.NioBits.<clinit>(NioBits.java:88)
	at org.apache.datasketches.memory.AllocateDirect.<init>(AllocateDirect.java:51)
	at org.apache.datasketches.memory.BaseWritableMemoryImpl.wrapDirect(BaseWritableMemoryImpl.java:120)
	at org.apache.datasketches.memory.WritableMemory.allocateDirect(WritableMemory.java:160)
	at org.apache.datasketches.memory.WritableMemory.allocateDirect(WritableMemory.java:139)
	at org.apache.datasketches.hll.DirectAuxHashMapTest.checkGrow(DirectAuxHashMapTest.java:52)
	... 34 more

-------------------------------------------------------------------------------
Test set: org.apache.datasketches.quantiles.DebugUnionTest
-------------------------------------------------------------------------------
Tests run: 2, Failures: 1, Errors: 0, Skipped: 0, Time elapsed: 0.121 s <<< FAILURE! - in org.apache.datasketches.quantiles.DebugUnionTest
org.apache.datasketches.quantiles.DebugUnionTest.test  Time elapsed: 0.109 s  <<< FAILURE!
java.lang.NoClassDefFoundError: Could not initialize class org.apache.datasketches.memory.NioBits
	at org.apache.datasketches.memory.AllocateDirect.<init>(AllocateDirect.java:51)
	at org.apache.datasketches.memory.BaseWritableMemoryImpl.wrapDirect(BaseWritableMemoryImpl.java:120)
	at org.apache.datasketches.memory.WritableMemory.allocateDirect(WritableMemory.java:160)
	at org.apache.datasketches.memory.WritableMemory.allocateDirect(WritableMemory.java:139)
	at org.apache.datasketches.quantiles.DebugUnionTest.test(DebugUnionTest.java:65)
	at java.base/jdk.internal.reflect.NativeMethodAccessorImpl.invoke0(Native Method)
	at java.base/jdk.internal.reflect.NativeMethodAccessorImpl.invoke(NativeMethodAccessorImpl.java:77)
	at java.base/jdk.internal.reflect.DelegatingMethodAccessorImpl.invoke(DelegatingMethodAccessorImpl.java:43)
	at java.base/java.lang.reflect.Method.invoke(Method.java:568)
	at org.testng.internal.MethodInvocationHelper.invokeMethod(MethodInvocationHelper.java:134)
	at org.testng.internal.TestInvoker.invokeMethod(TestInvoker.java:597)
	at org.testng.internal.TestInvoker.invokeTestMethod(TestInvoker.java:173)
	at org.testng.internal.MethodRunner.runInSequence(MethodRunner.java:46)
	at org.testng.internal.TestInvoker$MethodInvocationAgent.invoke(TestInvoker.java:816)
	at org.testng.internal.TestInvoker.invokeTestMethods(TestInvoker.java:146)
	at org.testng.internal.TestMethodWorker.invokeTestMethods(TestMethodWorker.java:146)
	at org.testng.internal.TestMethodWorker.run(TestMethodWorker.java:128)
	at java.base/java.util.ArrayList.forEach(ArrayList.java:1511)
	at org.testng.TestRunner.privateRun(TestRunner.java:766)
	at org.testng.TestRunner.run(TestRunner.java:587)
	at org.testng.SuiteRunner.runTest(SuiteRunner.java:384)
	at org.testng.SuiteRunner.runSequentially(SuiteRunner.java:378)
	at org.testng.SuiteRunner.privateRun(SuiteRunner.java:337)
	at org.testng.SuiteRunner.run(SuiteRunner.java:286)
	at org.testng.SuiteRunnerWorker.runSuite(SuiteRunnerWorker.java:53)
	at org.testng.SuiteRunnerWorker.run(SuiteRunnerWorker.java:96)
	at org.testng.TestNG.runSuitesSequentially(TestNG.java:1187)
	at org.testng.TestNG.runSuitesLocally(TestNG.java:1109)
	at org.testng.TestNG.runSuites(TestNG.java:1039)
	at org.testng.TestNG.run(TestNG.java:1007)
	at org.apache.maven.surefire.testng.TestNGExecutor.run(TestNGExecutor.java:136)
	at org.apache.maven.surefire.testng.TestNGDirectoryTestSuite.executeSingleClass(TestNGDirectoryTestSuite.java:112)
	at org.apache.maven.surefire.testng.TestNGDirectoryTestSuite.executeLazy(TestNGDirectoryTestSuite.java:123)
	at org.apache.maven.surefire.testng.TestNGDirectoryTestSuite.execute(TestNGDirectoryTestSuite.java:90)
	at org.apache.maven.surefire.testng.TestNGProvider.invoke(TestNGProvider.java:145)
	at org.apache.maven.surefire.booter.ForkedBooter.runSuitesInProcess(ForkedBooter.java:428)
	at org.apache.maven.surefire.booter.ForkedBooter.execute(ForkedBooter.java:162)
	at org.apache.maven.surefire.booter.ForkedBooter.run(ForkedBooter.java:562)
	at org.apache.maven.surefire.booter.ForkedBooter.main(ForkedBooter.java:548)
Caused by: java.lang.ExceptionInInitializerError: Exception java.lang.RuntimeException: Could not acquire java.nio.Bits class: class java.lang.ClassNotFoundException [in thread "main"]
	at org.apache.datasketches.memory.NioBits.<clinit>(NioBits.java:88)
	at org.apache.datasketches.memory.AllocateDirect.<init>(AllocateDirect.java:51)
	at org.apache.datasketches.memory.BaseWritableMemoryImpl.wrapDirect(BaseWritableMemoryImpl.java:120)
	at org.apache.datasketches.memory.WritableMemory.allocateDirect(WritableMemory.java:160)
	at org.apache.datasketches.memory.WritableMemory.allocateDirect(WritableMemory.java:139)
	at org.apache.datasketches.hll.DirectAuxHashMapTest.checkGrow(DirectAuxHashMapTest.java:52)
	... 34 more

-------------------------------------------------------------------------------
Test set: org.apache.datasketches.quantiles.DirectQuantilesMemoryRequestTest
-------------------------------------------------------------------------------
Tests run: 5, Failures: 4, Errors: 0, Skipped: 0, Time elapsed: 0.019 s <<< FAILURE! - in org.apache.datasketches.quantiles.DirectQuantilesMemoryRequestTest
org.apache.datasketches.quantiles.DirectQuantilesMemoryRequestTest.checkGrowBaseBuf  Time elapsed: 0 s  <<< FAILURE!
java.lang.NoClassDefFoundError: Could not initialize class org.apache.datasketches.memory.NioBits
	at org.apache.datasketches.memory.AllocateDirect.<init>(AllocateDirect.java:51)
	at org.apache.datasketches.memory.BaseWritableMemoryImpl.wrapDirect(BaseWritableMemoryImpl.java:120)
	at org.apache.datasketches.memory.WritableMemory.allocateDirect(WritableMemory.java:160)
	at org.apache.datasketches.memory.WritableMemory.allocateDirect(WritableMemory.java:139)
	at org.apache.datasketches.quantiles.DirectQuantilesMemoryRequestTest.checkGrowBaseBuf(DirectQuantilesMemoryRequestTest.java:82)
	at java.base/jdk.internal.reflect.NativeMethodAccessorImpl.invoke0(Native Method)
	at java.base/jdk.internal.reflect.NativeMethodAccessorImpl.invoke(NativeMethodAccessorImpl.java:77)
	at java.base/jdk.internal.reflect.DelegatingMethodAccessorImpl.invoke(DelegatingMethodAccessorImpl.java:43)
	at java.base/java.lang.reflect.Method.invoke(Method.java:568)
	at org.testng.internal.MethodInvocationHelper.invokeMethod(MethodInvocationHelper.java:134)
	at org.testng.internal.TestInvoker.invokeMethod(TestInvoker.java:597)
	at org.testng.internal.TestInvoker.invokeTestMethod(TestInvoker.java:173)
	at org.testng.internal.MethodRunner.runInSequence(MethodRunner.java:46)
	at org.testng.internal.TestInvoker$MethodInvocationAgent.invoke(TestInvoker.java:816)
	at org.testng.internal.TestInvoker.invokeTestMethods(TestInvoker.java:146)
	at org.testng.internal.TestMethodWorker.invokeTestMethods(TestMethodWorker.java:146)
	at org.testng.internal.TestMethodWorker.run(TestMethodWorker.java:128)
	at java.base/java.util.ArrayList.forEach(ArrayList.java:1511)
	at org.testng.TestRunner.privateRun(TestRunner.java:766)
	at org.testng.TestRunner.run(TestRunner.java:587)
	at org.testng.SuiteRunner.runTest(SuiteRunner.java:384)
	at org.testng.SuiteRunner.runSequentially(SuiteRunner.java:378)
	at org.testng.SuiteRunner.privateRun(SuiteRunner.java:337)
	at org.testng.SuiteRunner.run(SuiteRunner.java:286)
	at org.testng.SuiteRunnerWorker.runSuite(SuiteRunnerWorker.java:53)
	at org.testng.SuiteRunnerWorker.run(SuiteRunnerWorker.java:96)
	at org.testng.TestNG.runSuitesSequentially(TestNG.java:1187)
	at org.testng.TestNG.runSuitesLocally(TestNG.java:1109)
	at org.testng.TestNG.runSuites(TestNG.java:1039)
	at org.testng.TestNG.run(TestNG.java:1007)
	at org.apache.maven.surefire.testng.TestNGExecutor.run(TestNGExecutor.java:136)
	at org.apache.maven.surefire.testng.TestNGDirectoryTestSuite.executeSingleClass(TestNGDirectoryTestSuite.java:112)
	at org.apache.maven.surefire.testng.TestNGDirectoryTestSuite.executeLazy(TestNGDirectoryTestSuite.java:123)
	at org.apache.maven.surefire.testng.TestNGDirectoryTestSuite.execute(TestNGDirectoryTestSuite.java:90)
	at org.apache.maven.surefire.testng.TestNGProvider.invoke(TestNGProvider.java:145)
	at org.apache.maven.surefire.booter.ForkedBooter.runSuitesInProcess(ForkedBooter.java:428)
	at org.apache.maven.surefire.booter.ForkedBooter.execute(ForkedBooter.java:162)
	at org.apache.maven.surefire.booter.ForkedBooter.run(ForkedBooter.java:562)
	at org.apache.maven.surefire.booter.ForkedBooter.main(ForkedBooter.java:548)
Caused by: java.lang.ExceptionInInitializerError: Exception java.lang.RuntimeException: Could not acquire java.nio.Bits class: class java.lang.ClassNotFoundException [in thread "main"]
	at org.apache.datasketches.memory.NioBits.<clinit>(NioBits.java:88)
	at org.apache.datasketches.memory.AllocateDirect.<init>(AllocateDirect.java:51)
	at org.apache.datasketches.memory.BaseWritableMemoryImpl.wrapDirect(BaseWritableMemoryImpl.java:120)
	at org.apache.datasketches.memory.WritableMemory.allocateDirect(WritableMemory.java:160)
	at org.apache.datasketches.memory.WritableMemory.allocateDirect(WritableMemory.java:139)
	at org.apache.datasketches.hll.DirectAuxHashMapTest.checkGrow(DirectAuxHashMapTest.java:52)
	... 34 more

org.apache.datasketches.quantiles.DirectQuantilesMemoryRequestTest.checkGrowCombBuf  Time elapsed: 0 s  <<< FAILURE!
java.lang.NoClassDefFoundError: Could not initialize class org.apache.datasketches.memory.NioBits
	at org.apache.datasketches.memory.AllocateDirect.<init>(AllocateDirect.java:51)
	at org.apache.datasketches.memory.BaseWritableMemoryImpl.wrapDirect(BaseWritableMemoryImpl.java:120)
	at org.apache.datasketches.memory.WritableMemory.allocateDirect(WritableMemory.java:160)
	at org.apache.datasketches.memory.WritableMemory.allocateDirect(WritableMemory.java:139)
	at org.apache.datasketches.quantiles.DirectQuantilesMemoryRequestTest.checkGrowCombBuf(DirectQuantilesMemoryRequestTest.java:103)
	at java.base/jdk.internal.reflect.NativeMethodAccessorImpl.invoke0(Native Method)
	at java.base/jdk.internal.reflect.NativeMethodAccessorImpl.invoke(NativeMethodAccessorImpl.java:77)
	at java.base/jdk.internal.reflect.DelegatingMethodAccessorImpl.invoke(DelegatingMethodAccessorImpl.java:43)
	at java.base/java.lang.reflect.Method.invoke(Method.java:568)
	at org.testng.internal.MethodInvocationHelper.invokeMethod(MethodInvocationHelper.java:134)
	at org.testng.internal.TestInvoker.invokeMethod(TestInvoker.java:597)
	at org.testng.internal.TestInvoker.invokeTestMethod(TestInvoker.java:173)
	at org.testng.internal.MethodRunner.runInSequence(MethodRunner.java:46)
	at org.testng.internal.TestInvoker$MethodInvocationAgent.invoke(TestInvoker.java:816)
	at org.testng.internal.TestInvoker.invokeTestMethods(TestInvoker.java:146)
	at org.testng.internal.TestMethodWorker.invokeTestMethods(TestMethodWorker.java:146)
	at org.testng.internal.TestMethodWorker.run(TestMethodWorker.java:128)
	at java.base/java.util.ArrayList.forEach(ArrayList.java:1511)
	at org.testng.TestRunner.privateRun(TestRunner.java:766)
	at org.testng.TestRunner.run(TestRunner.java:587)
	at org.testng.SuiteRunner.runTest(SuiteRunner.java:384)
	at org.testng.SuiteRunner.runSequentially(SuiteRunner.java:378)
	at org.testng.SuiteRunner.privateRun(SuiteRunner.java:337)
	at org.testng.SuiteRunner.run(SuiteRunner.java:286)
	at org.testng.SuiteRunnerWorker.runSuite(SuiteRunnerWorker.java:53)
	at org.testng.SuiteRunnerWorker.run(SuiteRunnerWorker.java:96)
	at org.testng.TestNG.runSuitesSequentially(TestNG.java:1187)
	at org.testng.TestNG.runSuitesLocally(TestNG.java:1109)
	at org.testng.TestNG.runSuites(TestNG.java:1039)
	at org.testng.TestNG.run(TestNG.java:1007)
	at org.apache.maven.surefire.testng.TestNGExecutor.run(TestNGExecutor.java:136)
	at org.apache.maven.surefire.testng.TestNGDirectoryTestSuite.executeSingleClass(TestNGDirectoryTestSuite.java:112)
	at org.apache.maven.surefire.testng.TestNGDirectoryTestSuite.executeLazy(TestNGDirectoryTestSuite.java:123)
	at org.apache.maven.surefire.testng.TestNGDirectoryTestSuite.execute(TestNGDirectoryTestSuite.java:90)
	at org.apache.maven.surefire.testng.TestNGProvider.invoke(TestNGProvider.java:145)
	at org.apache.maven.surefire.booter.ForkedBooter.runSuitesInProcess(ForkedBooter.java:428)
	at org.apache.maven.surefire.booter.ForkedBooter.execute(ForkedBooter.java:162)
	at org.apache.maven.surefire.booter.ForkedBooter.run(ForkedBooter.java:562)
	at org.apache.maven.surefire.booter.ForkedBooter.main(ForkedBooter.java:548)
Caused by: java.lang.ExceptionInInitializerError: Exception java.lang.RuntimeException: Could not acquire java.nio.Bits class: class java.lang.ClassNotFoundException [in thread "main"]
	at org.apache.datasketches.memory.NioBits.<clinit>(NioBits.java:88)
	at org.apache.datasketches.memory.AllocateDirect.<init>(AllocateDirect.java:51)
	at org.apache.datasketches.memory.BaseWritableMemoryImpl.wrapDirect(BaseWritableMemoryImpl.java:120)
	at org.apache.datasketches.memory.WritableMemory.allocateDirect(WritableMemory.java:160)
	at org.apache.datasketches.memory.WritableMemory.allocateDirect(WritableMemory.java:139)
	at org.apache.datasketches.hll.DirectAuxHashMapTest.checkGrow(DirectAuxHashMapTest.java:52)
	... 34 more

org.apache.datasketches.quantiles.DirectQuantilesMemoryRequestTest.checkGrowFromWrappedEmptySketch  Time elapsed: 0 s  <<< FAILURE!
java.lang.NoClassDefFoundError: Could not initialize class org.apache.datasketches.memory.NioBits
	at org.apache.datasketches.memory.AllocateDirect.<init>(AllocateDirect.java:51)
	at org.apache.datasketches.memory.BaseWritableMemoryImpl.wrapDirect(BaseWritableMemoryImpl.java:120)
	at org.apache.datasketches.memory.WritableMemory.allocateDirect(WritableMemory.java:160)
	at org.apache.datasketches.memory.WritableMemory.allocateDirect(WritableMemory.java:139)
	at org.apache.datasketches.quantiles.DirectQuantilesMemoryRequestTest.checkGrowFromWrappedEmptySketch(DirectQuantilesMemoryRequestTest.java:130)
	at java.base/jdk.internal.reflect.NativeMethodAccessorImpl.invoke0(Native Method)
	at java.base/jdk.internal.reflect.NativeMethodAccessorImpl.invoke(NativeMethodAccessorImpl.java:77)
	at java.base/jdk.internal.reflect.DelegatingMethodAccessorImpl.invoke(DelegatingMethodAccessorImpl.java:43)
	at java.base/java.lang.reflect.Method.invoke(Method.java:568)
	at org.testng.internal.MethodInvocationHelper.invokeMethod(MethodInvocationHelper.java:134)
	at org.testng.internal.TestInvoker.invokeMethod(TestInvoker.java:597)
	at org.testng.internal.TestInvoker.invokeTestMethod(TestInvoker.java:173)
	at org.testng.internal.MethodRunner.runInSequence(MethodRunner.java:46)
	at org.testng.internal.TestInvoker$MethodInvocationAgent.invoke(TestInvoker.java:816)
	at org.testng.internal.TestInvoker.invokeTestMethods(TestInvoker.java:146)
	at org.testng.internal.TestMethodWorker.invokeTestMethods(TestMethodWorker.java:146)
	at org.testng.internal.TestMethodWorker.run(TestMethodWorker.java:128)
	at java.base/java.util.ArrayList.forEach(ArrayList.java:1511)
	at org.testng.TestRunner.privateRun(TestRunner.java:766)
	at org.testng.TestRunner.run(TestRunner.java:587)
	at org.testng.SuiteRunner.runTest(SuiteRunner.java:384)
	at org.testng.SuiteRunner.runSequentially(SuiteRunner.java:378)
	at org.testng.SuiteRunner.privateRun(SuiteRunner.java:337)
	at org.testng.SuiteRunner.run(SuiteRunner.java:286)
	at org.testng.SuiteRunnerWorker.runSuite(SuiteRunnerWorker.java:53)
	at org.testng.SuiteRunnerWorker.run(SuiteRunnerWorker.java:96)
	at org.testng.TestNG.runSuitesSequentially(TestNG.java:1187)
	at org.testng.TestNG.runSuitesLocally(TestNG.java:1109)
	at org.testng.TestNG.runSuites(TestNG.java:1039)
	at org.testng.TestNG.run(TestNG.java:1007)
	at org.apache.maven.surefire.testng.TestNGExecutor.run(TestNGExecutor.java:136)
	at org.apache.maven.surefire.testng.TestNGDirectoryTestSuite.executeSingleClass(TestNGDirectoryTestSuite.java:112)
	at org.apache.maven.surefire.testng.TestNGDirectoryTestSuite.executeLazy(TestNGDirectoryTestSuite.java:123)
	at org.apache.maven.surefire.testng.TestNGDirectoryTestSuite.execute(TestNGDirectoryTestSuite.java:90)
	at org.apache.maven.surefire.testng.TestNGProvider.invoke(TestNGProvider.java:145)
	at org.apache.maven.surefire.booter.ForkedBooter.runSuitesInProcess(ForkedBooter.java:428)
	at org.apache.maven.surefire.booter.ForkedBooter.execute(ForkedBooter.java:162)
	at org.apache.maven.surefire.booter.ForkedBooter.run(ForkedBooter.java:562)
	at org.apache.maven.surefire.booter.ForkedBooter.main(ForkedBooter.java:548)
Caused by: java.lang.ExceptionInInitializerError: Exception java.lang.RuntimeException: Could not acquire java.nio.Bits class: class java.lang.ClassNotFoundException [in thread "main"]
	at org.apache.datasketches.memory.NioBits.<clinit>(NioBits.java:88)
	at org.apache.datasketches.memory.AllocateDirect.<init>(AllocateDirect.java:51)
	at org.apache.datasketches.memory.BaseWritableMemoryImpl.wrapDirect(BaseWritableMemoryImpl.java:120)
	at org.apache.datasketches.memory.WritableMemory.allocateDirect(WritableMemory.java:160)
	at org.apache.datasketches.memory.WritableMemory.allocateDirect(WritableMemory.java:139)
	at org.apache.datasketches.hll.DirectAuxHashMapTest.checkGrow(DirectAuxHashMapTest.java:52)
	... 34 more

org.apache.datasketches.quantiles.DirectQuantilesMemoryRequestTest.checkLimitedMemoryScenarios  Time elapsed: 0 s  <<< FAILURE!
java.lang.NoClassDefFoundError: Could not initialize class org.apache.datasketches.memory.NioBits
	at org.apache.datasketches.memory.AllocateDirect.<init>(AllocateDirect.java:51)
	at org.apache.datasketches.memory.BaseWritableMemoryImpl.wrapDirect(BaseWritableMemoryImpl.java:120)
	at org.apache.datasketches.memory.WritableMemory.allocateDirect(WritableMemory.java:160)
	at org.apache.datasketches.memory.WritableMemory.allocateDirect(WritableMemory.java:139)
	at org.apache.datasketches.quantiles.DirectQuantilesMemoryRequestTest.checkLimitedMemoryScenarios(DirectQuantilesMemoryRequestTest.java:49)
	at java.base/jdk.internal.reflect.NativeMethodAccessorImpl.invoke0(Native Method)
	at java.base/jdk.internal.reflect.NativeMethodAccessorImpl.invoke(NativeMethodAccessorImpl.java:77)
	at java.base/jdk.internal.reflect.DelegatingMethodAccessorImpl.invoke(DelegatingMethodAccessorImpl.java:43)
	at java.base/java.lang.reflect.Method.invoke(Method.java:568)
	at org.testng.internal.MethodInvocationHelper.invokeMethod(MethodInvocationHelper.java:134)
	at org.testng.internal.TestInvoker.invokeMethod(TestInvoker.java:597)
	at org.testng.internal.TestInvoker.invokeTestMethod(TestInvoker.java:173)
	at org.testng.internal.MethodRunner.runInSequence(MethodRunner.java:46)
	at org.testng.internal.TestInvoker$MethodInvocationAgent.invoke(TestInvoker.java:816)
	at org.testng.internal.TestInvoker.invokeTestMethods(TestInvoker.java:146)
	at org.testng.internal.TestMethodWorker.invokeTestMethods(TestMethodWorker.java:146)
	at org.testng.internal.TestMethodWorker.run(TestMethodWorker.java:128)
	at java.base/java.util.ArrayList.forEach(ArrayList.java:1511)
	at org.testng.TestRunner.privateRun(TestRunner.java:766)
	at org.testng.TestRunner.run(TestRunner.java:587)
	at org.testng.SuiteRunner.runTest(SuiteRunner.java:384)
	at org.testng.SuiteRunner.runSequentially(SuiteRunner.java:378)
	at org.testng.SuiteRunner.privateRun(SuiteRunner.java:337)
	at org.testng.SuiteRunner.run(SuiteRunner.java:286)
	at org.testng.SuiteRunnerWorker.runSuite(SuiteRunnerWorker.java:53)
	at org.testng.SuiteRunnerWorker.run(SuiteRunnerWorker.java:96)
	at org.testng.TestNG.runSuitesSequentially(TestNG.java:1187)
	at org.testng.TestNG.runSuitesLocally(TestNG.java:1109)
	at org.testng.TestNG.runSuites(TestNG.java:1039)
	at org.testng.TestNG.run(TestNG.java:1007)
	at org.apache.maven.surefire.testng.TestNGExecutor.run(TestNGExecutor.java:136)
	at org.apache.maven.surefire.testng.TestNGDirectoryTestSuite.executeSingleClass(TestNGDirectoryTestSuite.java:112)
	at org.apache.maven.surefire.testng.TestNGDirectoryTestSuite.executeLazy(TestNGDirectoryTestSuite.java:123)
	at org.apache.maven.surefire.testng.TestNGDirectoryTestSuite.execute(TestNGDirectoryTestSuite.java:90)
	at org.apache.maven.surefire.testng.TestNGProvider.invoke(TestNGProvider.java:145)
	at org.apache.maven.surefire.booter.ForkedBooter.runSuitesInProcess(ForkedBooter.java:428)
	at org.apache.maven.surefire.booter.ForkedBooter.execute(ForkedBooter.java:162)
	at org.apache.maven.surefire.booter.ForkedBooter.run(ForkedBooter.java:562)
	at org.apache.maven.surefire.booter.ForkedBooter.main(ForkedBooter.java:548)
Caused by: java.lang.ExceptionInInitializerError: Exception java.lang.RuntimeException: Could not acquire java.nio.Bits class: class java.lang.ClassNotFoundException [in thread "main"]
	at org.apache.datasketches.memory.NioBits.<clinit>(NioBits.java:88)
	at org.apache.datasketches.memory.AllocateDirect.<init>(AllocateDirect.java:51)
	at org.apache.datasketches.memory.BaseWritableMemoryImpl.wrapDirect(BaseWritableMemoryImpl.java:120)
	at org.apache.datasketches.memory.WritableMemory.allocateDirect(WritableMemory.java:160)
	at org.apache.datasketches.memory.WritableMemory.allocateDirect(WritableMemory.java:139)
	at org.apache.datasketches.hll.DirectAuxHashMapTest.checkGrow(DirectAuxHashMapTest.java:52)
	... 34 more

-------------------------------------------------------------------------------
Test set: org.apache.datasketches.quantiles.DoublesSketchTest
-------------------------------------------------------------------------------
Tests run: 8, Failures: 2, Errors: 0, Skipped: 0, Time elapsed: 0.025 s <<< FAILURE! - in org.apache.datasketches.quantiles.DoublesSketchTest
org.apache.datasketches.quantiles.DoublesSketchTest.checkEmptyDirect  Time elapsed: 0 s  <<< FAILURE!
java.lang.NoClassDefFoundError: Could not initialize class org.apache.datasketches.memory.NioBits
	at org.apache.datasketches.memory.AllocateDirect.<init>(AllocateDirect.java:51)
	at org.apache.datasketches.memory.BaseWritableMemoryImpl.wrapDirect(BaseWritableMemoryImpl.java:120)
	at org.apache.datasketches.memory.WritableMemory.allocateDirect(WritableMemory.java:160)
	at org.apache.datasketches.memory.WritableMemory.allocateDirect(WritableMemory.java:139)
	at org.apache.datasketches.quantiles.DoublesSketchTest.checkEmptyDirect(DoublesSketchTest.java:150)
	at java.base/jdk.internal.reflect.NativeMethodAccessorImpl.invoke0(Native Method)
	at java.base/jdk.internal.reflect.NativeMethodAccessorImpl.invoke(NativeMethodAccessorImpl.java:77)
	at java.base/jdk.internal.reflect.DelegatingMethodAccessorImpl.invoke(DelegatingMethodAccessorImpl.java:43)
	at java.base/java.lang.reflect.Method.invoke(Method.java:568)
	at org.testng.internal.MethodInvocationHelper.invokeMethod(MethodInvocationHelper.java:134)
	at org.testng.internal.TestInvoker.invokeMethod(TestInvoker.java:597)
	at org.testng.internal.TestInvoker.invokeTestMethod(TestInvoker.java:173)
	at org.testng.internal.MethodRunner.runInSequence(MethodRunner.java:46)
	at org.testng.internal.TestInvoker$MethodInvocationAgent.invoke(TestInvoker.java:816)
	at org.testng.internal.TestInvoker.invokeTestMethods(TestInvoker.java:146)
	at org.testng.internal.TestMethodWorker.invokeTestMethods(TestMethodWorker.java:146)
	at org.testng.internal.TestMethodWorker.run(TestMethodWorker.java:128)
	at java.base/java.util.ArrayList.forEach(ArrayList.java:1511)
	at org.testng.TestRunner.privateRun(TestRunner.java:766)
	at org.testng.TestRunner.run(TestRunner.java:587)
	at org.testng.SuiteRunner.runTest(SuiteRunner.java:384)
	at org.testng.SuiteRunner.runSequentially(SuiteRunner.java:378)
	at org.testng.SuiteRunner.privateRun(SuiteRunner.java:337)
	at org.testng.SuiteRunner.run(SuiteRunner.java:286)
	at org.testng.SuiteRunnerWorker.runSuite(SuiteRunnerWorker.java:53)
	at org.testng.SuiteRunnerWorker.run(SuiteRunnerWorker.java:96)
	at org.testng.TestNG.runSuitesSequentially(TestNG.java:1187)
	at org.testng.TestNG.runSuitesLocally(TestNG.java:1109)
	at org.testng.TestNG.runSuites(TestNG.java:1039)
	at org.testng.TestNG.run(TestNG.java:1007)
	at org.apache.maven.surefire.testng.TestNGExecutor.run(TestNGExecutor.java:136)
	at org.apache.maven.surefire.testng.TestNGDirectoryTestSuite.executeSingleClass(TestNGDirectoryTestSuite.java:112)
	at org.apache.maven.surefire.testng.TestNGDirectoryTestSuite.executeLazy(TestNGDirectoryTestSuite.java:123)
	at org.apache.maven.surefire.testng.TestNGDirectoryTestSuite.execute(TestNGDirectoryTestSuite.java:90)
	at org.apache.maven.surefire.testng.TestNGProvider.invoke(TestNGProvider.java:145)
	at org.apache.maven.surefire.booter.ForkedBooter.runSuitesInProcess(ForkedBooter.java:428)
	at org.apache.maven.surefire.booter.ForkedBooter.execute(ForkedBooter.java:162)
	at org.apache.maven.surefire.booter.ForkedBooter.run(ForkedBooter.java:562)
	at org.apache.maven.surefire.booter.ForkedBooter.main(ForkedBooter.java:548)
Caused by: java.lang.ExceptionInInitializerError: Exception java.lang.RuntimeException: Could not acquire java.nio.Bits class: class java.lang.ClassNotFoundException [in thread "main"]
	at org.apache.datasketches.memory.NioBits.<clinit>(NioBits.java:88)
	at org.apache.datasketches.memory.AllocateDirect.<init>(AllocateDirect.java:51)
	at org.apache.datasketches.memory.BaseWritableMemoryImpl.wrapDirect(BaseWritableMemoryImpl.java:120)
	at org.apache.datasketches.memory.WritableMemory.allocateDirect(WritableMemory.java:160)
	at org.apache.datasketches.memory.WritableMemory.allocateDirect(WritableMemory.java:139)
	at org.apache.datasketches.hll.DirectAuxHashMapTest.checkGrow(DirectAuxHashMapTest.java:52)
	... 34 more

org.apache.datasketches.quantiles.DoublesSketchTest.directSketchShouldMoveOntoHeapEventually  Time elapsed: 0 s  <<< FAILURE!
java.lang.NoClassDefFoundError: Could not initialize class org.apache.datasketches.memory.NioBits
	at org.apache.datasketches.memory.AllocateDirect.<init>(AllocateDirect.java:51)
	at org.apache.datasketches.memory.BaseWritableMemoryImpl.wrapDirect(BaseWritableMemoryImpl.java:120)
	at org.apache.datasketches.memory.WritableMemory.allocateDirect(WritableMemory.java:160)
	at org.apache.datasketches.memory.WritableMemory.allocateDirect(WritableMemory.java:139)
	at org.apache.datasketches.quantiles.DoublesSketchTest.directSketchShouldMoveOntoHeapEventually(DoublesSketchTest.java:137)
	at java.base/jdk.internal.reflect.NativeMethodAccessorImpl.invoke0(Native Method)
	at java.base/jdk.internal.reflect.NativeMethodAccessorImpl.invoke(NativeMethodAccessorImpl.java:77)
	at java.base/jdk.internal.reflect.DelegatingMethodAccessorImpl.invoke(DelegatingMethodAccessorImpl.java:43)
	at java.base/java.lang.reflect.Method.invoke(Method.java:568)
	at org.testng.internal.MethodInvocationHelper.invokeMethod(MethodInvocationHelper.java:134)
	at org.testng.internal.TestInvoker.invokeMethod(TestInvoker.java:597)
	at org.testng.internal.TestInvoker.invokeTestMethod(TestInvoker.java:173)
	at org.testng.internal.MethodRunner.runInSequence(MethodRunner.java:46)
	at org.testng.internal.TestInvoker$MethodInvocationAgent.invoke(TestInvoker.java:816)
	at org.testng.internal.TestInvoker.invokeTestMethods(TestInvoker.java:146)
	at org.testng.internal.TestMethodWorker.invokeTestMethods(TestMethodWorker.java:146)
	at org.testng.internal.TestMethodWorker.run(TestMethodWorker.java:128)
	at java.base/java.util.ArrayList.forEach(ArrayList.java:1511)
	at org.testng.TestRunner.privateRun(TestRunner.java:766)
	at org.testng.TestRunner.run(TestRunner.java:587)
	at org.testng.SuiteRunner.runTest(SuiteRunner.java:384)
	at org.testng.SuiteRunner.runSequentially(SuiteRunner.java:378)
	at org.testng.SuiteRunner.privateRun(SuiteRunner.java:337)
	at org.testng.SuiteRunner.run(SuiteRunner.java:286)
	at org.testng.SuiteRunnerWorker.runSuite(SuiteRunnerWorker.java:53)
	at org.testng.SuiteRunnerWorker.run(SuiteRunnerWorker.java:96)
	at org.testng.TestNG.runSuitesSequentially(TestNG.java:1187)
	at org.testng.TestNG.runSuitesLocally(TestNG.java:1109)
	at org.testng.TestNG.runSuites(TestNG.java:1039)
	at org.testng.TestNG.run(TestNG.java:1007)
	at org.apache.maven.surefire.testng.TestNGExecutor.run(TestNGExecutor.java:136)
	at org.apache.maven.surefire.testng.TestNGDirectoryTestSuite.executeSingleClass(TestNGDirectoryTestSuite.java:112)
	at org.apache.maven.surefire.testng.TestNGDirectoryTestSuite.executeLazy(TestNGDirectoryTestSuite.java:123)
	at org.apache.maven.surefire.testng.TestNGDirectoryTestSuite.execute(TestNGDirectoryTestSuite.java:90)
	at org.apache.maven.surefire.testng.TestNGProvider.invoke(TestNGProvider.java:145)
	at org.apache.maven.surefire.booter.ForkedBooter.runSuitesInProcess(ForkedBooter.java:428)
	at org.apache.maven.surefire.booter.ForkedBooter.execute(ForkedBooter.java:162)
	at org.apache.maven.surefire.booter.ForkedBooter.run(ForkedBooter.java:562)
	at org.apache.maven.surefire.booter.ForkedBooter.main(ForkedBooter.java:548)
Caused by: java.lang.ExceptionInInitializerError: Exception java.lang.RuntimeException: Could not acquire java.nio.Bits class: class java.lang.ClassNotFoundException [in thread "main"]
	at org.apache.datasketches.memory.NioBits.<clinit>(NioBits.java:88)
	at org.apache.datasketches.memory.AllocateDirect.<init>(AllocateDirect.java:51)
	at org.apache.datasketches.memory.BaseWritableMemoryImpl.wrapDirect(BaseWritableMemoryImpl.java:120)
	at org.apache.datasketches.memory.WritableMemory.allocateDirect(WritableMemory.java:160)
	at org.apache.datasketches.memory.WritableMemory.allocateDirect(WritableMemory.java:139)
	at org.apache.datasketches.hll.DirectAuxHashMapTest.checkGrow(DirectAuxHashMapTest.java:52)
	... 34 more

-------------------------------------------------------------------------------
Test set: org.apache.datasketches.quantiles.PreambleUtilTest
-------------------------------------------------------------------------------
Tests run: 4, Failures: 1, Errors: 0, Skipped: 0, Time elapsed: 0.047 s <<< FAILURE! - in org.apache.datasketches.quantiles.PreambleUtilTest
org.apache.datasketches.quantiles.PreambleUtilTest.checkInsertsAndExtracts  Time elapsed: 0.001 s  <<< FAILURE!
java.lang.NoClassDefFoundError: Could not initialize class org.apache.datasketches.memory.NioBits
	at org.apache.datasketches.memory.AllocateDirect.<init>(AllocateDirect.java:51)
	at org.apache.datasketches.memory.BaseWritableMemoryImpl.wrapDirect(BaseWritableMemoryImpl.java:120)
	at org.apache.datasketches.memory.WritableMemory.allocateDirect(WritableMemory.java:160)
	at org.apache.datasketches.memory.WritableMemory.allocateDirect(WritableMemory.java:139)
	at org.apache.datasketches.quantiles.PreambleUtilTest.checkInsertsAndExtracts(PreambleUtilTest.java:52)
	at java.base/jdk.internal.reflect.NativeMethodAccessorImpl.invoke0(Native Method)
	at java.base/jdk.internal.reflect.NativeMethodAccessorImpl.invoke(NativeMethodAccessorImpl.java:77)
	at java.base/jdk.internal.reflect.DelegatingMethodAccessorImpl.invoke(DelegatingMethodAccessorImpl.java:43)
	at java.base/java.lang.reflect.Method.invoke(Method.java:568)
	at org.testng.internal.MethodInvocationHelper.invokeMethod(MethodInvocationHelper.java:134)
	at org.testng.internal.TestInvoker.invokeMethod(TestInvoker.java:597)
	at org.testng.internal.TestInvoker.invokeTestMethod(TestInvoker.java:173)
	at org.testng.internal.MethodRunner.runInSequence(MethodRunner.java:46)
	at org.testng.internal.TestInvoker$MethodInvocationAgent.invoke(TestInvoker.java:816)
	at org.testng.internal.TestInvoker.invokeTestMethods(TestInvoker.java:146)
	at org.testng.internal.TestMethodWorker.invokeTestMethods(TestMethodWorker.java:146)
	at org.testng.internal.TestMethodWorker.run(TestMethodWorker.java:128)
	at java.base/java.util.ArrayList.forEach(ArrayList.java:1511)
	at org.testng.TestRunner.privateRun(TestRunner.java:766)
	at org.testng.TestRunner.run(TestRunner.java:587)
	at org.testng.SuiteRunner.runTest(SuiteRunner.java:384)
	at org.testng.SuiteRunner.runSequentially(SuiteRunner.java:378)
	at org.testng.SuiteRunner.privateRun(SuiteRunner.java:337)
	at org.testng.SuiteRunner.run(SuiteRunner.java:286)
	at org.testng.SuiteRunnerWorker.runSuite(SuiteRunnerWorker.java:53)
	at org.testng.SuiteRunnerWorker.run(SuiteRunnerWorker.java:96)
	at org.testng.TestNG.runSuitesSequentially(TestNG.java:1187)
	at org.testng.TestNG.runSuitesLocally(TestNG.java:1109)
	at org.testng.TestNG.runSuites(TestNG.java:1039)
	at org.testng.TestNG.run(TestNG.java:1007)
	at org.apache.maven.surefire.testng.TestNGExecutor.run(TestNGExecutor.java:136)
	at org.apache.maven.surefire.testng.TestNGDirectoryTestSuite.executeSingleClass(TestNGDirectoryTestSuite.java:112)
	at org.apache.maven.surefire.testng.TestNGDirectoryTestSuite.executeLazy(TestNGDirectoryTestSuite.java:123)
	at org.apache.maven.surefire.testng.TestNGDirectoryTestSuite.execute(TestNGDirectoryTestSuite.java:90)
	at org.apache.maven.surefire.testng.TestNGProvider.invoke(TestNGProvider.java:145)
	at org.apache.maven.surefire.booter.ForkedBooter.runSuitesInProcess(ForkedBooter.java:428)
	at org.apache.maven.surefire.booter.ForkedBooter.execute(ForkedBooter.java:162)
	at org.apache.maven.surefire.booter.ForkedBooter.run(ForkedBooter.java:562)
	at org.apache.maven.surefire.booter.ForkedBooter.main(ForkedBooter.java:548)
Caused by: java.lang.ExceptionInInitializerError: Exception java.lang.RuntimeException: Could not acquire java.nio.Bits class: class java.lang.ClassNotFoundException [in thread "main"]
	at org.apache.datasketches.memory.NioBits.<clinit>(NioBits.java:88)
	at org.apache.datasketches.memory.AllocateDirect.<init>(AllocateDirect.java:51)
	at org.apache.datasketches.memory.BaseWritableMemoryImpl.wrapDirect(BaseWritableMemoryImpl.java:120)
	at org.apache.datasketches.memory.WritableMemory.allocateDirect(WritableMemory.java:160)
	at org.apache.datasketches.memory.WritableMemory.allocateDirect(WritableMemory.java:139)
	at org.apache.datasketches.theta.UnionImplTest.checkMoveAndResize(UnionImplTest.java:172)
	... 34 more

-------------------------------------------------------------------------------
Test set: org.apache.datasketches.theta.CompactSketchTest
-------------------------------------------------------------------------------
Tests run: 12, Failures: 1, Errors: 0, Skipped: 0, Time elapsed: 0.069 s <<< FAILURE! - in org.apache.datasketches.theta.CompactSketchTest
org.apache.datasketches.theta.CompactSketchTest.checkHeapifyWrap  Time elapsed: 0.001 s  <<< FAILURE!
java.lang.NoClassDefFoundError: Could not initialize class org.apache.datasketches.memory.NioBits
	at org.apache.datasketches.memory.AllocateDirect.<init>(AllocateDirect.java:51)
	at org.apache.datasketches.memory.BaseWritableMemoryImpl.wrapDirect(BaseWritableMemoryImpl.java:120)
	at org.apache.datasketches.memory.WritableMemory.allocateDirect(WritableMemory.java:160)
	at org.apache.datasketches.memory.WritableMemory.allocateDirect(WritableMemory.java:139)
	at org.apache.datasketches.theta.CompactSketchTest.checkHeapifyWrap(CompactSketchTest.java:81)
	at org.apache.datasketches.theta.CompactSketchTest.checkHeapifyWrap(CompactSketchTest.java:45)
	at java.base/jdk.internal.reflect.NativeMethodAccessorImpl.invoke0(Native Method)
	at java.base/jdk.internal.reflect.NativeMethodAccessorImpl.invoke(NativeMethodAccessorImpl.java:77)
	at java.base/jdk.internal.reflect.DelegatingMethodAccessorImpl.invoke(DelegatingMethodAccessorImpl.java:43)
	at java.base/java.lang.reflect.Method.invoke(Method.java:568)
	at org.testng.internal.MethodInvocationHelper.invokeMethod(MethodInvocationHelper.java:134)
	at org.testng.internal.TestInvoker.invokeMethod(TestInvoker.java:597)
	at org.testng.internal.TestInvoker.invokeTestMethod(TestInvoker.java:173)
	at org.testng.internal.MethodRunner.runInSequence(MethodRunner.java:46)
	at org.testng.internal.TestInvoker$MethodInvocationAgent.invoke(TestInvoker.java:816)
	at org.testng.internal.TestInvoker.invokeTestMethods(TestInvoker.java:146)
	at org.testng.internal.TestMethodWorker.invokeTestMethods(TestMethodWorker.java:146)
	at org.testng.internal.TestMethodWorker.run(TestMethodWorker.java:128)
	at java.base/java.util.ArrayList.forEach(ArrayList.java:1511)
	at org.testng.TestRunner.privateRun(TestRunner.java:766)
	at org.testng.TestRunner.run(TestRunner.java:587)
	at org.testng.SuiteRunner.runTest(SuiteRunner.java:384)
	at org.testng.SuiteRunner.runSequentially(SuiteRunner.java:378)
	at org.testng.SuiteRunner.privateRun(SuiteRunner.java:337)
	at org.testng.SuiteRunner.run(SuiteRunner.java:286)
	at org.testng.SuiteRunnerWorker.runSuite(SuiteRunnerWorker.java:53)
	at org.testng.SuiteRunnerWorker.run(SuiteRunnerWorker.java:96)
	at org.testng.TestNG.runSuitesSequentially(TestNG.java:1187)
	at org.testng.TestNG.runSuitesLocally(TestNG.java:1109)
	at org.testng.TestNG.runSuites(TestNG.java:1039)
	at org.testng.TestNG.run(TestNG.java:1007)
	at org.apache.maven.surefire.testng.TestNGExecutor.run(TestNGExecutor.java:136)
	at org.apache.maven.surefire.testng.TestNGDirectoryTestSuite.executeSingleClass(TestNGDirectoryTestSuite.java:112)
	at org.apache.maven.surefire.testng.TestNGDirectoryTestSuite.executeLazy(TestNGDirectoryTestSuite.java:123)
	at org.apache.maven.surefire.testng.TestNGDirectoryTestSuite.execute(TestNGDirectoryTestSuite.java:90)
	at org.apache.maven.surefire.testng.TestNGProvider.invoke(TestNGProvider.java:145)
	at org.apache.maven.surefire.booter.ForkedBooter.runSuitesInProcess(ForkedBooter.java:428)
	at org.apache.maven.surefire.booter.ForkedBooter.execute(ForkedBooter.java:162)
	at org.apache.maven.surefire.booter.ForkedBooter.run(ForkedBooter.java:562)
	at org.apache.maven.surefire.booter.ForkedBooter.main(ForkedBooter.java:548)
Caused by: java.lang.ExceptionInInitializerError: Exception java.lang.RuntimeException: Could not acquire java.nio.Bits class: class java.lang.ClassNotFoundException [in thread "main"]
	at org.apache.datasketches.memory.NioBits.<clinit>(NioBits.java:88)
	at org.apache.datasketches.memory.AllocateDirect.<init>(AllocateDirect.java:51)
	at org.apache.datasketches.memory.BaseWritableMemoryImpl.wrapDirect(BaseWritableMemoryImpl.java:120)
	at org.apache.datasketches.memory.WritableMemory.allocateDirect(WritableMemory.java:160)
	at org.apache.datasketches.memory.WritableMemory.allocateDirect(WritableMemory.java:139)
	at org.apache.datasketches.theta.UnionImplTest.checkMoveAndResize(UnionImplTest.java:172)
	... 34 more

-------------------------------------------------------------------------------
Test set: org.apache.datasketches.theta.DirectQuickSelectSketchTest
-------------------------------------------------------------------------------
Tests run: 35, Failures: 24, Errors: 0, Skipped: 0, Time elapsed: 0.404 s <<< FAILURE! - in org.apache.datasketches.theta.DirectQuickSelectSketchTest
org.apache.datasketches.theta.DirectQuickSelectSketchTest.checkBadSerVer  Time elapsed: 0.001 s  <<< FAILURE!
org.testng.TestException: 

Expected exception of type class org.apache.datasketches.SketchesArgumentException but got java.lang.NoClassDefFoundError: Could not initialize class org.apache.datasketches.memory.NioBits
	at org.testng.internal.ExpectedExceptionsHolder.wrongException(ExpectedExceptionsHolder.java:68)
	at org.testng.internal.TestInvoker.considerExceptions(TestInvoker.java:731)
	at org.testng.internal.TestInvoker.invokeMethod(TestInvoker.java:629)
	at org.testng.internal.TestInvoker.invokeTestMethod(TestInvoker.java:173)
	at org.testng.internal.MethodRunner.runInSequence(MethodRunner.java:46)
	at org.testng.internal.TestInvoker$MethodInvocationAgent.invoke(TestInvoker.java:816)
	at org.testng.internal.TestInvoker.invokeTestMethods(TestInvoker.java:146)
	at org.testng.internal.TestMethodWorker.invokeTestMethods(TestMethodWorker.java:146)
	at org.testng.internal.TestMethodWorker.run(TestMethodWorker.java:128)
	at java.base/java.util.ArrayList.forEach(ArrayList.java:1511)
	at org.testng.TestRunner.privateRun(TestRunner.java:766)
	at org.testng.TestRunner.run(TestRunner.java:587)
	at org.testng.SuiteRunner.runTest(SuiteRunner.java:384)
	at org.testng.SuiteRunner.runSequentially(SuiteRunner.java:378)
	at org.testng.SuiteRunner.privateRun(SuiteRunner.java:337)
	at org.testng.SuiteRunner.run(SuiteRunner.java:286)
	at org.testng.SuiteRunnerWorker.runSuite(SuiteRunnerWorker.java:53)
	at org.testng.SuiteRunnerWorker.run(SuiteRunnerWorker.java:96)
	at org.testng.TestNG.runSuitesSequentially(TestNG.java:1187)
	at org.testng.TestNG.runSuitesLocally(TestNG.java:1109)
	at org.testng.TestNG.runSuites(TestNG.java:1039)
	at org.testng.TestNG.run(TestNG.java:1007)
	at org.apache.maven.surefire.testng.TestNGExecutor.run(TestNGExecutor.java:136)
	at org.apache.maven.surefire.testng.TestNGDirectoryTestSuite.executeSingleClass(TestNGDirectoryTestSuite.java:112)
	at org.apache.maven.surefire.testng.TestNGDirectoryTestSuite.executeLazy(TestNGDirectoryTestSuite.java:123)
	at org.apache.maven.surefire.testng.TestNGDirectoryTestSuite.execute(TestNGDirectoryTestSuite.java:90)
	at org.apache.maven.surefire.testng.TestNGProvider.invoke(TestNGProvider.java:145)
	at org.apache.maven.surefire.booter.ForkedBooter.runSuitesInProcess(ForkedBooter.java:428)
	at org.apache.maven.surefire.booter.ForkedBooter.execute(ForkedBooter.java:162)
	at org.apache.maven.surefire.booter.ForkedBooter.run(ForkedBooter.java:562)
	at org.apache.maven.surefire.booter.ForkedBooter.main(ForkedBooter.java:548)
Caused by: java.lang.NoClassDefFoundError: Could not initialize class org.apache.datasketches.memory.NioBits
	at org.apache.datasketches.memory.AllocateDirect.<init>(AllocateDirect.java:51)
	at org.apache.datasketches.memory.BaseWritableMemoryImpl.wrapDirect(BaseWritableMemoryImpl.java:120)
	at org.apache.datasketches.memory.WritableMemory.allocateDirect(WritableMemory.java:160)
	at org.apache.datasketches.memory.WritableMemory.allocateDirect(WritableMemory.java:139)
	at org.apache.datasketches.theta.DirectQuickSelectSketchTest.makeNativeMemory(DirectQuickSelectSketchTest.java:883)
	at org.apache.datasketches.theta.DirectQuickSelectSketchTest.checkBadSerVer(DirectQuickSelectSketchTest.java:63)
	at java.base/jdk.internal.reflect.NativeMethodAccessorImpl.invoke0(Native Method)
	at java.base/jdk.internal.reflect.NativeMethodAccessorImpl.invoke(NativeMethodAccessorImpl.java:77)
	at java.base/jdk.internal.reflect.DelegatingMethodAccessorImpl.invoke(DelegatingMethodAccessorImpl.java:43)
	at java.base/java.lang.reflect.Method.invoke(Method.java:568)
	at org.testng.internal.MethodInvocationHelper.invokeMethod(MethodInvocationHelper.java:134)
	at org.testng.internal.TestInvoker.invokeMethod(TestInvoker.java:597)
	... 28 more
Caused by: java.lang.ExceptionInInitializerError: Exception java.lang.RuntimeException: Could not acquire java.nio.Bits class: class java.lang.ClassNotFoundException [in thread "main"]
	at org.apache.datasketches.memory.NioBits.<clinit>(NioBits.java:88)
	at org.apache.datasketches.memory.AllocateDirect.<init>(AllocateDirect.java:51)
	at org.apache.datasketches.memory.BaseWritableMemoryImpl.wrapDirect(BaseWritableMemoryImpl.java:120)
	at org.apache.datasketches.memory.WritableMemory.allocateDirect(WritableMemory.java:160)
	at org.apache.datasketches.memory.WritableMemory.allocateDirect(WritableMemory.java:139)
	at org.apache.datasketches.theta.UnionImplTest.checkMoveAndResize(UnionImplTest.java:172)
	... 34 more

org.apache.datasketches.theta.DirectQuickSelectSketchTest.checkConstructReconstructFromMemory  Time elapsed: 0.001 s  <<< FAILURE!
java.lang.NoClassDefFoundError: Could not initialize class org.apache.datasketches.memory.NioBits
	at org.apache.datasketches.memory.AllocateDirect.<init>(AllocateDirect.java:51)
	at org.apache.datasketches.memory.BaseWritableMemoryImpl.wrapDirect(BaseWritableMemoryImpl.java:120)
	at org.apache.datasketches.memory.WritableMemory.allocateDirect(WritableMemory.java:160)
	at org.apache.datasketches.memory.WritableMemory.allocateDirect(WritableMemory.java:139)
	at org.apache.datasketches.theta.DirectQuickSelectSketchTest.makeNativeMemory(DirectQuickSelectSketchTest.java:883)
	at org.apache.datasketches.theta.DirectQuickSelectSketchTest.checkConstructReconstructFromMemory(DirectQuickSelectSketchTest.java:658)
	at java.base/jdk.internal.reflect.NativeMethodAccessorImpl.invoke0(Native Method)
	at java.base/jdk.internal.reflect.NativeMethodAccessorImpl.invoke(NativeMethodAccessorImpl.java:77)
	at java.base/jdk.internal.reflect.DelegatingMethodAccessorImpl.invoke(DelegatingMethodAccessorImpl.java:43)
	at java.base/java.lang.reflect.Method.invoke(Method.java:568)
	at org.testng.internal.MethodInvocationHelper.invokeMethod(MethodInvocationHelper.java:134)
	at org.testng.internal.TestInvoker.invokeMethod(TestInvoker.java:597)
	at org.testng.internal.TestInvoker.invokeTestMethod(TestInvoker.java:173)
	at org.testng.internal.MethodRunner.runInSequence(MethodRunner.java:46)
	at org.testng.internal.TestInvoker$MethodInvocationAgent.invoke(TestInvoker.java:816)
	at org.testng.internal.TestInvoker.invokeTestMethods(TestInvoker.java:146)
	at org.testng.internal.TestMethodWorker.invokeTestMethods(TestMethodWorker.java:146)
	at org.testng.internal.TestMethodWorker.run(TestMethodWorker.java:128)
	at java.base/java.util.ArrayList.forEach(ArrayList.java:1511)
	at org.testng.TestRunner.privateRun(TestRunner.java:766)
	at org.testng.TestRunner.run(TestRunner.java:587)
	at org.testng.SuiteRunner.runTest(SuiteRunner.java:384)
	at org.testng.SuiteRunner.runSequentially(SuiteRunner.java:378)
	at org.testng.SuiteRunner.privateRun(SuiteRunner.java:337)
	at org.testng.SuiteRunner.run(SuiteRunner.java:286)
	at org.testng.SuiteRunnerWorker.runSuite(SuiteRunnerWorker.java:53)
	at org.testng.SuiteRunnerWorker.run(SuiteRunnerWorker.java:96)
	at org.testng.TestNG.runSuitesSequentially(TestNG.java:1187)
	at org.testng.TestNG.runSuitesLocally(TestNG.java:1109)
	at org.testng.TestNG.runSuites(TestNG.java:1039)
	at org.testng.TestNG.run(TestNG.java:1007)
	at org.apache.maven.surefire.testng.TestNGExecutor.run(TestNGExecutor.java:136)
	at org.apache.maven.surefire.testng.TestNGDirectoryTestSuite.executeSingleClass(TestNGDirectoryTestSuite.java:112)
	at org.apache.maven.surefire.testng.TestNGDirectoryTestSuite.executeLazy(TestNGDirectoryTestSuite.java:123)
	at org.apache.maven.surefire.testng.TestNGDirectoryTestSuite.execute(TestNGDirectoryTestSuite.java:90)
	at org.apache.maven.surefire.testng.TestNGProvider.invoke(TestNGProvider.java:145)
	at org.apache.maven.surefire.booter.ForkedBooter.runSuitesInProcess(ForkedBooter.java:428)
	at org.apache.maven.surefire.booter.ForkedBooter.execute(ForkedBooter.java:162)
	at org.apache.maven.surefire.booter.ForkedBooter.run(ForkedBooter.java:562)
	at org.apache.maven.surefire.booter.ForkedBooter.main(ForkedBooter.java:548)
Caused by: java.lang.ExceptionInInitializerError: Exception java.lang.RuntimeException: Could not acquire java.nio.Bits class: class java.lang.ClassNotFoundException [in thread "main"]
	at org.apache.datasketches.memory.NioBits.<clinit>(NioBits.java:88)
	at org.apache.datasketches.memory.AllocateDirect.<init>(AllocateDirect.java:51)
	at org.apache.datasketches.memory.BaseWritableMemoryImpl.wrapDirect(BaseWritableMemoryImpl.java:120)
	at org.apache.datasketches.memory.WritableMemory.allocateDirect(WritableMemory.java:160)
	at org.apache.datasketches.memory.WritableMemory.allocateDirect(WritableMemory.java:139)
	at org.apache.datasketches.theta.UnionImplTest.checkMoveAndResize(UnionImplTest.java:172)
	... 34 more

org.apache.datasketches.theta.DirectQuickSelectSketchTest.checkConstructorKtooSmall  Time elapsed: 0.001 s  <<< FAILURE!
org.testng.TestException: 

Expected exception of type class org.apache.datasketches.SketchesArgumentException but got java.lang.NoClassDefFoundError: Could not initialize class org.apache.datasketches.memory.NioBits
	at org.testng.internal.ExpectedExceptionsHolder.wrongException(ExpectedExceptionsHolder.java:68)
	at org.testng.internal.TestInvoker.considerExceptions(TestInvoker.java:731)
	at org.testng.internal.TestInvoker.invokeMethod(TestInvoker.java:629)
	at org.testng.internal.TestInvoker.invokeTestMethod(TestInvoker.java:173)
	at org.testng.internal.MethodRunner.runInSequence(MethodRunner.java:46)
	at org.testng.internal.TestInvoker$MethodInvocationAgent.invoke(TestInvoker.java:816)
	at org.testng.internal.TestInvoker.invokeTestMethods(TestInvoker.java:146)
	at org.testng.internal.TestMethodWorker.invokeTestMethods(TestMethodWorker.java:146)
	at org.testng.internal.TestMethodWorker.run(TestMethodWorker.java:128)
	at java.base/java.util.ArrayList.forEach(ArrayList.java:1511)
	at org.testng.TestRunner.privateRun(TestRunner.java:766)
	at org.testng.TestRunner.run(TestRunner.java:587)
	at org.testng.SuiteRunner.runTest(SuiteRunner.java:384)
	at org.testng.SuiteRunner.runSequentially(SuiteRunner.java:378)
	at org.testng.SuiteRunner.privateRun(SuiteRunner.java:337)
	at org.testng.SuiteRunner.run(SuiteRunner.java:286)
	at org.testng.SuiteRunnerWorker.runSuite(SuiteRunnerWorker.java:53)
	at org.testng.SuiteRunnerWorker.run(SuiteRunnerWorker.java:96)
	at org.testng.TestNG.runSuitesSequentially(TestNG.java:1187)
	at org.testng.TestNG.runSuitesLocally(TestNG.java:1109)
	at org.testng.TestNG.runSuites(TestNG.java:1039)
	at org.testng.TestNG.run(TestNG.java:1007)
	at org.apache.maven.surefire.testng.TestNGExecutor.run(TestNGExecutor.java:136)
	at org.apache.maven.surefire.testng.TestNGDirectoryTestSuite.executeSingleClass(TestNGDirectoryTestSuite.java:112)
	at org.apache.maven.surefire.testng.TestNGDirectoryTestSuite.executeLazy(TestNGDirectoryTestSuite.java:123)
	at org.apache.maven.surefire.testng.TestNGDirectoryTestSuite.execute(TestNGDirectoryTestSuite.java:90)
	at org.apache.maven.surefire.testng.TestNGProvider.invoke(TestNGProvider.java:145)
	at org.apache.maven.surefire.booter.ForkedBooter.runSuitesInProcess(ForkedBooter.java:428)
	at org.apache.maven.surefire.booter.ForkedBooter.execute(ForkedBooter.java:162)
	at org.apache.maven.surefire.booter.ForkedBooter.run(ForkedBooter.java:562)
	at org.apache.maven.surefire.booter.ForkedBooter.main(ForkedBooter.java:548)
Caused by: java.lang.NoClassDefFoundError: Could not initialize class org.apache.datasketches.memory.NioBits
	at org.apache.datasketches.memory.AllocateDirect.<init>(AllocateDirect.java:51)
	at org.apache.datasketches.memory.BaseWritableMemoryImpl.wrapDirect(BaseWritableMemoryImpl.java:120)
	at org.apache.datasketches.memory.WritableMemory.allocateDirect(WritableMemory.java:160)
	at org.apache.datasketches.memory.WritableMemory.allocateDirect(WritableMemory.java:139)
	at org.apache.datasketches.theta.DirectQuickSelectSketchTest.makeNativeMemory(DirectQuickSelectSketchTest.java:883)
	at org.apache.datasketches.theta.DirectQuickSelectSketchTest.checkConstructorKtooSmall(DirectQuickSelectSketchTest.java:86)
	at java.base/jdk.internal.reflect.NativeMethodAccessorImpl.invoke0(Native Method)
	at java.base/jdk.internal.reflect.NativeMethodAccessorImpl.invoke(NativeMethodAccessorImpl.java:77)
	at java.base/jdk.internal.reflect.DelegatingMethodAccessorImpl.invoke(DelegatingMethodAccessorImpl.java:43)
	at java.base/java.lang.reflect.Method.invoke(Method.java:568)
	at org.testng.internal.MethodInvocationHelper.invokeMethod(MethodInvocationHelper.java:134)
	at org.testng.internal.TestInvoker.invokeMethod(TestInvoker.java:597)
	... 28 more
Caused by: java.lang.ExceptionInInitializerError: Exception java.lang.RuntimeException: Could not acquire java.nio.Bits class: class java.lang.ClassNotFoundException [in thread "main"]
	at org.apache.datasketches.memory.NioBits.<clinit>(NioBits.java:88)
	at org.apache.datasketches.memory.AllocateDirect.<init>(AllocateDirect.java:51)
	at org.apache.datasketches.memory.BaseWritableMemoryImpl.wrapDirect(BaseWritableMemoryImpl.java:120)
	at org.apache.datasketches.memory.WritableMemory.allocateDirect(WritableMemory.java:160)
	at org.apache.datasketches.memory.WritableMemory.allocateDirect(WritableMemory.java:139)
	at org.apache.datasketches.theta.UnionImplTest.checkMoveAndResize(UnionImplTest.java:172)
	... 34 more

org.apache.datasketches.theta.DirectQuickSelectSketchTest.checkConstructorMemTooSmall  Time elapsed: 0.001 s  <<< FAILURE!
org.testng.TestException: 

Expected exception of type class org.apache.datasketches.SketchesArgumentException but got java.lang.NoClassDefFoundError: Could not initialize class org.apache.datasketches.memory.NioBits
	at org.testng.internal.ExpectedExceptionsHolder.wrongException(ExpectedExceptionsHolder.java:68)
	at org.testng.internal.TestInvoker.considerExceptions(TestInvoker.java:731)
	at org.testng.internal.TestInvoker.invokeMethod(TestInvoker.java:629)
	at org.testng.internal.TestInvoker.invokeTestMethod(TestInvoker.java:173)
	at org.testng.internal.MethodRunner.runInSequence(MethodRunner.java:46)
	at org.testng.internal.TestInvoker$MethodInvocationAgent.invoke(TestInvoker.java:816)
	at org.testng.internal.TestInvoker.invokeTestMethods(TestInvoker.java:146)
	at org.testng.internal.TestMethodWorker.invokeTestMethods(TestMethodWorker.java:146)
	at org.testng.internal.TestMethodWorker.run(TestMethodWorker.java:128)
	at java.base/java.util.ArrayList.forEach(ArrayList.java:1511)
	at org.testng.TestRunner.privateRun(TestRunner.java:766)
	at org.testng.TestRunner.run(TestRunner.java:587)
	at org.testng.SuiteRunner.runTest(SuiteRunner.java:384)
	at org.testng.SuiteRunner.runSequentially(SuiteRunner.java:378)
	at org.testng.SuiteRunner.privateRun(SuiteRunner.java:337)
	at org.testng.SuiteRunner.run(SuiteRunner.java:286)
	at org.testng.SuiteRunnerWorker.runSuite(SuiteRunnerWorker.java:53)
	at org.testng.SuiteRunnerWorker.run(SuiteRunnerWorker.java:96)
	at org.testng.TestNG.runSuitesSequentially(TestNG.java:1187)
	at org.testng.TestNG.runSuitesLocally(TestNG.java:1109)
	at org.testng.TestNG.runSuites(TestNG.java:1039)
	at org.testng.TestNG.run(TestNG.java:1007)
	at org.apache.maven.surefire.testng.TestNGExecutor.run(TestNGExecutor.java:136)
	at org.apache.maven.surefire.testng.TestNGDirectoryTestSuite.executeSingleClass(TestNGDirectoryTestSuite.java:112)
	at org.apache.maven.surefire.testng.TestNGDirectoryTestSuite.executeLazy(TestNGDirectoryTestSuite.java:123)
	at org.apache.maven.surefire.testng.TestNGDirectoryTestSuite.execute(TestNGDirectoryTestSuite.java:90)
	at org.apache.maven.surefire.testng.TestNGProvider.invoke(TestNGProvider.java:145)
	at org.apache.maven.surefire.booter.ForkedBooter.runSuitesInProcess(ForkedBooter.java:428)
	at org.apache.maven.surefire.booter.ForkedBooter.execute(ForkedBooter.java:162)
	at org.apache.maven.surefire.booter.ForkedBooter.run(ForkedBooter.java:562)
	at org.apache.maven.surefire.booter.ForkedBooter.main(ForkedBooter.java:548)
Caused by: java.lang.NoClassDefFoundError: Could not initialize class org.apache.datasketches.memory.NioBits
	at org.apache.datasketches.memory.AllocateDirect.<init>(AllocateDirect.java:51)
	at org.apache.datasketches.memory.BaseWritableMemoryImpl.wrapDirect(BaseWritableMemoryImpl.java:120)
	at org.apache.datasketches.memory.WritableMemory.allocateDirect(WritableMemory.java:160)
	at org.apache.datasketches.memory.WritableMemory.allocateDirect(WritableMemory.java:139)
	at org.apache.datasketches.theta.DirectQuickSelectSketchTest.makeNativeMemory(DirectQuickSelectSketchTest.java:883)
	at org.apache.datasketches.theta.DirectQuickSelectSketchTest.checkConstructorMemTooSmall(DirectQuickSelectSketchTest.java:95)
	at java.base/jdk.internal.reflect.NativeMethodAccessorImpl.invoke0(Native Method)
	at java.base/jdk.internal.reflect.NativeMethodAccessorImpl.invoke(NativeMethodAccessorImpl.java:77)
	at java.base/jdk.internal.reflect.DelegatingMethodAccessorImpl.invoke(DelegatingMethodAccessorImpl.java:43)
	at java.base/java.lang.reflect.Method.invoke(Method.java:568)
	at org.testng.internal.MethodInvocationHelper.invokeMethod(MethodInvocationHelper.java:134)
	at org.testng.internal.TestInvoker.invokeMethod(TestInvoker.java:597)
	... 28 more
Caused by: java.lang.ExceptionInInitializerError: Exception java.lang.RuntimeException: Could not acquire java.nio.Bits class: class java.lang.ClassNotFoundException [in thread "main"]
	at org.apache.datasketches.memory.NioBits.<clinit>(NioBits.java:88)
	at org.apache.datasketches.memory.AllocateDirect.<init>(AllocateDirect.java:51)
	at org.apache.datasketches.memory.BaseWritableMemoryImpl.wrapDirect(BaseWritableMemoryImpl.java:120)
	at org.apache.datasketches.memory.WritableMemory.allocateDirect(WritableMemory.java:160)
	at org.apache.datasketches.memory.WritableMemory.allocateDirect(WritableMemory.java:139)
	at org.apache.datasketches.theta.UnionImplTest.checkMoveAndResize(UnionImplTest.java:172)
	... 34 more

org.apache.datasketches.theta.DirectQuickSelectSketchTest.checkCorruptLgNomLongs  Time elapsed: 0.002 s  <<< FAILURE!
org.testng.TestException: 

Expected exception of type class org.apache.datasketches.SketchesArgumentException but got java.lang.NoClassDefFoundError: Could not initialize class org.apache.datasketches.memory.NioBits
	at org.testng.internal.ExpectedExceptionsHolder.wrongException(ExpectedExceptionsHolder.java:68)
	at org.testng.internal.TestInvoker.considerExceptions(TestInvoker.java:731)
	at org.testng.internal.TestInvoker.invokeMethod(TestInvoker.java:629)
	at org.testng.internal.TestInvoker.invokeTestMethod(TestInvoker.java:173)
	at org.testng.internal.MethodRunner.runInSequence(MethodRunner.java:46)
	at org.testng.internal.TestInvoker$MethodInvocationAgent.invoke(TestInvoker.java:816)
	at org.testng.internal.TestInvoker.invokeTestMethods(TestInvoker.java:146)
	at org.testng.internal.TestMethodWorker.invokeTestMethods(TestMethodWorker.java:146)
	at org.testng.internal.TestMethodWorker.run(TestMethodWorker.java:128)
	at java.base/java.util.ArrayList.forEach(ArrayList.java:1511)
	at org.testng.TestRunner.privateRun(TestRunner.java:766)
	at org.testng.TestRunner.run(TestRunner.java:587)
	at org.testng.SuiteRunner.runTest(SuiteRunner.java:384)
	at org.testng.SuiteRunner.runSequentially(SuiteRunner.java:378)
	at org.testng.SuiteRunner.privateRun(SuiteRunner.java:337)
	at org.testng.SuiteRunner.run(SuiteRunner.java:286)
	at org.testng.SuiteRunnerWorker.runSuite(SuiteRunnerWorker.java:53)
	at org.testng.SuiteRunnerWorker.run(SuiteRunnerWorker.java:96)
	at org.testng.TestNG.runSuitesSequentially(TestNG.java:1187)
	at org.testng.TestNG.runSuitesLocally(TestNG.java:1109)
	at org.testng.TestNG.runSuites(TestNG.java:1039)
	at org.testng.TestNG.run(TestNG.java:1007)
	at org.apache.maven.surefire.testng.TestNGExecutor.run(TestNGExecutor.java:136)
	at org.apache.maven.surefire.testng.TestNGDirectoryTestSuite.executeSingleClass(TestNGDirectoryTestSuite.java:112)
	at org.apache.maven.surefire.testng.TestNGDirectoryTestSuite.executeLazy(TestNGDirectoryTestSuite.java:123)
	at org.apache.maven.surefire.testng.TestNGDirectoryTestSuite.execute(TestNGDirectoryTestSuite.java:90)
	at org.apache.maven.surefire.testng.TestNGProvider.invoke(TestNGProvider.java:145)
	at org.apache.maven.surefire.booter.ForkedBooter.runSuitesInProcess(ForkedBooter.java:428)
	at org.apache.maven.surefire.booter.ForkedBooter.execute(ForkedBooter.java:162)
	at org.apache.maven.surefire.booter.ForkedBooter.run(ForkedBooter.java:562)
	at org.apache.maven.surefire.booter.ForkedBooter.main(ForkedBooter.java:548)
Caused by: java.lang.NoClassDefFoundError: Could not initialize class org.apache.datasketches.memory.NioBits
	at org.apache.datasketches.memory.AllocateDirect.<init>(AllocateDirect.java:51)
	at org.apache.datasketches.memory.BaseWritableMemoryImpl.wrapDirect(BaseWritableMemoryImpl.java:120)
	at org.apache.datasketches.memory.WritableMemory.allocateDirect(WritableMemory.java:160)
	at org.apache.datasketches.memory.WritableMemory.allocateDirect(WritableMemory.java:139)
	at org.apache.datasketches.theta.DirectQuickSelectSketchTest.makeNativeMemory(DirectQuickSelectSketchTest.java:883)
	at org.apache.datasketches.theta.DirectQuickSelectSketchTest.checkCorruptLgNomLongs(DirectQuickSelectSketchTest.java:203)
	at java.base/jdk.internal.reflect.NativeMethodAccessorImpl.invoke0(Native Method)
	at java.base/jdk.internal.reflect.NativeMethodAccessorImpl.invoke(NativeMethodAccessorImpl.java:77)
	at java.base/jdk.internal.reflect.DelegatingMethodAccessorImpl.invoke(DelegatingMethodAccessorImpl.java:43)
	at java.base/java.lang.reflect.Method.invoke(Method.java:568)
	at org.testng.internal.MethodInvocationHelper.invokeMethod(MethodInvocationHelper.java:134)
	at org.testng.internal.TestInvoker.invokeMethod(TestInvoker.java:597)
	... 28 more
Caused by: java.lang.ExceptionInInitializerError: Exception java.lang.RuntimeException: Could not acquire java.nio.Bits class: class java.lang.ClassNotFoundException [in thread "main"]
	at org.apache.datasketches.memory.NioBits.<clinit>(NioBits.java:88)
	at org.apache.datasketches.memory.AllocateDirect.<init>(AllocateDirect.java:51)
	at org.apache.datasketches.memory.BaseWritableMemoryImpl.wrapDirect(BaseWritableMemoryImpl.java:120)
	at org.apache.datasketches.memory.WritableMemory.allocateDirect(WritableMemory.java:160)
	at org.apache.datasketches.memory.WritableMemory.allocateDirect(WritableMemory.java:139)
	at org.apache.datasketches.theta.UnionImplTest.checkMoveAndResize(UnionImplTest.java:172)
	... 34 more

org.apache.datasketches.theta.DirectQuickSelectSketchTest.checkDQStoCompactEmptyForms  Time elapsed: 0.002 s  <<< FAILURE!
java.lang.NoClassDefFoundError: Could not initialize class org.apache.datasketches.memory.NioBits
	at org.apache.datasketches.memory.AllocateDirect.<init>(AllocateDirect.java:51)
	at org.apache.datasketches.memory.BaseWritableMemoryImpl.wrapDirect(BaseWritableMemoryImpl.java:120)
	at org.apache.datasketches.memory.WritableMemory.allocateDirect(WritableMemory.java:160)
	at org.apache.datasketches.memory.WritableMemory.allocateDirect(WritableMemory.java:139)
	at org.apache.datasketches.theta.DirectQuickSelectSketchTest.makeNativeMemory(DirectQuickSelectSketchTest.java:883)
	at org.apache.datasketches.theta.DirectQuickSelectSketchTest.checkDQStoCompactEmptyForms(DirectQuickSelectSketchTest.java:367)
	at java.base/jdk.internal.reflect.NativeMethodAccessorImpl.invoke0(Native Method)
	at java.base/jdk.internal.reflect.NativeMethodAccessorImpl.invoke(NativeMethodAccessorImpl.java:77)
	at java.base/jdk.internal.reflect.DelegatingMethodAccessorImpl.invoke(DelegatingMethodAccessorImpl.java:43)
	at java.base/java.lang.reflect.Method.invoke(Method.java:568)
	at org.testng.internal.MethodInvocationHelper.invokeMethod(MethodInvocationHelper.java:134)
	at org.testng.internal.TestInvoker.invokeMethod(TestInvoker.java:597)
	at org.testng.internal.TestInvoker.invokeTestMethod(TestInvoker.java:173)
	at org.testng.internal.MethodRunner.runInSequence(MethodRunner.java:46)
	at org.testng.internal.TestInvoker$MethodInvocationAgent.invoke(TestInvoker.java:816)
	at org.testng.internal.TestInvoker.invokeTestMethods(TestInvoker.java:146)
	at org.testng.internal.TestMethodWorker.invokeTestMethods(TestMethodWorker.java:146)
	at org.testng.internal.TestMethodWorker.run(TestMethodWorker.java:128)
	at java.base/java.util.ArrayList.forEach(ArrayList.java:1511)
	at org.testng.TestRunner.privateRun(TestRunner.java:766)
	at org.testng.TestRunner.run(TestRunner.java:587)
	at org.testng.SuiteRunner.runTest(SuiteRunner.java:384)
	at org.testng.SuiteRunner.runSequentially(SuiteRunner.java:378)
	at org.testng.SuiteRunner.privateRun(SuiteRunner.java:337)
	at org.testng.SuiteRunner.run(SuiteRunner.java:286)
	at org.testng.SuiteRunnerWorker.runSuite(SuiteRunnerWorker.java:53)
	at org.testng.SuiteRunnerWorker.run(SuiteRunnerWorker.java:96)
	at org.testng.TestNG.runSuitesSequentially(TestNG.java:1187)
	at org.testng.TestNG.runSuitesLocally(TestNG.java:1109)
	at org.testng.TestNG.runSuites(TestNG.java:1039)
	at org.testng.TestNG.run(TestNG.java:1007)
	at org.apache.maven.surefire.testng.TestNGExecutor.run(TestNGExecutor.java:136)
	at org.apache.maven.surefire.testng.TestNGDirectoryTestSuite.executeSingleClass(TestNGDirectoryTestSuite.java:112)
	at org.apache.maven.surefire.testng.TestNGDirectoryTestSuite.executeLazy(TestNGDirectoryTestSuite.java:123)
	at org.apache.maven.surefire.testng.TestNGDirectoryTestSuite.execute(TestNGDirectoryTestSuite.java:90)
	at org.apache.maven.surefire.testng.TestNGProvider.invoke(TestNGProvider.java:145)
	at org.apache.maven.surefire.booter.ForkedBooter.runSuitesInProcess(ForkedBooter.java:428)
	at org.apache.maven.surefire.booter.ForkedBooter.execute(ForkedBooter.java:162)
	at org.apache.maven.surefire.booter.ForkedBooter.run(ForkedBooter.java:562)
	at org.apache.maven.surefire.booter.ForkedBooter.main(ForkedBooter.java:548)
Caused by: java.lang.ExceptionInInitializerError: Exception java.lang.RuntimeException: Could not acquire java.nio.Bits class: class java.lang.ClassNotFoundException [in thread "main"]
	at org.apache.datasketches.memory.NioBits.<clinit>(NioBits.java:88)
	at org.apache.datasketches.memory.AllocateDirect.<init>(AllocateDirect.java:51)
	at org.apache.datasketches.memory.BaseWritableMemoryImpl.wrapDirect(BaseWritableMemoryImpl.java:120)
	at org.apache.datasketches.memory.WritableMemory.allocateDirect(WritableMemory.java:160)
	at org.apache.datasketches.memory.WritableMemory.allocateDirect(WritableMemory.java:139)
	at org.apache.datasketches.theta.UnionImplTest.checkMoveAndResize(UnionImplTest.java:172)
	... 34 more

org.apache.datasketches.theta.DirectQuickSelectSketchTest.checkDQStoCompactForms  Time elapsed: 0.001 s  <<< FAILURE!
java.lang.NoClassDefFoundError: Could not initialize class org.apache.datasketches.memory.NioBits
	at org.apache.datasketches.memory.AllocateDirect.<init>(AllocateDirect.java:51)
	at org.apache.datasketches.memory.BaseWritableMemoryImpl.wrapDirect(BaseWritableMemoryImpl.java:120)
	at org.apache.datasketches.memory.WritableMemory.allocateDirect(WritableMemory.java:160)
	at org.apache.datasketches.memory.WritableMemory.allocateDirect(WritableMemory.java:139)
	at org.apache.datasketches.theta.DirectQuickSelectSketchTest.makeNativeMemory(DirectQuickSelectSketchTest.java:883)
	at org.apache.datasketches.theta.DirectQuickSelectSketchTest.checkDQStoCompactForms(DirectQuickSelectSketchTest.java:299)
	at java.base/jdk.internal.reflect.NativeMethodAccessorImpl.invoke0(Native Method)
	at java.base/jdk.internal.reflect.NativeMethodAccessorImpl.invoke(NativeMethodAccessorImpl.java:77)
	at java.base/jdk.internal.reflect.DelegatingMethodAccessorImpl.invoke(DelegatingMethodAccessorImpl.java:43)
	at java.base/java.lang.reflect.Method.invoke(Method.java:568)
	at org.testng.internal.MethodInvocationHelper.invokeMethod(MethodInvocationHelper.java:134)
	at org.testng.internal.TestInvoker.invokeMethod(TestInvoker.java:597)
	at org.testng.internal.TestInvoker.invokeTestMethod(TestInvoker.java:173)
	at org.testng.internal.MethodRunner.runInSequence(MethodRunner.java:46)
	at org.testng.internal.TestInvoker$MethodInvocationAgent.invoke(TestInvoker.java:816)
	at org.testng.internal.TestInvoker.invokeTestMethods(TestInvoker.java:146)
	at org.testng.internal.TestMethodWorker.invokeTestMethods(TestMethodWorker.java:146)
	at org.testng.internal.TestMethodWorker.run(TestMethodWorker.java:128)
	at java.base/java.util.ArrayList.forEach(ArrayList.java:1511)
	at org.testng.TestRunner.privateRun(TestRunner.java:766)
	at org.testng.TestRunner.run(TestRunner.java:587)
	at org.testng.SuiteRunner.runTest(SuiteRunner.java:384)
	at org.testng.SuiteRunner.runSequentially(SuiteRunner.java:378)
	at org.testng.SuiteRunner.privateRun(SuiteRunner.java:337)
	at org.testng.SuiteRunner.run(SuiteRunner.java:286)
	at org.testng.SuiteRunnerWorker.runSuite(SuiteRunnerWorker.java:53)
	at org.testng.SuiteRunnerWorker.run(SuiteRunnerWorker.java:96)
	at org.testng.TestNG.runSuitesSequentially(TestNG.java:1187)
	at org.testng.TestNG.runSuitesLocally(TestNG.java:1109)
	at org.testng.TestNG.runSuites(TestNG.java:1039)
	at org.testng.TestNG.run(TestNG.java:1007)
	at org.apache.maven.surefire.testng.TestNGExecutor.run(TestNGExecutor.java:136)
	at org.apache.maven.surefire.testng.TestNGDirectoryTestSuite.executeSingleClass(TestNGDirectoryTestSuite.java:112)
	at org.apache.maven.surefire.testng.TestNGDirectoryTestSuite.executeLazy(TestNGDirectoryTestSuite.java:123)
	at org.apache.maven.surefire.testng.TestNGDirectoryTestSuite.execute(TestNGDirectoryTestSuite.java:90)
	at org.apache.maven.surefire.testng.TestNGProvider.invoke(TestNGProvider.java:145)
	at org.apache.maven.surefire.booter.ForkedBooter.runSuitesInProcess(ForkedBooter.java:428)
	at org.apache.maven.surefire.booter.ForkedBooter.execute(ForkedBooter.java:162)
	at org.apache.maven.surefire.booter.ForkedBooter.run(ForkedBooter.java:562)
	at org.apache.maven.surefire.booter.ForkedBooter.main(ForkedBooter.java:548)
Caused by: java.lang.ExceptionInInitializerError: Exception java.lang.RuntimeException: Could not acquire java.nio.Bits class: class java.lang.ClassNotFoundException [in thread "main"]
	at org.apache.datasketches.memory.NioBits.<clinit>(NioBits.java:88)
	at org.apache.datasketches.memory.AllocateDirect.<init>(AllocateDirect.java:51)
	at org.apache.datasketches.memory.BaseWritableMemoryImpl.wrapDirect(BaseWritableMemoryImpl.java:120)
	at org.apache.datasketches.memory.WritableMemory.allocateDirect(WritableMemory.java:160)
	at org.apache.datasketches.memory.WritableMemory.allocateDirect(WritableMemory.java:139)
	at org.apache.datasketches.theta.UnionImplTest.checkMoveAndResize(UnionImplTest.java:172)
	... 34 more

org.apache.datasketches.theta.DirectQuickSelectSketchTest.checkEmptyAndP  Time elapsed: 0.001 s  <<< FAILURE!
java.lang.NoClassDefFoundError: Could not initialize class org.apache.datasketches.memory.NioBits
	at org.apache.datasketches.memory.AllocateDirect.<init>(AllocateDirect.java:51)
	at org.apache.datasketches.memory.BaseWritableMemoryImpl.wrapDirect(BaseWritableMemoryImpl.java:120)
	at org.apache.datasketches.memory.WritableMemory.allocateDirect(WritableMemory.java:160)
	at org.apache.datasketches.memory.WritableMemory.allocateDirect(WritableMemory.java:139)
	at org.apache.datasketches.theta.DirectQuickSelectSketchTest.makeNativeMemory(DirectQuickSelectSketchTest.java:883)
	at org.apache.datasketches.theta.DirectQuickSelectSketchTest.checkEmptyAndP(DirectQuickSelectSketchTest.java:487)
	at java.base/jdk.internal.reflect.NativeMethodAccessorImpl.invoke0(Native Method)
	at java.base/jdk.internal.reflect.NativeMethodAccessorImpl.invoke(NativeMethodAccessorImpl.java:77)
	at java.base/jdk.internal.reflect.DelegatingMethodAccessorImpl.invoke(DelegatingMethodAccessorImpl.java:43)
	at java.base/java.lang.reflect.Method.invoke(Method.java:568)
	at org.testng.internal.MethodInvocationHelper.invokeMethod(MethodInvocationHelper.java:134)
	at org.testng.internal.TestInvoker.invokeMethod(TestInvoker.java:597)
	at org.testng.internal.TestInvoker.invokeTestMethod(TestInvoker.java:173)
	at org.testng.internal.MethodRunner.runInSequence(MethodRunner.java:46)
	at org.testng.internal.TestInvoker$MethodInvocationAgent.invoke(TestInvoker.java:816)
	at org.testng.internal.TestInvoker.invokeTestMethods(TestInvoker.java:146)
	at org.testng.internal.TestMethodWorker.invokeTestMethods(TestMethodWorker.java:146)
	at org.testng.internal.TestMethodWorker.run(TestMethodWorker.java:128)
	at java.base/java.util.ArrayList.forEach(ArrayList.java:1511)
	at org.testng.TestRunner.privateRun(TestRunner.java:766)
	at org.testng.TestRunner.run(TestRunner.java:587)
	at org.testng.SuiteRunner.runTest(SuiteRunner.java:384)
	at org.testng.SuiteRunner.runSequentially(SuiteRunner.java:378)
	at org.testng.SuiteRunner.privateRun(SuiteRunner.java:337)
	at org.testng.SuiteRunner.run(SuiteRunner.java:286)
	at org.testng.SuiteRunnerWorker.runSuite(SuiteRunnerWorker.java:53)
	at org.testng.SuiteRunnerWorker.run(SuiteRunnerWorker.java:96)
	at org.testng.TestNG.runSuitesSequentially(TestNG.java:1187)
	at org.testng.TestNG.runSuitesLocally(TestNG.java:1109)
	at org.testng.TestNG.runSuites(TestNG.java:1039)
	at org.testng.TestNG.run(TestNG.java:1007)
	at org.apache.maven.surefire.testng.TestNGExecutor.run(TestNGExecutor.java:136)
	at org.apache.maven.surefire.testng.TestNGDirectoryTestSuite.executeSingleClass(TestNGDirectoryTestSuite.java:112)
	at org.apache.maven.surefire.testng.TestNGDirectoryTestSuite.executeLazy(TestNGDirectoryTestSuite.java:123)
	at org.apache.maven.surefire.testng.TestNGDirectoryTestSuite.execute(TestNGDirectoryTestSuite.java:90)
	at org.apache.maven.surefire.testng.TestNGProvider.invoke(TestNGProvider.java:145)
	at org.apache.maven.surefire.booter.ForkedBooter.runSuitesInProcess(ForkedBooter.java:428)
	at org.apache.maven.surefire.booter.ForkedBooter.execute(ForkedBooter.java:162)
	at org.apache.maven.surefire.booter.ForkedBooter.run(ForkedBooter.java:562)
	at org.apache.maven.surefire.booter.ForkedBooter.main(ForkedBooter.java:548)
Caused by: java.lang.ExceptionInInitializerError: Exception java.lang.RuntimeException: Could not acquire java.nio.Bits class: class java.lang.ClassNotFoundException [in thread "main"]
	at org.apache.datasketches.memory.NioBits.<clinit>(NioBits.java:88)
	at org.apache.datasketches.memory.AllocateDirect.<init>(AllocateDirect.java:51)
	at org.apache.datasketches.memory.BaseWritableMemoryImpl.wrapDirect(BaseWritableMemoryImpl.java:120)
	at org.apache.datasketches.memory.WritableMemory.allocateDirect(WritableMemory.java:160)
	at org.apache.datasketches.memory.WritableMemory.allocateDirect(WritableMemory.java:139)
	at org.apache.datasketches.theta.UnionImplTest.checkMoveAndResize(UnionImplTest.java:172)
	... 34 more

org.apache.datasketches.theta.DirectQuickSelectSketchTest.checkErrorBounds  Time elapsed: 0.002 s  <<< FAILURE!
java.lang.NoClassDefFoundError: Could not initialize class org.apache.datasketches.memory.NioBits
	at org.apache.datasketches.memory.AllocateDirect.<init>(AllocateDirect.java:51)
	at org.apache.datasketches.memory.BaseWritableMemoryImpl.wrapDirect(BaseWritableMemoryImpl.java:120)
	at org.apache.datasketches.memory.WritableMemory.allocateDirect(WritableMemory.java:160)
	at org.apache.datasketches.memory.WritableMemory.allocateDirect(WritableMemory.java:139)
	at org.apache.datasketches.theta.DirectQuickSelectSketchTest.makeNativeMemory(DirectQuickSelectSketchTest.java:883)
	at org.apache.datasketches.theta.DirectQuickSelectSketchTest.checkErrorBounds(DirectQuickSelectSketchTest.java:453)
	at java.base/jdk.internal.reflect.NativeMethodAccessorImpl.invoke0(Native Method)
	at java.base/jdk.internal.reflect.NativeMethodAccessorImpl.invoke(NativeMethodAccessorImpl.java:77)
	at java.base/jdk.internal.reflect.DelegatingMethodAccessorImpl.invoke(DelegatingMethodAccessorImpl.java:43)
	at java.base/java.lang.reflect.Method.invoke(Method.java:568)
	at org.testng.internal.MethodInvocationHelper.invokeMethod(MethodInvocationHelper.java:134)
	at org.testng.internal.TestInvoker.invokeMethod(TestInvoker.java:597)
	at org.testng.internal.TestInvoker.invokeTestMethod(TestInvoker.java:173)
	at org.testng.internal.MethodRunner.runInSequence(MethodRunner.java:46)
	at org.testng.internal.TestInvoker$MethodInvocationAgent.invoke(TestInvoker.java:816)
	at org.testng.internal.TestInvoker.invokeTestMethods(TestInvoker.java:146)
	at org.testng.internal.TestMethodWorker.invokeTestMethods(TestMethodWorker.java:146)
	at org.testng.internal.TestMethodWorker.run(TestMethodWorker.java:128)
	at java.base/java.util.ArrayList.forEach(ArrayList.java:1511)
	at org.testng.TestRunner.privateRun(TestRunner.java:766)
	at org.testng.TestRunner.run(TestRunner.java:587)
	at org.testng.SuiteRunner.runTest(SuiteRunner.java:384)
	at org.testng.SuiteRunner.runSequentially(SuiteRunner.java:378)
	at org.testng.SuiteRunner.privateRun(SuiteRunner.java:337)
	at org.testng.SuiteRunner.run(SuiteRunner.java:286)
	at org.testng.SuiteRunnerWorker.runSuite(SuiteRunnerWorker.java:53)
	at org.testng.SuiteRunnerWorker.run(SuiteRunnerWorker.java:96)
	at org.testng.TestNG.runSuitesSequentially(TestNG.java:1187)
	at org.testng.TestNG.runSuitesLocally(TestNG.java:1109)
	at org.testng.TestNG.runSuites(TestNG.java:1039)
	at org.testng.TestNG.run(TestNG.java:1007)
	at org.apache.maven.surefire.testng.TestNGExecutor.run(TestNGExecutor.java:136)
	at org.apache.maven.surefire.testng.TestNGDirectoryTestSuite.executeSingleClass(TestNGDirectoryTestSuite.java:112)
	at org.apache.maven.surefire.testng.TestNGDirectoryTestSuite.executeLazy(TestNGDirectoryTestSuite.java:123)
	at org.apache.maven.surefire.testng.TestNGDirectoryTestSuite.execute(TestNGDirectoryTestSuite.java:90)
	at org.apache.maven.surefire.testng.TestNGProvider.invoke(TestNGProvider.java:145)
	at org.apache.maven.surefire.booter.ForkedBooter.runSuitesInProcess(ForkedBooter.java:428)
	at org.apache.maven.surefire.booter.ForkedBooter.execute(ForkedBooter.java:162)
	at org.apache.maven.surefire.booter.ForkedBooter.run(ForkedBooter.java:562)
	at org.apache.maven.surefire.booter.ForkedBooter.main(ForkedBooter.java:548)
Caused by: java.lang.ExceptionInInitializerError: Exception java.lang.RuntimeException: Could not acquire java.nio.Bits class: class java.lang.ClassNotFoundException [in thread "main"]
	at org.apache.datasketches.memory.NioBits.<clinit>(NioBits.java:88)
	at org.apache.datasketches.memory.AllocateDirect.<init>(AllocateDirect.java:51)
	at org.apache.datasketches.memory.BaseWritableMemoryImpl.wrapDirect(BaseWritableMemoryImpl.java:120)
	at org.apache.datasketches.memory.WritableMemory.allocateDirect(WritableMemory.java:160)
	at org.apache.datasketches.memory.WritableMemory.allocateDirect(WritableMemory.java:139)
	at org.apache.datasketches.theta.UnionImplTest.checkMoveAndResize(UnionImplTest.java:172)
	... 34 more

org.apache.datasketches.theta.DirectQuickSelectSketchTest.checkEstMode  Time elapsed: 0 s  <<< FAILURE!
java.lang.NoClassDefFoundError: Could not initialize class org.apache.datasketches.memory.NioBits
	at org.apache.datasketches.memory.AllocateDirect.<init>(AllocateDirect.java:51)
	at org.apache.datasketches.memory.BaseWritableMemoryImpl.wrapDirect(BaseWritableMemoryImpl.java:120)
	at org.apache.datasketches.memory.WritableMemory.allocateDirect(WritableMemory.java:160)
	at org.apache.datasketches.memory.WritableMemory.allocateDirect(WritableMemory.java:139)
	at org.apache.datasketches.theta.DirectQuickSelectSketchTest.makeNativeMemory(DirectQuickSelectSketchTest.java:883)
	at org.apache.datasketches.theta.DirectQuickSelectSketchTest.checkEstMode(DirectQuickSelectSketchTest.java:410)
	at java.base/jdk.internal.reflect.NativeMethodAccessorImpl.invoke0(Native Method)
	at java.base/jdk.internal.reflect.NativeMethodAccessorImpl.invoke(NativeMethodAccessorImpl.java:77)
	at java.base/jdk.internal.reflect.DelegatingMethodAccessorImpl.invoke(DelegatingMethodAccessorImpl.java:43)
	at java.base/java.lang.reflect.Method.invoke(Method.java:568)
	at org.testng.internal.MethodInvocationHelper.invokeMethod(MethodInvocationHelper.java:134)
	at org.testng.internal.TestInvoker.invokeMethod(TestInvoker.java:597)
	at org.testng.internal.TestInvoker.invokeTestMethod(TestInvoker.java:173)
	at org.testng.internal.MethodRunner.runInSequence(MethodRunner.java:46)
	at org.testng.internal.TestInvoker$MethodInvocationAgent.invoke(TestInvoker.java:816)
	at org.testng.internal.TestInvoker.invokeTestMethods(TestInvoker.java:146)
	at org.testng.internal.TestMethodWorker.invokeTestMethods(TestMethodWorker.java:146)
	at org.testng.internal.TestMethodWorker.run(TestMethodWorker.java:128)
	at java.base/java.util.ArrayList.forEach(ArrayList.java:1511)
	at org.testng.TestRunner.privateRun(TestRunner.java:766)
	at org.testng.TestRunner.run(TestRunner.java:587)
	at org.testng.SuiteRunner.runTest(SuiteRunner.java:384)
	at org.testng.SuiteRunner.runSequentially(SuiteRunner.java:378)
	at org.testng.SuiteRunner.privateRun(SuiteRunner.java:337)
	at org.testng.SuiteRunner.run(SuiteRunner.java:286)
	at org.testng.SuiteRunnerWorker.runSuite(SuiteRunnerWorker.java:53)
	at org.testng.SuiteRunnerWorker.run(SuiteRunnerWorker.java:96)
	at org.testng.TestNG.runSuitesSequentially(TestNG.java:1187)
	at org.testng.TestNG.runSuitesLocally(TestNG.java:1109)
	at org.testng.TestNG.runSuites(TestNG.java:1039)
	at org.testng.TestNG.run(TestNG.java:1007)
	at org.apache.maven.surefire.testng.TestNGExecutor.run(TestNGExecutor.java:136)
	at org.apache.maven.surefire.testng.TestNGDirectoryTestSuite.executeSingleClass(TestNGDirectoryTestSuite.java:112)
	at org.apache.maven.surefire.testng.TestNGDirectoryTestSuite.executeLazy(TestNGDirectoryTestSuite.java:123)
	at org.apache.maven.surefire.testng.TestNGDirectoryTestSuite.execute(TestNGDirectoryTestSuite.java:90)
	at org.apache.maven.surefire.testng.TestNGProvider.invoke(TestNGProvider.java:145)
	at org.apache.maven.surefire.booter.ForkedBooter.runSuitesInProcess(ForkedBooter.java:428)
	at org.apache.maven.surefire.booter.ForkedBooter.execute(ForkedBooter.java:162)
	at org.apache.maven.surefire.booter.ForkedBooter.run(ForkedBooter.java:562)
	at org.apache.maven.surefire.booter.ForkedBooter.main(ForkedBooter.java:548)
Caused by: java.lang.ExceptionInInitializerError: Exception java.lang.RuntimeException: Could not acquire java.nio.Bits class: class java.lang.ClassNotFoundException [in thread "main"]
	at org.apache.datasketches.memory.NioBits.<clinit>(NioBits.java:88)
	at org.apache.datasketches.memory.AllocateDirect.<init>(AllocateDirect.java:51)
	at org.apache.datasketches.memory.BaseWritableMemoryImpl.wrapDirect(BaseWritableMemoryImpl.java:120)
	at org.apache.datasketches.memory.WritableMemory.allocateDirect(WritableMemory.java:160)
	at org.apache.datasketches.memory.WritableMemory.allocateDirect(WritableMemory.java:139)
	at org.apache.datasketches.theta.UnionImplTest.checkMoveAndResize(UnionImplTest.java:172)
	... 34 more

org.apache.datasketches.theta.DirectQuickSelectSketchTest.checkEstModeMemoryArr  Time elapsed: 0.001 s  <<< FAILURE!
java.lang.NoClassDefFoundError: Could not initialize class org.apache.datasketches.memory.NioBits
	at org.apache.datasketches.memory.AllocateDirect.<init>(AllocateDirect.java:51)
	at org.apache.datasketches.memory.BaseWritableMemoryImpl.wrapDirect(BaseWritableMemoryImpl.java:120)
	at org.apache.datasketches.memory.WritableMemory.allocateDirect(WritableMemory.java:160)
	at org.apache.datasketches.memory.WritableMemory.allocateDirect(WritableMemory.java:139)
	at org.apache.datasketches.theta.DirectQuickSelectSketchTest.makeNativeMemory(DirectQuickSelectSketchTest.java:883)
	at org.apache.datasketches.theta.DirectQuickSelectSketchTest.checkEstModeMemoryArr(DirectQuickSelectSketchTest.java:619)
	at java.base/jdk.internal.reflect.NativeMethodAccessorImpl.invoke0(Native Method)
	at java.base/jdk.internal.reflect.NativeMethodAccessorImpl.invoke(NativeMethodAccessorImpl.java:77)
	at java.base/jdk.internal.reflect.DelegatingMethodAccessorImpl.invoke(DelegatingMethodAccessorImpl.java:43)
	at java.base/java.lang.reflect.Method.invoke(Method.java:568)
	at org.testng.internal.MethodInvocationHelper.invokeMethod(MethodInvocationHelper.java:134)
	at org.testng.internal.TestInvoker.invokeMethod(TestInvoker.java:597)
	at org.testng.internal.TestInvoker.invokeTestMethod(TestInvoker.java:173)
	at org.testng.internal.MethodRunner.runInSequence(MethodRunner.java:46)
	at org.testng.internal.TestInvoker$MethodInvocationAgent.invoke(TestInvoker.java:816)
	at org.testng.internal.TestInvoker.invokeTestMethods(TestInvoker.java:146)
	at org.testng.internal.TestMethodWorker.invokeTestMethods(TestMethodWorker.java:146)
	at org.testng.internal.TestMethodWorker.run(TestMethodWorker.java:128)
	at java.base/java.util.ArrayList.forEach(ArrayList.java:1511)
	at org.testng.TestRunner.privateRun(TestRunner.java:766)
	at org.testng.TestRunner.run(TestRunner.java:587)
	at org.testng.SuiteRunner.runTest(SuiteRunner.java:384)
	at org.testng.SuiteRunner.runSequentially(SuiteRunner.java:378)
	at org.testng.SuiteRunner.privateRun(SuiteRunner.java:337)
	at org.testng.SuiteRunner.run(SuiteRunner.java:286)
	at org.testng.SuiteRunnerWorker.runSuite(SuiteRunnerWorker.java:53)
	at org.testng.SuiteRunnerWorker.run(SuiteRunnerWorker.java:96)
	at org.testng.TestNG.runSuitesSequentially(TestNG.java:1187)
	at org.testng.TestNG.runSuitesLocally(TestNG.java:1109)
	at org.testng.TestNG.runSuites(TestNG.java:1039)
	at org.testng.TestNG.run(TestNG.java:1007)
	at org.apache.maven.surefire.testng.TestNGExecutor.run(TestNGExecutor.java:136)
	at org.apache.maven.surefire.testng.TestNGDirectoryTestSuite.executeSingleClass(TestNGDirectoryTestSuite.java:112)
	at org.apache.maven.surefire.testng.TestNGDirectoryTestSuite.executeLazy(TestNGDirectoryTestSuite.java:123)
	at org.apache.maven.surefire.testng.TestNGDirectoryTestSuite.execute(TestNGDirectoryTestSuite.java:90)
	at org.apache.maven.surefire.testng.TestNGProvider.invoke(TestNGProvider.java:145)
	at org.apache.maven.surefire.booter.ForkedBooter.runSuitesInProcess(ForkedBooter.java:428)
	at org.apache.maven.surefire.booter.ForkedBooter.execute(ForkedBooter.java:162)
	at org.apache.maven.surefire.booter.ForkedBooter.run(ForkedBooter.java:562)
	at org.apache.maven.surefire.booter.ForkedBooter.main(ForkedBooter.java:548)
Caused by: java.lang.ExceptionInInitializerError: Exception java.lang.RuntimeException: Could not acquire java.nio.Bits class: class java.lang.ClassNotFoundException [in thread "main"]
	at org.apache.datasketches.memory.NioBits.<clinit>(NioBits.java:88)
	at org.apache.datasketches.memory.AllocateDirect.<init>(AllocateDirect.java:51)
	at org.apache.datasketches.memory.BaseWritableMemoryImpl.wrapDirect(BaseWritableMemoryImpl.java:120)
	at org.apache.datasketches.memory.WritableMemory.allocateDirect(WritableMemory.java:160)
	at org.apache.datasketches.memory.WritableMemory.allocateDirect(WritableMemory.java:139)
	at org.apache.datasketches.theta.UnionImplTest.checkMoveAndResize(UnionImplTest.java:172)
	... 34 more

org.apache.datasketches.theta.DirectQuickSelectSketchTest.checkEstModeNativeMemory  Time elapsed: 0.003 s  <<< FAILURE!
java.lang.NoClassDefFoundError: Could not initialize class org.apache.datasketches.memory.NioBits
	at org.apache.datasketches.memory.AllocateDirect.<init>(AllocateDirect.java:51)
	at org.apache.datasketches.memory.BaseWritableMemoryImpl.wrapDirect(BaseWritableMemoryImpl.java:120)
	at org.apache.datasketches.memory.WritableMemory.allocateDirect(WritableMemory.java:160)
	at org.apache.datasketches.memory.WritableMemory.allocateDirect(WritableMemory.java:139)
	at org.apache.datasketches.theta.DirectQuickSelectSketchTest.checkEstModeNativeMemory(DirectQuickSelectSketchTest.java:639)
	at java.base/jdk.internal.reflect.NativeMethodAccessorImpl.invoke0(Native Method)
	at java.base/jdk.internal.reflect.NativeMethodAccessorImpl.invoke(NativeMethodAccessorImpl.java:77)
	at java.base/jdk.internal.reflect.DelegatingMethodAccessorImpl.invoke(DelegatingMethodAccessorImpl.java:43)
	at java.base/java.lang.reflect.Method.invoke(Method.java:568)
	at org.testng.internal.MethodInvocationHelper.invokeMethod(MethodInvocationHelper.java:134)
	at org.testng.internal.TestInvoker.invokeMethod(TestInvoker.java:597)
	at org.testng.internal.TestInvoker.invokeTestMethod(TestInvoker.java:173)
	at org.testng.internal.MethodRunner.runInSequence(MethodRunner.java:46)
	at org.testng.internal.TestInvoker$MethodInvocationAgent.invoke(TestInvoker.java:816)
	at org.testng.internal.TestInvoker.invokeTestMethods(TestInvoker.java:146)
	at org.testng.internal.TestMethodWorker.invokeTestMethods(TestMethodWorker.java:146)
	at org.testng.internal.TestMethodWorker.run(TestMethodWorker.java:128)
	at java.base/java.util.ArrayList.forEach(ArrayList.java:1511)
	at org.testng.TestRunner.privateRun(TestRunner.java:766)
	at org.testng.TestRunner.run(TestRunner.java:587)
	at org.testng.SuiteRunner.runTest(SuiteRunner.java:384)
	at org.testng.SuiteRunner.runSequentially(SuiteRunner.java:378)
	at org.testng.SuiteRunner.privateRun(SuiteRunner.java:337)
	at org.testng.SuiteRunner.run(SuiteRunner.java:286)
	at org.testng.SuiteRunnerWorker.runSuite(SuiteRunnerWorker.java:53)
	at org.testng.SuiteRunnerWorker.run(SuiteRunnerWorker.java:96)
	at org.testng.TestNG.runSuitesSequentially(TestNG.java:1187)
	at org.testng.TestNG.runSuitesLocally(TestNG.java:1109)
	at org.testng.TestNG.runSuites(TestNG.java:1039)
	at org.testng.TestNG.run(TestNG.java:1007)
	at org.apache.maven.surefire.testng.TestNGExecutor.run(TestNGExecutor.java:136)
	at org.apache.maven.surefire.testng.TestNGDirectoryTestSuite.executeSingleClass(TestNGDirectoryTestSuite.java:112)
	at org.apache.maven.surefire.testng.TestNGDirectoryTestSuite.executeLazy(TestNGDirectoryTestSuite.java:123)
	at org.apache.maven.surefire.testng.TestNGDirectoryTestSuite.execute(TestNGDirectoryTestSuite.java:90)
	at org.apache.maven.surefire.testng.TestNGProvider.invoke(TestNGProvider.java:145)
	at org.apache.maven.surefire.booter.ForkedBooter.runSuitesInProcess(ForkedBooter.java:428)
	at org.apache.maven.surefire.booter.ForkedBooter.execute(ForkedBooter.java:162)
	at org.apache.maven.surefire.booter.ForkedBooter.run(ForkedBooter.java:562)
	at org.apache.maven.surefire.booter.ForkedBooter.main(ForkedBooter.java:548)
Caused by: java.lang.ExceptionInInitializerError: Exception java.lang.RuntimeException: Could not acquire java.nio.Bits class: class java.lang.ClassNotFoundException [in thread "main"]
	at org.apache.datasketches.memory.NioBits.<clinit>(NioBits.java:88)
	at org.apache.datasketches.memory.AllocateDirect.<init>(AllocateDirect.java:51)
	at org.apache.datasketches.memory.BaseWritableMemoryImpl.wrapDirect(BaseWritableMemoryImpl.java:120)
	at org.apache.datasketches.memory.WritableMemory.allocateDirect(WritableMemory.java:160)
	at org.apache.datasketches.memory.WritableMemory.allocateDirect(WritableMemory.java:139)
	at org.apache.datasketches.theta.UnionImplTest.checkMoveAndResize(UnionImplTest.java:172)
	... 34 more

org.apache.datasketches.theta.DirectQuickSelectSketchTest.checkExactModeMemoryArr  Time elapsed: 0.001 s  <<< FAILURE!
java.lang.NoClassDefFoundError: Could not initialize class org.apache.datasketches.memory.NioBits
	at org.apache.datasketches.memory.AllocateDirect.<init>(AllocateDirect.java:51)
	at org.apache.datasketches.memory.BaseWritableMemoryImpl.wrapDirect(BaseWritableMemoryImpl.java:120)
	at org.apache.datasketches.memory.WritableMemory.allocateDirect(WritableMemory.java:160)
	at org.apache.datasketches.memory.WritableMemory.allocateDirect(WritableMemory.java:139)
	at org.apache.datasketches.theta.DirectQuickSelectSketchTest.makeNativeMemory(DirectQuickSelectSketchTest.java:883)
	at org.apache.datasketches.theta.DirectQuickSelectSketchTest.checkExactModeMemoryArr(DirectQuickSelectSketchTest.java:600)
	at java.base/jdk.internal.reflect.NativeMethodAccessorImpl.invoke0(Native Method)
	at java.base/jdk.internal.reflect.NativeMethodAccessorImpl.invoke(NativeMethodAccessorImpl.java:77)
	at java.base/jdk.internal.reflect.DelegatingMethodAccessorImpl.invoke(DelegatingMethodAccessorImpl.java:43)
	at java.base/java.lang.reflect.Method.invoke(Method.java:568)
	at org.testng.internal.MethodInvocationHelper.invokeMethod(MethodInvocationHelper.java:134)
	at org.testng.internal.TestInvoker.invokeMethod(TestInvoker.java:597)
	at org.testng.internal.TestInvoker.invokeTestMethod(TestInvoker.java:173)
	at org.testng.internal.MethodRunner.runInSequence(MethodRunner.java:46)
	at org.testng.internal.TestInvoker$MethodInvocationAgent.invoke(TestInvoker.java:816)
	at org.testng.internal.TestInvoker.invokeTestMethods(TestInvoker.java:146)
	at org.testng.internal.TestMethodWorker.invokeTestMethods(TestMethodWorker.java:146)
	at org.testng.internal.TestMethodWorker.run(TestMethodWorker.java:128)
	at java.base/java.util.ArrayList.forEach(ArrayList.java:1511)
	at org.testng.TestRunner.privateRun(TestRunner.java:766)
	at org.testng.TestRunner.run(TestRunner.java:587)
	at org.testng.SuiteRunner.runTest(SuiteRunner.java:384)
	at org.testng.SuiteRunner.runSequentially(SuiteRunner.java:378)
	at org.testng.SuiteRunner.privateRun(SuiteRunner.java:337)
	at org.testng.SuiteRunner.run(SuiteRunner.java:286)
	at org.testng.SuiteRunnerWorker.runSuite(SuiteRunnerWorker.java:53)
	at org.testng.SuiteRunnerWorker.run(SuiteRunnerWorker.java:96)
	at org.testng.TestNG.runSuitesSequentially(TestNG.java:1187)
	at org.testng.TestNG.runSuitesLocally(TestNG.java:1109)
	at org.testng.TestNG.runSuites(TestNG.java:1039)
	at org.testng.TestNG.run(TestNG.java:1007)
	at org.apache.maven.surefire.testng.TestNGExecutor.run(TestNGExecutor.java:136)
	at org.apache.maven.surefire.testng.TestNGDirectoryTestSuite.executeSingleClass(TestNGDirectoryTestSuite.java:112)
	at org.apache.maven.surefire.testng.TestNGDirectoryTestSuite.executeLazy(TestNGDirectoryTestSuite.java:123)
	at org.apache.maven.surefire.testng.TestNGDirectoryTestSuite.execute(TestNGDirectoryTestSuite.java:90)
	at org.apache.maven.surefire.testng.TestNGProvider.invoke(TestNGProvider.java:145)
	at org.apache.maven.surefire.booter.ForkedBooter.runSuitesInProcess(ForkedBooter.java:428)
	at org.apache.maven.surefire.booter.ForkedBooter.execute(ForkedBooter.java:162)
	at org.apache.maven.surefire.booter.ForkedBooter.run(ForkedBooter.java:562)
	at org.apache.maven.surefire.booter.ForkedBooter.main(ForkedBooter.java:548)
Caused by: java.lang.ExceptionInInitializerError: Exception java.lang.RuntimeException: Could not acquire java.nio.Bits class: class java.lang.ClassNotFoundException [in thread "main"]
	at org.apache.datasketches.memory.NioBits.<clinit>(NioBits.java:88)
	at org.apache.datasketches.memory.AllocateDirect.<init>(AllocateDirect.java:51)
	at org.apache.datasketches.memory.BaseWritableMemoryImpl.wrapDirect(BaseWritableMemoryImpl.java:120)
	at org.apache.datasketches.memory.WritableMemory.allocateDirect(WritableMemory.java:160)
	at org.apache.datasketches.memory.WritableMemory.allocateDirect(WritableMemory.java:139)
	at org.apache.datasketches.theta.UnionImplTest.checkMoveAndResize(UnionImplTest.java:172)
	... 34 more

org.apache.datasketches.theta.DirectQuickSelectSketchTest.checkHeapifyByteArrayEstimating  Time elapsed: 0.001 s  <<< FAILURE!
java.lang.NoClassDefFoundError: Could not initialize class org.apache.datasketches.memory.NioBits
	at org.apache.datasketches.memory.AllocateDirect.<init>(AllocateDirect.java:51)
	at org.apache.datasketches.memory.BaseWritableMemoryImpl.wrapDirect(BaseWritableMemoryImpl.java:120)
	at org.apache.datasketches.memory.WritableMemory.allocateDirect(WritableMemory.java:160)
	at org.apache.datasketches.memory.WritableMemory.allocateDirect(WritableMemory.java:139)
	at org.apache.datasketches.theta.DirectQuickSelectSketchTest.makeNativeMemory(DirectQuickSelectSketchTest.java:883)
	at org.apache.datasketches.theta.DirectQuickSelectSketchTest.checkHeapifyByteArrayEstimating(DirectQuickSelectSketchTest.java:245)
	at java.base/jdk.internal.reflect.NativeMethodAccessorImpl.invoke0(Native Method)
	at java.base/jdk.internal.reflect.NativeMethodAccessorImpl.invoke(NativeMethodAccessorImpl.java:77)
	at java.base/jdk.internal.reflect.DelegatingMethodAccessorImpl.invoke(DelegatingMethodAccessorImpl.java:43)
	at java.base/java.lang.reflect.Method.invoke(Method.java:568)
	at org.testng.internal.MethodInvocationHelper.invokeMethod(MethodInvocationHelper.java:134)
	at org.testng.internal.TestInvoker.invokeMethod(TestInvoker.java:597)
	at org.testng.internal.TestInvoker.invokeTestMethod(TestInvoker.java:173)
	at org.testng.internal.MethodRunner.runInSequence(MethodRunner.java:46)
	at org.testng.internal.TestInvoker$MethodInvocationAgent.invoke(TestInvoker.java:816)
	at org.testng.internal.TestInvoker.invokeTestMethods(TestInvoker.java:146)
	at org.testng.internal.TestMethodWorker.invokeTestMethods(TestMethodWorker.java:146)
	at org.testng.internal.TestMethodWorker.run(TestMethodWorker.java:128)
	at java.base/java.util.ArrayList.forEach(ArrayList.java:1511)
	at org.testng.TestRunner.privateRun(TestRunner.java:766)
	at org.testng.TestRunner.run(TestRunner.java:587)
	at org.testng.SuiteRunner.runTest(SuiteRunner.java:384)
	at org.testng.SuiteRunner.runSequentially(SuiteRunner.java:378)
	at org.testng.SuiteRunner.privateRun(SuiteRunner.java:337)
	at org.testng.SuiteRunner.run(SuiteRunner.java:286)
	at org.testng.SuiteRunnerWorker.runSuite(SuiteRunnerWorker.java:53)
	at org.testng.SuiteRunnerWorker.run(SuiteRunnerWorker.java:96)
	at org.testng.TestNG.runSuitesSequentially(TestNG.java:1187)
	at org.testng.TestNG.runSuitesLocally(TestNG.java:1109)
	at org.testng.TestNG.runSuites(TestNG.java:1039)
	at org.testng.TestNG.run(TestNG.java:1007)
	at org.apache.maven.surefire.testng.TestNGExecutor.run(TestNGExecutor.java:136)
	at org.apache.maven.surefire.testng.TestNGDirectoryTestSuite.executeSingleClass(TestNGDirectoryTestSuite.java:112)
	at org.apache.maven.surefire.testng.TestNGDirectoryTestSuite.executeLazy(TestNGDirectoryTestSuite.java:123)
	at org.apache.maven.surefire.testng.TestNGDirectoryTestSuite.execute(TestNGDirectoryTestSuite.java:90)
	at org.apache.maven.surefire.testng.TestNGProvider.invoke(TestNGProvider.java:145)
	at org.apache.maven.surefire.booter.ForkedBooter.runSuitesInProcess(ForkedBooter.java:428)
	at org.apache.maven.surefire.booter.ForkedBooter.execute(ForkedBooter.java:162)
	at org.apache.maven.surefire.booter.ForkedBooter.run(ForkedBooter.java:562)
	at org.apache.maven.surefire.booter.ForkedBooter.main(ForkedBooter.java:548)
Caused by: java.lang.ExceptionInInitializerError: Exception java.lang.RuntimeException: Could not acquire java.nio.Bits class: class java.lang.ClassNotFoundException [in thread "main"]
	at org.apache.datasketches.memory.NioBits.<clinit>(NioBits.java:88)
	at org.apache.datasketches.memory.AllocateDirect.<init>(AllocateDirect.java:51)
	at org.apache.datasketches.memory.BaseWritableMemoryImpl.wrapDirect(BaseWritableMemoryImpl.java:120)
	at org.apache.datasketches.memory.WritableMemory.allocateDirect(WritableMemory.java:160)
	at org.apache.datasketches.memory.WritableMemory.allocateDirect(WritableMemory.java:139)
	at org.apache.datasketches.theta.UnionImplTest.checkMoveAndResize(UnionImplTest.java:172)
	... 34 more

org.apache.datasketches.theta.DirectQuickSelectSketchTest.checkHeapifyByteArrayExact  Time elapsed: 0.001 s  <<< FAILURE!
java.lang.NoClassDefFoundError: Could not initialize class org.apache.datasketches.memory.NioBits
	at org.apache.datasketches.memory.AllocateDirect.<init>(AllocateDirect.java:51)
	at org.apache.datasketches.memory.BaseWritableMemoryImpl.wrapDirect(BaseWritableMemoryImpl.java:120)
	at org.apache.datasketches.memory.WritableMemory.allocateDirect(WritableMemory.java:160)
	at org.apache.datasketches.memory.WritableMemory.allocateDirect(WritableMemory.java:139)
	at org.apache.datasketches.theta.DirectQuickSelectSketchTest.makeNativeMemory(DirectQuickSelectSketchTest.java:883)
	at org.apache.datasketches.theta.DirectQuickSelectSketchTest.checkHeapifyByteArrayExact(DirectQuickSelectSketchTest.java:214)
	at java.base/jdk.internal.reflect.NativeMethodAccessorImpl.invoke0(Native Method)
	at java.base/jdk.internal.reflect.NativeMethodAccessorImpl.invoke(NativeMethodAccessorImpl.java:77)
	at java.base/jdk.internal.reflect.DelegatingMethodAccessorImpl.invoke(DelegatingMethodAccessorImpl.java:43)
	at java.base/java.lang.reflect.Method.invoke(Method.java:568)
	at org.testng.internal.MethodInvocationHelper.invokeMethod(MethodInvocationHelper.java:134)
	at org.testng.internal.TestInvoker.invokeMethod(TestInvoker.java:597)
	at org.testng.internal.TestInvoker.invokeTestMethod(TestInvoker.java:173)
	at org.testng.internal.MethodRunner.runInSequence(MethodRunner.java:46)
	at org.testng.internal.TestInvoker$MethodInvocationAgent.invoke(TestInvoker.java:816)
	at org.testng.internal.TestInvoker.invokeTestMethods(TestInvoker.java:146)
	at org.testng.internal.TestMethodWorker.invokeTestMethods(TestMethodWorker.java:146)
	at org.testng.internal.TestMethodWorker.run(TestMethodWorker.java:128)
	at java.base/java.util.ArrayList.forEach(ArrayList.java:1511)
	at org.testng.TestRunner.privateRun(TestRunner.java:766)
	at org.testng.TestRunner.run(TestRunner.java:587)
	at org.testng.SuiteRunner.runTest(SuiteRunner.java:384)
	at org.testng.SuiteRunner.runSequentially(SuiteRunner.java:378)
	at org.testng.SuiteRunner.privateRun(SuiteRunner.java:337)
	at org.testng.SuiteRunner.run(SuiteRunner.java:286)
	at org.testng.SuiteRunnerWorker.runSuite(SuiteRunnerWorker.java:53)
	at org.testng.SuiteRunnerWorker.run(SuiteRunnerWorker.java:96)
	at org.testng.TestNG.runSuitesSequentially(TestNG.java:1187)
	at org.testng.TestNG.runSuitesLocally(TestNG.java:1109)
	at org.testng.TestNG.runSuites(TestNG.java:1039)
	at org.testng.TestNG.run(TestNG.java:1007)
	at org.apache.maven.surefire.testng.TestNGExecutor.run(TestNGExecutor.java:136)
	at org.apache.maven.surefire.testng.TestNGDirectoryTestSuite.executeSingleClass(TestNGDirectoryTestSuite.java:112)
	at org.apache.maven.surefire.testng.TestNGDirectoryTestSuite.executeLazy(TestNGDirectoryTestSuite.java:123)
	at org.apache.maven.surefire.testng.TestNGDirectoryTestSuite.execute(TestNGDirectoryTestSuite.java:90)
	at org.apache.maven.surefire.testng.TestNGProvider.invoke(TestNGProvider.java:145)
	at org.apache.maven.surefire.booter.ForkedBooter.runSuitesInProcess(ForkedBooter.java:428)
	at org.apache.maven.surefire.booter.ForkedBooter.execute(ForkedBooter.java:162)
	at org.apache.maven.surefire.booter.ForkedBooter.run(ForkedBooter.java:562)
	at org.apache.maven.surefire.booter.ForkedBooter.main(ForkedBooter.java:548)
Caused by: java.lang.ExceptionInInitializerError: Exception java.lang.RuntimeException: Could not acquire java.nio.Bits class: class java.lang.ClassNotFoundException [in thread "main"]
	at org.apache.datasketches.memory.NioBits.<clinit>(NioBits.java:88)
	at org.apache.datasketches.memory.AllocateDirect.<init>(AllocateDirect.java:51)
	at org.apache.datasketches.memory.BaseWritableMemoryImpl.wrapDirect(BaseWritableMemoryImpl.java:120)
	at org.apache.datasketches.memory.WritableMemory.allocateDirect(WritableMemory.java:160)
	at org.apache.datasketches.memory.WritableMemory.allocateDirect(WritableMemory.java:139)
	at org.apache.datasketches.theta.UnionImplTest.checkMoveAndResize(UnionImplTest.java:172)
	... 34 more

org.apache.datasketches.theta.DirectQuickSelectSketchTest.checkHeapifyMemoryEstimating  Time elapsed: 0 s  <<< FAILURE!
java.lang.NoClassDefFoundError: Could not initialize class org.apache.datasketches.memory.NioBits
	at org.apache.datasketches.memory.AllocateDirect.<init>(AllocateDirect.java:51)
	at org.apache.datasketches.memory.BaseWritableMemoryImpl.wrapDirect(BaseWritableMemoryImpl.java:120)
	at org.apache.datasketches.memory.WritableMemory.allocateDirect(WritableMemory.java:160)
	at org.apache.datasketches.memory.WritableMemory.allocateDirect(WritableMemory.java:139)
	at org.apache.datasketches.theta.DirectQuickSelectSketchTest.makeNativeMemory(DirectQuickSelectSketchTest.java:883)
	at org.apache.datasketches.theta.DirectQuickSelectSketchTest.checkHeapifyMemoryEstimating(DirectQuickSelectSketchTest.java:120)
	at java.base/jdk.internal.reflect.NativeMethodAccessorImpl.invoke0(Native Method)
	at java.base/jdk.internal.reflect.NativeMethodAccessorImpl.invoke(NativeMethodAccessorImpl.java:77)
	at java.base/jdk.internal.reflect.DelegatingMethodAccessorImpl.invoke(DelegatingMethodAccessorImpl.java:43)
	at java.base/java.lang.reflect.Method.invoke(Method.java:568)
	at org.testng.internal.MethodInvocationHelper.invokeMethod(MethodInvocationHelper.java:134)
	at org.testng.internal.TestInvoker.invokeMethod(TestInvoker.java:597)
	at org.testng.internal.TestInvoker.invokeTestMethod(TestInvoker.java:173)
	at org.testng.internal.MethodRunner.runInSequence(MethodRunner.java:46)
	at org.testng.internal.TestInvoker$MethodInvocationAgent.invoke(TestInvoker.java:816)
	at org.testng.internal.TestInvoker.invokeTestMethods(TestInvoker.java:146)
	at org.testng.internal.TestMethodWorker.invokeTestMethods(TestMethodWorker.java:146)
	at org.testng.internal.TestMethodWorker.run(TestMethodWorker.java:128)
	at java.base/java.util.ArrayList.forEach(ArrayList.java:1511)
	at org.testng.TestRunner.privateRun(TestRunner.java:766)
	at org.testng.TestRunner.run(TestRunner.java:587)
	at org.testng.SuiteRunner.runTest(SuiteRunner.java:384)
	at org.testng.SuiteRunner.runSequentially(SuiteRunner.java:378)
	at org.testng.SuiteRunner.privateRun(SuiteRunner.java:337)
	at org.testng.SuiteRunner.run(SuiteRunner.java:286)
	at org.testng.SuiteRunnerWorker.runSuite(SuiteRunnerWorker.java:53)
	at org.testng.SuiteRunnerWorker.run(SuiteRunnerWorker.java:96)
	at org.testng.TestNG.runSuitesSequentially(TestNG.java:1187)
	at org.testng.TestNG.runSuitesLocally(TestNG.java:1109)
	at org.testng.TestNG.runSuites(TestNG.java:1039)
	at org.testng.TestNG.run(TestNG.java:1007)
	at org.apache.maven.surefire.testng.TestNGExecutor.run(TestNGExecutor.java:136)
	at org.apache.maven.surefire.testng.TestNGDirectoryTestSuite.executeSingleClass(TestNGDirectoryTestSuite.java:112)
	at org.apache.maven.surefire.testng.TestNGDirectoryTestSuite.executeLazy(TestNGDirectoryTestSuite.java:123)
	at org.apache.maven.surefire.testng.TestNGDirectoryTestSuite.execute(TestNGDirectoryTestSuite.java:90)
	at org.apache.maven.surefire.testng.TestNGProvider.invoke(TestNGProvider.java:145)
	at org.apache.maven.surefire.booter.ForkedBooter.runSuitesInProcess(ForkedBooter.java:428)
	at org.apache.maven.surefire.booter.ForkedBooter.execute(ForkedBooter.java:162)
	at org.apache.maven.surefire.booter.ForkedBooter.run(ForkedBooter.java:562)
	at org.apache.maven.surefire.booter.ForkedBooter.main(ForkedBooter.java:548)
Caused by: java.lang.ExceptionInInitializerError: Exception java.lang.RuntimeException: Could not acquire java.nio.Bits class: class java.lang.ClassNotFoundException [in thread "main"]
	at org.apache.datasketches.memory.NioBits.<clinit>(NioBits.java:88)
	at org.apache.datasketches.memory.AllocateDirect.<init>(AllocateDirect.java:51)
	at org.apache.datasketches.memory.BaseWritableMemoryImpl.wrapDirect(BaseWritableMemoryImpl.java:120)
	at org.apache.datasketches.memory.WritableMemory.allocateDirect(WritableMemory.java:160)
	at org.apache.datasketches.memory.WritableMemory.allocateDirect(WritableMemory.java:139)
	at org.apache.datasketches.theta.UnionImplTest.checkMoveAndResize(UnionImplTest.java:172)
	... 34 more

org.apache.datasketches.theta.DirectQuickSelectSketchTest.checkHeapifySeedConflict  Time elapsed: 0.002 s  <<< FAILURE!
org.testng.TestException: 

Expected exception of type class org.apache.datasketches.SketchesArgumentException but got java.lang.NoClassDefFoundError: Could not initialize class org.apache.datasketches.memory.NioBits
	at org.testng.internal.ExpectedExceptionsHolder.wrongException(ExpectedExceptionsHolder.java:68)
	at org.testng.internal.TestInvoker.considerExceptions(TestInvoker.java:731)
	at org.testng.internal.TestInvoker.invokeMethod(TestInvoker.java:629)
	at org.testng.internal.TestInvoker.invokeTestMethod(TestInvoker.java:173)
	at org.testng.internal.MethodRunner.runInSequence(MethodRunner.java:46)
	at org.testng.internal.TestInvoker$MethodInvocationAgent.invoke(TestInvoker.java:816)
	at org.testng.internal.TestInvoker.invokeTestMethods(TestInvoker.java:146)
	at org.testng.internal.TestMethodWorker.invokeTestMethods(TestMethodWorker.java:146)
	at org.testng.internal.TestMethodWorker.run(TestMethodWorker.java:128)
	at java.base/java.util.ArrayList.forEach(ArrayList.java:1511)
	at org.testng.TestRunner.privateRun(TestRunner.java:766)
	at org.testng.TestRunner.run(TestRunner.java:587)
	at org.testng.SuiteRunner.runTest(SuiteRunner.java:384)
	at org.testng.SuiteRunner.runSequentially(SuiteRunner.java:378)
	at org.testng.SuiteRunner.privateRun(SuiteRunner.java:337)
	at org.testng.SuiteRunner.run(SuiteRunner.java:286)
	at org.testng.SuiteRunnerWorker.runSuite(SuiteRunnerWorker.java:53)
	at org.testng.SuiteRunnerWorker.run(SuiteRunnerWorker.java:96)
	at org.testng.TestNG.runSuitesSequentially(TestNG.java:1187)
	at org.testng.TestNG.runSuitesLocally(TestNG.java:1109)
	at org.testng.TestNG.runSuites(TestNG.java:1039)
	at org.testng.TestNG.run(TestNG.java:1007)
	at org.apache.maven.surefire.testng.TestNGExecutor.run(TestNGExecutor.java:136)
	at org.apache.maven.surefire.testng.TestNGDirectoryTestSuite.executeSingleClass(TestNGDirectoryTestSuite.java:112)
	at org.apache.maven.surefire.testng.TestNGDirectoryTestSuite.executeLazy(TestNGDirectoryTestSuite.java:123)
	at org.apache.maven.surefire.testng.TestNGDirectoryTestSuite.execute(TestNGDirectoryTestSuite.java:90)
	at org.apache.maven.surefire.testng.TestNGProvider.invoke(TestNGProvider.java:145)
	at org.apache.maven.surefire.booter.ForkedBooter.runSuitesInProcess(ForkedBooter.java:428)
	at org.apache.maven.surefire.booter.ForkedBooter.execute(ForkedBooter.java:162)
	at org.apache.maven.surefire.booter.ForkedBooter.run(ForkedBooter.java:562)
	at org.apache.maven.surefire.booter.ForkedBooter.main(ForkedBooter.java:548)
Caused by: java.lang.NoClassDefFoundError: Could not initialize class org.apache.datasketches.memory.NioBits
	at org.apache.datasketches.memory.AllocateDirect.<init>(AllocateDirect.java:51)
	at org.apache.datasketches.memory.BaseWritableMemoryImpl.wrapDirect(BaseWritableMemoryImpl.java:120)
	at org.apache.datasketches.memory.WritableMemory.allocateDirect(WritableMemory.java:160)
	at org.apache.datasketches.memory.WritableMemory.allocateDirect(WritableMemory.java:139)
	at org.apache.datasketches.theta.DirectQuickSelectSketchTest.makeNativeMemory(DirectQuickSelectSketchTest.java:883)
	at org.apache.datasketches.theta.DirectQuickSelectSketchTest.checkHeapifySeedConflict(DirectQuickSelectSketchTest.java:190)
	at java.base/jdk.internal.reflect.NativeMethodAccessorImpl.invoke0(Native Method)
	at java.base/jdk.internal.reflect.NativeMethodAccessorImpl.invoke(NativeMethodAccessorImpl.java:77)
	at java.base/jdk.internal.reflect.DelegatingMethodAccessorImpl.invoke(DelegatingMethodAccessorImpl.java:43)
	at java.base/java.lang.reflect.Method.invoke(Method.java:568)
	at org.testng.internal.MethodInvocationHelper.invokeMethod(MethodInvocationHelper.java:134)
	at org.testng.internal.TestInvoker.invokeMethod(TestInvoker.java:597)
	... 28 more
Caused by: java.lang.ExceptionInInitializerError: Exception java.lang.RuntimeException: Could not acquire java.nio.Bits class: class java.lang.ClassNotFoundException [in thread "main"]
	at org.apache.datasketches.memory.NioBits.<clinit>(NioBits.java:88)
	at org.apache.datasketches.memory.AllocateDirect.<init>(AllocateDirect.java:51)
	at org.apache.datasketches.memory.BaseWritableMemoryImpl.wrapDirect(BaseWritableMemoryImpl.java:120)
	at org.apache.datasketches.memory.WritableMemory.allocateDirect(WritableMemory.java:160)
	at org.apache.datasketches.memory.WritableMemory.allocateDirect(WritableMemory.java:139)
	at org.apache.datasketches.theta.UnionImplTest.checkMoveAndResize(UnionImplTest.java:172)
	... 34 more

org.apache.datasketches.theta.DirectQuickSelectSketchTest.checkMoveAndResize  Time elapsed: 0 s  <<< FAILURE!
java.lang.NoClassDefFoundError: Could not initialize class org.apache.datasketches.memory.NioBits
	at org.apache.datasketches.memory.AllocateDirect.<init>(AllocateDirect.java:51)
	at org.apache.datasketches.memory.BaseWritableMemoryImpl.wrapDirect(BaseWritableMemoryImpl.java:120)
	at org.apache.datasketches.memory.WritableMemory.allocateDirect(WritableMemory.java:160)
	at org.apache.datasketches.memory.WritableMemory.allocateDirect(WritableMemory.java:139)
	at org.apache.datasketches.theta.DirectQuickSelectSketchTest.checkMoveAndResize(DirectQuickSelectSketchTest.java:825)
	at java.base/jdk.internal.reflect.NativeMethodAccessorImpl.invoke0(Native Method)
	at java.base/jdk.internal.reflect.NativeMethodAccessorImpl.invoke(NativeMethodAccessorImpl.java:77)
	at java.base/jdk.internal.reflect.DelegatingMethodAccessorImpl.invoke(DelegatingMethodAccessorImpl.java:43)
	at java.base/java.lang.reflect.Method.invoke(Method.java:568)
	at org.testng.internal.MethodInvocationHelper.invokeMethod(MethodInvocationHelper.java:134)
	at org.testng.internal.TestInvoker.invokeMethod(TestInvoker.java:597)
	at org.testng.internal.TestInvoker.invokeTestMethod(TestInvoker.java:173)
	at org.testng.internal.MethodRunner.runInSequence(MethodRunner.java:46)
	at org.testng.internal.TestInvoker$MethodInvocationAgent.invoke(TestInvoker.java:816)
	at org.testng.internal.TestInvoker.invokeTestMethods(TestInvoker.java:146)
	at org.testng.internal.TestMethodWorker.invokeTestMethods(TestMethodWorker.java:146)
	at org.testng.internal.TestMethodWorker.run(TestMethodWorker.java:128)
	at java.base/java.util.ArrayList.forEach(ArrayList.java:1511)
	at org.testng.TestRunner.privateRun(TestRunner.java:766)
	at org.testng.TestRunner.run(TestRunner.java:587)
	at org.testng.SuiteRunner.runTest(SuiteRunner.java:384)
	at org.testng.SuiteRunner.runSequentially(SuiteRunner.java:378)
	at org.testng.SuiteRunner.privateRun(SuiteRunner.java:337)
	at org.testng.SuiteRunner.run(SuiteRunner.java:286)
	at org.testng.SuiteRunnerWorker.runSuite(SuiteRunnerWorker.java:53)
	at org.testng.SuiteRunnerWorker.run(SuiteRunnerWorker.java:96)
	at org.testng.TestNG.runSuitesSequentially(TestNG.java:1187)
	at org.testng.TestNG.runSuitesLocally(TestNG.java:1109)
	at org.testng.TestNG.runSuites(TestNG.java:1039)
	at org.testng.TestNG.run(TestNG.java:1007)
	at org.apache.maven.surefire.testng.TestNGExecutor.run(TestNGExecutor.java:136)
	at org.apache.maven.surefire.testng.TestNGDirectoryTestSuite.executeSingleClass(TestNGDirectoryTestSuite.java:112)
	at org.apache.maven.surefire.testng.TestNGDirectoryTestSuite.executeLazy(TestNGDirectoryTestSuite.java:123)
	at org.apache.maven.surefire.testng.TestNGDirectoryTestSuite.execute(TestNGDirectoryTestSuite.java:90)
	at org.apache.maven.surefire.testng.TestNGProvider.invoke(TestNGProvider.java:145)
	at org.apache.maven.surefire.booter.ForkedBooter.runSuitesInProcess(ForkedBooter.java:428)
	at org.apache.maven.surefire.booter.ForkedBooter.execute(ForkedBooter.java:162)
	at org.apache.maven.surefire.booter.ForkedBooter.run(ForkedBooter.java:562)
	at org.apache.maven.surefire.booter.ForkedBooter.main(ForkedBooter.java:548)
Caused by: java.lang.ExceptionInInitializerError: Exception java.lang.RuntimeException: Could not acquire java.nio.Bits class: class java.lang.ClassNotFoundException [in thread "main"]
	at org.apache.datasketches.memory.NioBits.<clinit>(NioBits.java:88)
	at org.apache.datasketches.memory.AllocateDirect.<init>(AllocateDirect.java:51)
	at org.apache.datasketches.memory.BaseWritableMemoryImpl.wrapDirect(BaseWritableMemoryImpl.java:120)
	at org.apache.datasketches.memory.WritableMemory.allocateDirect(WritableMemory.java:160)
	at org.apache.datasketches.memory.WritableMemory.allocateDirect(WritableMemory.java:139)
	at org.apache.datasketches.theta.UnionImplTest.checkMoveAndResize(UnionImplTest.java:172)
	... 34 more

org.apache.datasketches.theta.DirectQuickSelectSketchTest.checkReadOnlyRebuildResize  Time elapsed: 0 s  <<< FAILURE!
java.lang.NoClassDefFoundError: Could not initialize class org.apache.datasketches.memory.NioBits
	at org.apache.datasketches.memory.AllocateDirect.<init>(AllocateDirect.java:51)
	at org.apache.datasketches.memory.BaseWritableMemoryImpl.wrapDirect(BaseWritableMemoryImpl.java:120)
	at org.apache.datasketches.memory.WritableMemory.allocateDirect(WritableMemory.java:160)
	at org.apache.datasketches.memory.WritableMemory.allocateDirect(WritableMemory.java:139)
	at org.apache.datasketches.theta.DirectQuickSelectSketchTest.checkReadOnlyRebuildResize(DirectQuickSelectSketchTest.java:839)
	at java.base/jdk.internal.reflect.NativeMethodAccessorImpl.invoke0(Native Method)
	at java.base/jdk.internal.reflect.NativeMethodAccessorImpl.invoke(NativeMethodAccessorImpl.java:77)
	at java.base/jdk.internal.reflect.DelegatingMethodAccessorImpl.invoke(DelegatingMethodAccessorImpl.java:43)
	at java.base/java.lang.reflect.Method.invoke(Method.java:568)
	at org.testng.internal.MethodInvocationHelper.invokeMethod(MethodInvocationHelper.java:134)
	at org.testng.internal.TestInvoker.invokeMethod(TestInvoker.java:597)
	at org.testng.internal.TestInvoker.invokeTestMethod(TestInvoker.java:173)
	at org.testng.internal.MethodRunner.runInSequence(MethodRunner.java:46)
	at org.testng.internal.TestInvoker$MethodInvocationAgent.invoke(TestInvoker.java:816)
	at org.testng.internal.TestInvoker.invokeTestMethods(TestInvoker.java:146)
	at org.testng.internal.TestMethodWorker.invokeTestMethods(TestMethodWorker.java:146)
	at org.testng.internal.TestMethodWorker.run(TestMethodWorker.java:128)
	at java.base/java.util.ArrayList.forEach(ArrayList.java:1511)
	at org.testng.TestRunner.privateRun(TestRunner.java:766)
	at org.testng.TestRunner.run(TestRunner.java:587)
	at org.testng.SuiteRunner.runTest(SuiteRunner.java:384)
	at org.testng.SuiteRunner.runSequentially(SuiteRunner.java:378)
	at org.testng.SuiteRunner.privateRun(SuiteRunner.java:337)
	at org.testng.SuiteRunner.run(SuiteRunner.java:286)
	at org.testng.SuiteRunnerWorker.runSuite(SuiteRunnerWorker.java:53)
	at org.testng.SuiteRunnerWorker.run(SuiteRunnerWorker.java:96)
	at org.testng.TestNG.runSuitesSequentially(TestNG.java:1187)
	at org.testng.TestNG.runSuitesLocally(TestNG.java:1109)
	at org.testng.TestNG.runSuites(TestNG.java:1039)
	at org.testng.TestNG.run(TestNG.java:1007)
	at org.apache.maven.surefire.testng.TestNGExecutor.run(TestNGExecutor.java:136)
	at org.apache.maven.surefire.testng.TestNGDirectoryTestSuite.executeSingleClass(TestNGDirectoryTestSuite.java:112)
	at org.apache.maven.surefire.testng.TestNGDirectoryTestSuite.executeLazy(TestNGDirectoryTestSuite.java:123)
	at org.apache.maven.surefire.testng.TestNGDirectoryTestSuite.execute(TestNGDirectoryTestSuite.java:90)
	at org.apache.maven.surefire.testng.TestNGProvider.invoke(TestNGProvider.java:145)
	at org.apache.maven.surefire.booter.ForkedBooter.runSuitesInProcess(ForkedBooter.java:428)
	at org.apache.maven.surefire.booter.ForkedBooter.execute(ForkedBooter.java:162)
	at org.apache.maven.surefire.booter.ForkedBooter.run(ForkedBooter.java:562)
	at org.apache.maven.surefire.booter.ForkedBooter.main(ForkedBooter.java:548)
Caused by: java.lang.ExceptionInInitializerError: Exception java.lang.RuntimeException: Could not acquire java.nio.Bits class: class java.lang.ClassNotFoundException [in thread "main"]
	at org.apache.datasketches.memory.NioBits.<clinit>(NioBits.java:88)
	at org.apache.datasketches.memory.AllocateDirect.<init>(AllocateDirect.java:51)
	at org.apache.datasketches.memory.BaseWritableMemoryImpl.wrapDirect(BaseWritableMemoryImpl.java:120)
	at org.apache.datasketches.memory.WritableMemory.allocateDirect(WritableMemory.java:160)
	at org.apache.datasketches.memory.WritableMemory.allocateDirect(WritableMemory.java:139)
	at org.apache.datasketches.theta.UnionImplTest.checkMoveAndResize(UnionImplTest.java:172)
	... 34 more

org.apache.datasketches.theta.DirectQuickSelectSketchTest.checkRebuild  Time elapsed: 0 s  <<< FAILURE!
java.lang.NoClassDefFoundError: Could not initialize class org.apache.datasketches.memory.NioBits
	at org.apache.datasketches.memory.AllocateDirect.<init>(AllocateDirect.java:51)
	at org.apache.datasketches.memory.BaseWritableMemoryImpl.wrapDirect(BaseWritableMemoryImpl.java:120)
	at org.apache.datasketches.memory.WritableMemory.allocateDirect(WritableMemory.java:160)
	at org.apache.datasketches.memory.WritableMemory.allocateDirect(WritableMemory.java:139)
	at org.apache.datasketches.theta.DirectQuickSelectSketchTest.makeNativeMemory(DirectQuickSelectSketchTest.java:883)
	at org.apache.datasketches.theta.DirectQuickSelectSketchTest.checkRebuild(DirectQuickSelectSketchTest.java:544)
	at java.base/jdk.internal.reflect.NativeMethodAccessorImpl.invoke0(Native Method)
	at java.base/jdk.internal.reflect.NativeMethodAccessorImpl.invoke(NativeMethodAccessorImpl.java:77)
	at java.base/jdk.internal.reflect.DelegatingMethodAccessorImpl.invoke(DelegatingMethodAccessorImpl.java:43)
	at java.base/java.lang.reflect.Method.invoke(Method.java:568)
	at org.testng.internal.MethodInvocationHelper.invokeMethod(MethodInvocationHelper.java:134)
	at org.testng.internal.TestInvoker.invokeMethod(TestInvoker.java:597)
	at org.testng.internal.TestInvoker.invokeTestMethod(TestInvoker.java:173)
	at org.testng.internal.MethodRunner.runInSequence(MethodRunner.java:46)
	at org.testng.internal.TestInvoker$MethodInvocationAgent.invoke(TestInvoker.java:816)
	at org.testng.internal.TestInvoker.invokeTestMethods(TestInvoker.java:146)
	at org.testng.internal.TestMethodWorker.invokeTestMethods(TestMethodWorker.java:146)
	at org.testng.internal.TestMethodWorker.run(TestMethodWorker.java:128)
	at java.base/java.util.ArrayList.forEach(ArrayList.java:1511)
	at org.testng.TestRunner.privateRun(TestRunner.java:766)
	at org.testng.TestRunner.run(TestRunner.java:587)
	at org.testng.SuiteRunner.runTest(SuiteRunner.java:384)
	at org.testng.SuiteRunner.runSequentially(SuiteRunner.java:378)
	at org.testng.SuiteRunner.privateRun(SuiteRunner.java:337)
	at org.testng.SuiteRunner.run(SuiteRunner.java:286)
	at org.testng.SuiteRunnerWorker.runSuite(SuiteRunnerWorker.java:53)
	at org.testng.SuiteRunnerWorker.run(SuiteRunnerWorker.java:96)
	at org.testng.TestNG.runSuitesSequentially(TestNG.java:1187)
	at org.testng.TestNG.runSuitesLocally(TestNG.java:1109)
	at org.testng.TestNG.runSuites(TestNG.java:1039)
	at org.testng.TestNG.run(TestNG.java:1007)
	at org.apache.maven.surefire.testng.TestNGExecutor.run(TestNGExecutor.java:136)
	at org.apache.maven.surefire.testng.TestNGDirectoryTestSuite.executeSingleClass(TestNGDirectoryTestSuite.java:112)
	at org.apache.maven.surefire.testng.TestNGDirectoryTestSuite.executeLazy(TestNGDirectoryTestSuite.java:123)
	at org.apache.maven.surefire.testng.TestNGDirectoryTestSuite.execute(TestNGDirectoryTestSuite.java:90)
	at org.apache.maven.surefire.testng.TestNGProvider.invoke(TestNGProvider.java:145)
	at org.apache.maven.surefire.booter.ForkedBooter.runSuitesInProcess(ForkedBooter.java:428)
	at org.apache.maven.surefire.booter.ForkedBooter.execute(ForkedBooter.java:162)
	at org.apache.maven.surefire.booter.ForkedBooter.run(ForkedBooter.java:562)
	at org.apache.maven.surefire.booter.ForkedBooter.main(ForkedBooter.java:548)
Caused by: java.lang.ExceptionInInitializerError: Exception java.lang.RuntimeException: Could not acquire java.nio.Bits class: class java.lang.ClassNotFoundException [in thread "main"]
	at org.apache.datasketches.memory.NioBits.<clinit>(NioBits.java:88)
	at org.apache.datasketches.memory.AllocateDirect.<init>(AllocateDirect.java:51)
	at org.apache.datasketches.memory.BaseWritableMemoryImpl.wrapDirect(BaseWritableMemoryImpl.java:120)
	at org.apache.datasketches.memory.WritableMemory.allocateDirect(WritableMemory.java:160)
	at org.apache.datasketches.memory.WritableMemory.allocateDirect(WritableMemory.java:139)
	at org.apache.datasketches.theta.UnionImplTest.checkMoveAndResize(UnionImplTest.java:172)
	... 34 more

org.apache.datasketches.theta.DirectQuickSelectSketchTest.checkResetAndStartingSubMultiple  Time elapsed: 0.002 s  <<< FAILURE!
java.lang.NoClassDefFoundError: Could not initialize class org.apache.datasketches.memory.NioBits
	at org.apache.datasketches.memory.AllocateDirect.<init>(AllocateDirect.java:51)
	at org.apache.datasketches.memory.BaseWritableMemoryImpl.wrapDirect(BaseWritableMemoryImpl.java:120)
	at org.apache.datasketches.memory.WritableMemory.allocateDirect(WritableMemory.java:160)
	at org.apache.datasketches.memory.WritableMemory.allocateDirect(WritableMemory.java:139)
	at org.apache.datasketches.theta.DirectQuickSelectSketchTest.makeNativeMemory(DirectQuickSelectSketchTest.java:883)
	at org.apache.datasketches.theta.DirectQuickSelectSketchTest.checkResetAndStartingSubMultiple(DirectQuickSelectSketchTest.java:571)
	at java.base/jdk.internal.reflect.NativeMethodAccessorImpl.invoke0(Native Method)
	at java.base/jdk.internal.reflect.NativeMethodAccessorImpl.invoke(NativeMethodAccessorImpl.java:77)
	at java.base/jdk.internal.reflect.DelegatingMethodAccessorImpl.invoke(DelegatingMethodAccessorImpl.java:43)
	at java.base/java.lang.reflect.Method.invoke(Method.java:568)
	at org.testng.internal.MethodInvocationHelper.invokeMethod(MethodInvocationHelper.java:134)
	at org.testng.internal.TestInvoker.invokeMethod(TestInvoker.java:597)
	at org.testng.internal.TestInvoker.invokeTestMethod(TestInvoker.java:173)
	at org.testng.internal.MethodRunner.runInSequence(MethodRunner.java:46)
	at org.testng.internal.TestInvoker$MethodInvocationAgent.invoke(TestInvoker.java:816)
	at org.testng.internal.TestInvoker.invokeTestMethods(TestInvoker.java:146)
	at org.testng.internal.TestMethodWorker.invokeTestMethods(TestMethodWorker.java:146)
	at org.testng.internal.TestMethodWorker.run(TestMethodWorker.java:128)
	at java.base/java.util.ArrayList.forEach(ArrayList.java:1511)
	at org.testng.TestRunner.privateRun(TestRunner.java:766)
	at org.testng.TestRunner.run(TestRunner.java:587)
	at org.testng.SuiteRunner.runTest(SuiteRunner.java:384)
	at org.testng.SuiteRunner.runSequentially(SuiteRunner.java:378)
	at org.testng.SuiteRunner.privateRun(SuiteRunner.java:337)
	at org.testng.SuiteRunner.run(SuiteRunner.java:286)
	at org.testng.SuiteRunnerWorker.runSuite(SuiteRunnerWorker.java:53)
	at org.testng.SuiteRunnerWorker.run(SuiteRunnerWorker.java:96)
	at org.testng.TestNG.runSuitesSequentially(TestNG.java:1187)
	at org.testng.TestNG.runSuitesLocally(TestNG.java:1109)
	at org.testng.TestNG.runSuites(TestNG.java:1039)
	at org.testng.TestNG.run(TestNG.java:1007)
	at org.apache.maven.surefire.testng.TestNGExecutor.run(TestNGExecutor.java:136)
	at org.apache.maven.surefire.testng.TestNGDirectoryTestSuite.executeSingleClass(TestNGDirectoryTestSuite.java:112)
	at org.apache.maven.surefire.testng.TestNGDirectoryTestSuite.executeLazy(TestNGDirectoryTestSuite.java:123)
	at org.apache.maven.surefire.testng.TestNGDirectoryTestSuite.execute(TestNGDirectoryTestSuite.java:90)
	at org.apache.maven.surefire.testng.TestNGProvider.invoke(TestNGProvider.java:145)
	at org.apache.maven.surefire.booter.ForkedBooter.runSuitesInProcess(ForkedBooter.java:428)
	at org.apache.maven.surefire.booter.ForkedBooter.execute(ForkedBooter.java:162)
	at org.apache.maven.surefire.booter.ForkedBooter.run(ForkedBooter.java:562)
	at org.apache.maven.surefire.booter.ForkedBooter.main(ForkedBooter.java:548)
Caused by: java.lang.ExceptionInInitializerError: Exception java.lang.RuntimeException: Could not acquire java.nio.Bits class: class java.lang.ClassNotFoundException [in thread "main"]
	at org.apache.datasketches.memory.NioBits.<clinit>(NioBits.java:88)
	at org.apache.datasketches.memory.AllocateDirect.<init>(AllocateDirect.java:51)
	at org.apache.datasketches.memory.BaseWritableMemoryImpl.wrapDirect(BaseWritableMemoryImpl.java:120)
	at org.apache.datasketches.memory.WritableMemory.allocateDirect(WritableMemory.java:160)
	at org.apache.datasketches.memory.WritableMemory.allocateDirect(WritableMemory.java:139)
	at org.apache.datasketches.theta.UnionImplTest.checkMoveAndResize(UnionImplTest.java:172)
	... 34 more

org.apache.datasketches.theta.DirectQuickSelectSketchTest.checkSamplingMode  Time elapsed: 0.004 s  <<< FAILURE!
java.lang.NoClassDefFoundError: Could not initialize class org.apache.datasketches.memory.NioBits
	at org.apache.datasketches.memory.AllocateDirect.<init>(AllocateDirect.java:51)
	at org.apache.datasketches.memory.BaseWritableMemoryImpl.wrapDirect(BaseWritableMemoryImpl.java:120)
	at org.apache.datasketches.memory.WritableMemory.allocateDirect(WritableMemory.java:160)
	at org.apache.datasketches.memory.WritableMemory.allocateDirect(WritableMemory.java:139)
	at org.apache.datasketches.theta.DirectQuickSelectSketchTest.makeNativeMemory(DirectQuickSelectSketchTest.java:883)
	at org.apache.datasketches.theta.DirectQuickSelectSketchTest.checkSamplingMode(DirectQuickSelectSketchTest.java:429)
	at java.base/jdk.internal.reflect.NativeMethodAccessorImpl.invoke0(Native Method)
	at java.base/jdk.internal.reflect.NativeMethodAccessorImpl.invoke(NativeMethodAccessorImpl.java:77)
	at java.base/jdk.internal.reflect.DelegatingMethodAccessorImpl.invoke(DelegatingMethodAccessorImpl.java:43)
	at java.base/java.lang.reflect.Method.invoke(Method.java:568)
	at org.testng.internal.MethodInvocationHelper.invokeMethod(MethodInvocationHelper.java:134)
	at org.testng.internal.TestInvoker.invokeMethod(TestInvoker.java:597)
	at org.testng.internal.TestInvoker.invokeTestMethod(TestInvoker.java:173)
	at org.testng.internal.MethodRunner.runInSequence(MethodRunner.java:46)
	at org.testng.internal.TestInvoker$MethodInvocationAgent.invoke(TestInvoker.java:816)
	at org.testng.internal.TestInvoker.invokeTestMethods(TestInvoker.java:146)
	at org.testng.internal.TestMethodWorker.invokeTestMethods(TestMethodWorker.java:146)
	at org.testng.internal.TestMethodWorker.run(TestMethodWorker.java:128)
	at java.base/java.util.ArrayList.forEach(ArrayList.java:1511)
	at org.testng.TestRunner.privateRun(TestRunner.java:766)
	at org.testng.TestRunner.run(TestRunner.java:587)
	at org.testng.SuiteRunner.runTest(SuiteRunner.java:384)
	at org.testng.SuiteRunner.runSequentially(SuiteRunner.java:378)
	at org.testng.SuiteRunner.privateRun(SuiteRunner.java:337)
	at org.testng.SuiteRunner.run(SuiteRunner.java:286)
	at org.testng.SuiteRunnerWorker.runSuite(SuiteRunnerWorker.java:53)
	at org.testng.SuiteRunnerWorker.run(SuiteRunnerWorker.java:96)
	at org.testng.TestNG.runSuitesSequentially(TestNG.java:1187)
	at org.testng.TestNG.runSuitesLocally(TestNG.java:1109)
	at org.testng.TestNG.runSuites(TestNG.java:1039)
	at org.testng.TestNG.run(TestNG.java:1007)
	at org.apache.maven.surefire.testng.TestNGExecutor.run(TestNGExecutor.java:136)
	at org.apache.maven.surefire.testng.TestNGDirectoryTestSuite.executeSingleClass(TestNGDirectoryTestSuite.java:112)
	at org.apache.maven.surefire.testng.TestNGDirectoryTestSuite.executeLazy(TestNGDirectoryTestSuite.java:123)
	at org.apache.maven.surefire.testng.TestNGDirectoryTestSuite.execute(TestNGDirectoryTestSuite.java:90)
	at org.apache.maven.surefire.testng.TestNGProvider.invoke(TestNGProvider.java:145)
	at org.apache.maven.surefire.booter.ForkedBooter.runSuitesInProcess(ForkedBooter.java:428)
	at org.apache.maven.surefire.booter.ForkedBooter.execute(ForkedBooter.java:162)
	at org.apache.maven.surefire.booter.ForkedBooter.run(ForkedBooter.java:562)
	at org.apache.maven.surefire.booter.ForkedBooter.main(ForkedBooter.java:548)
Caused by: java.lang.ExceptionInInitializerError: Exception java.lang.RuntimeException: Could not acquire java.nio.Bits class: class java.lang.ClassNotFoundException [in thread "main"]
	at org.apache.datasketches.memory.NioBits.<clinit>(NioBits.java:88)
	at org.apache.datasketches.memory.AllocateDirect.<init>(AllocateDirect.java:51)
	at org.apache.datasketches.memory.BaseWritableMemoryImpl.wrapDirect(BaseWritableMemoryImpl.java:120)
	at org.apache.datasketches.memory.WritableMemory.allocateDirect(WritableMemory.java:160)
	at org.apache.datasketches.memory.WritableMemory.allocateDirect(WritableMemory.java:139)
	at org.apache.datasketches.theta.UnionImplTest.checkMoveAndResize(UnionImplTest.java:172)
	... 34 more

org.apache.datasketches.theta.DirectQuickSelectSketchTest.checkUpperAndLowerBounds  Time elapsed: 0 s  <<< FAILURE!
java.lang.NoClassDefFoundError: Could not initialize class org.apache.datasketches.memory.NioBits
	at org.apache.datasketches.memory.AllocateDirect.<init>(AllocateDirect.java:51)
	at org.apache.datasketches.memory.BaseWritableMemoryImpl.wrapDirect(BaseWritableMemoryImpl.java:120)
	at org.apache.datasketches.memory.WritableMemory.allocateDirect(WritableMemory.java:160)
	at org.apache.datasketches.memory.WritableMemory.allocateDirect(WritableMemory.java:139)
	at org.apache.datasketches.theta.DirectQuickSelectSketchTest.makeNativeMemory(DirectQuickSelectSketchTest.java:883)
	at org.apache.datasketches.theta.DirectQuickSelectSketchTest.checkUpperAndLowerBounds(DirectQuickSelectSketchTest.java:525)
	at java.base/jdk.internal.reflect.NativeMethodAccessorImpl.invoke0(Native Method)
	at java.base/jdk.internal.reflect.NativeMethodAccessorImpl.invoke(NativeMethodAccessorImpl.java:77)
	at java.base/jdk.internal.reflect.DelegatingMethodAccessorImpl.invoke(DelegatingMethodAccessorImpl.java:43)
	at java.base/java.lang.reflect.Method.invoke(Method.java:568)
	at org.testng.internal.MethodInvocationHelper.invokeMethod(MethodInvocationHelper.java:134)
	at org.testng.internal.TestInvoker.invokeMethod(TestInvoker.java:597)
	at org.testng.internal.TestInvoker.invokeTestMethod(TestInvoker.java:173)
	at org.testng.internal.MethodRunner.runInSequence(MethodRunner.java:46)
	at org.testng.internal.TestInvoker$MethodInvocationAgent.invoke(TestInvoker.java:816)
	at org.testng.internal.TestInvoker.invokeTestMethods(TestInvoker.java:146)
	at org.testng.internal.TestMethodWorker.invokeTestMethods(TestMethodWorker.java:146)
	at org.testng.internal.TestMethodWorker.run(TestMethodWorker.java:128)
	at java.base/java.util.ArrayList.forEach(ArrayList.java:1511)
	at org.testng.TestRunner.privateRun(TestRunner.java:766)
	at org.testng.TestRunner.run(TestRunner.java:587)
	at org.testng.SuiteRunner.runTest(SuiteRunner.java:384)
	at org.testng.SuiteRunner.runSequentially(SuiteRunner.java:378)
	at org.testng.SuiteRunner.privateRun(SuiteRunner.java:337)
	at org.testng.SuiteRunner.run(SuiteRunner.java:286)
	at org.testng.SuiteRunnerWorker.runSuite(SuiteRunnerWorker.java:53)
	at org.testng.SuiteRunnerWorker.run(SuiteRunnerWorker.java:96)
	at org.testng.TestNG.runSuitesSequentially(TestNG.java:1187)
	at org.testng.TestNG.runSuitesLocally(TestNG.java:1109)
	at org.testng.TestNG.runSuites(TestNG.java:1039)
	at org.testng.TestNG.run(TestNG.java:1007)
	at org.apache.maven.surefire.testng.TestNGExecutor.run(TestNGExecutor.java:136)
	at org.apache.maven.surefire.testng.TestNGDirectoryTestSuite.executeSingleClass(TestNGDirectoryTestSuite.java:112)
	at org.apache.maven.surefire.testng.TestNGDirectoryTestSuite.executeLazy(TestNGDirectoryTestSuite.java:123)
	at org.apache.maven.surefire.testng.TestNGDirectoryTestSuite.execute(TestNGDirectoryTestSuite.java:90)
	at org.apache.maven.surefire.testng.TestNGProvider.invoke(TestNGProvider.java:145)
	at org.apache.maven.surefire.booter.ForkedBooter.runSuitesInProcess(ForkedBooter.java:428)
	at org.apache.maven.surefire.booter.ForkedBooter.execute(ForkedBooter.java:162)
	at org.apache.maven.surefire.booter.ForkedBooter.run(ForkedBooter.java:562)
	at org.apache.maven.surefire.booter.ForkedBooter.main(ForkedBooter.java:548)
Caused by: java.lang.ExceptionInInitializerError: Exception java.lang.RuntimeException: Could not acquire java.nio.Bits class: class java.lang.ClassNotFoundException [in thread "main"]
	at org.apache.datasketches.memory.NioBits.<clinit>(NioBits.java:88)
	at org.apache.datasketches.memory.AllocateDirect.<init>(AllocateDirect.java:51)
	at org.apache.datasketches.memory.BaseWritableMemoryImpl.wrapDirect(BaseWritableMemoryImpl.java:120)
	at org.apache.datasketches.memory.WritableMemory.allocateDirect(WritableMemory.java:160)
	at org.apache.datasketches.memory.WritableMemory.allocateDirect(WritableMemory.java:139)
	at org.apache.datasketches.theta.UnionImplTest.checkMoveAndResize(UnionImplTest.java:172)
	... 34 more

org.apache.datasketches.theta.DirectQuickSelectSketchTest.checkWrapMemoryEst  Time elapsed: 0.001 s  <<< FAILURE!
java.lang.NoClassDefFoundError: Could not initialize class org.apache.datasketches.memory.NioBits
	at org.apache.datasketches.memory.AllocateDirect.<init>(AllocateDirect.java:51)
	at org.apache.datasketches.memory.BaseWritableMemoryImpl.wrapDirect(BaseWritableMemoryImpl.java:120)
	at org.apache.datasketches.memory.WritableMemory.allocateDirect(WritableMemory.java:160)
	at org.apache.datasketches.memory.WritableMemory.allocateDirect(WritableMemory.java:139)
	at org.apache.datasketches.theta.DirectQuickSelectSketchTest.makeNativeMemory(DirectQuickSelectSketchTest.java:883)
	at org.apache.datasketches.theta.DirectQuickSelectSketchTest.checkWrapMemoryEst(DirectQuickSelectSketchTest.java:274)
	at java.base/jdk.internal.reflect.NativeMethodAccessorImpl.invoke0(Native Method)
	at java.base/jdk.internal.reflect.NativeMethodAccessorImpl.invoke(NativeMethodAccessorImpl.java:77)
	at java.base/jdk.internal.reflect.DelegatingMethodAccessorImpl.invoke(DelegatingMethodAccessorImpl.java:43)
	at java.base/java.lang.reflect.Method.invoke(Method.java:568)
	at org.testng.internal.MethodInvocationHelper.invokeMethod(MethodInvocationHelper.java:134)
	at org.testng.internal.TestInvoker.invokeMethod(TestInvoker.java:597)
	at org.testng.internal.TestInvoker.invokeTestMethod(TestInvoker.java:173)
	at org.testng.internal.MethodRunner.runInSequence(MethodRunner.java:46)
	at org.testng.internal.TestInvoker$MethodInvocationAgent.invoke(TestInvoker.java:816)
	at org.testng.internal.TestInvoker.invokeTestMethods(TestInvoker.java:146)
	at org.testng.internal.TestMethodWorker.invokeTestMethods(TestMethodWorker.java:146)
	at org.testng.internal.TestMethodWorker.run(TestMethodWorker.java:128)
	at java.base/java.util.ArrayList.forEach(ArrayList.java:1511)
	at org.testng.TestRunner.privateRun(TestRunner.java:766)
	at org.testng.TestRunner.run(TestRunner.java:587)
	at org.testng.SuiteRunner.runTest(SuiteRunner.java:384)
	at org.testng.SuiteRunner.runSequentially(SuiteRunner.java:378)
	at org.testng.SuiteRunner.privateRun(SuiteRunner.java:337)
	at org.testng.SuiteRunner.run(SuiteRunner.java:286)
	at org.testng.SuiteRunnerWorker.runSuite(SuiteRunnerWorker.java:53)
	at org.testng.SuiteRunnerWorker.run(SuiteRunnerWorker.java:96)
	at org.testng.TestNG.runSuitesSequentially(TestNG.java:1187)
	at org.testng.TestNG.runSuitesLocally(TestNG.java:1109)
	at org.testng.TestNG.runSuites(TestNG.java:1039)
	at org.testng.TestNG.run(TestNG.java:1007)
	at org.apache.maven.surefire.testng.TestNGExecutor.run(TestNGExecutor.java:136)
	at org.apache.maven.surefire.testng.TestNGDirectoryTestSuite.executeSingleClass(TestNGDirectoryTestSuite.java:112)
	at org.apache.maven.surefire.testng.TestNGDirectoryTestSuite.executeLazy(TestNGDirectoryTestSuite.java:123)
	at org.apache.maven.surefire.testng.TestNGDirectoryTestSuite.execute(TestNGDirectoryTestSuite.java:90)
	at org.apache.maven.surefire.testng.TestNGProvider.invoke(TestNGProvider.java:145)
	at org.apache.maven.surefire.booter.ForkedBooter.runSuitesInProcess(ForkedBooter.java:428)
	at org.apache.maven.surefire.booter.ForkedBooter.execute(ForkedBooter.java:162)
	at org.apache.maven.surefire.booter.ForkedBooter.run(ForkedBooter.java:562)
	at org.apache.maven.surefire.booter.ForkedBooter.main(ForkedBooter.java:548)
Caused by: java.lang.ExceptionInInitializerError: Exception java.lang.RuntimeException: Could not acquire java.nio.Bits class: class java.lang.ClassNotFoundException [in thread "main"]
	at org.apache.datasketches.memory.NioBits.<clinit>(NioBits.java:88)
	at org.apache.datasketches.memory.AllocateDirect.<init>(AllocateDirect.java:51)
	at org.apache.datasketches.memory.BaseWritableMemoryImpl.wrapDirect(BaseWritableMemoryImpl.java:120)
	at org.apache.datasketches.memory.WritableMemory.allocateDirect(WritableMemory.java:160)
	at org.apache.datasketches.memory.WritableMemory.allocateDirect(WritableMemory.java:139)
	at org.apache.datasketches.theta.UnionImplTest.checkMoveAndResize(UnionImplTest.java:172)
	... 34 more

-------------------------------------------------------------------------------
Test set: org.apache.datasketches.theta.UnionImplTest
-------------------------------------------------------------------------------
Tests run: 14, Failures: 2, Errors: 0, Skipped: 0, Time elapsed: 0.115 s <<< FAILURE! - in org.apache.datasketches.theta.UnionImplTest
org.apache.datasketches.theta.UnionImplTest.checkMoveAndResize  Time elapsed: 0.019 s  <<< FAILURE!
java.lang.ExceptionInInitializerError
	at org.apache.datasketches.memory.AllocateDirect.<init>(AllocateDirect.java:51)
	at org.apache.datasketches.memory.BaseWritableMemoryImpl.wrapDirect(BaseWritableMemoryImpl.java:120)
	at org.apache.datasketches.memory.WritableMemory.allocateDirect(WritableMemory.java:160)
	at org.apache.datasketches.memory.WritableMemory.allocateDirect(WritableMemory.java:139)
	at org.apache.datasketches.theta.UnionImplTest.checkMoveAndResize(UnionImplTest.java:172)
	at java.base/jdk.internal.reflect.NativeMethodAccessorImpl.invoke0(Native Method)
	at java.base/jdk.internal.reflect.NativeMethodAccessorImpl.invoke(NativeMethodAccessorImpl.java:77)
	at java.base/jdk.internal.reflect.DelegatingMethodAccessorImpl.invoke(DelegatingMethodAccessorImpl.java:43)
	at java.base/java.lang.reflect.Method.invoke(Method.java:568)
	at org.testng.internal.MethodInvocationHelper.invokeMethod(MethodInvocationHelper.java:134)
	at org.testng.internal.TestInvoker.invokeMethod(TestInvoker.java:597)
	at org.testng.internal.TestInvoker.invokeTestMethod(TestInvoker.java:173)
	at org.testng.internal.MethodRunner.runInSequence(MethodRunner.java:46)
	at org.testng.internal.TestInvoker$MethodInvocationAgent.invoke(TestInvoker.java:816)
	at org.testng.internal.TestInvoker.invokeTestMethods(TestInvoker.java:146)
	at org.testng.internal.TestMethodWorker.invokeTestMethods(TestMethodWorker.java:146)
	at org.testng.internal.TestMethodWorker.run(TestMethodWorker.java:128)
	at java.base/java.util.ArrayList.forEach(ArrayList.java:1511)
	at org.testng.TestRunner.privateRun(TestRunner.java:766)
	at org.testng.TestRunner.run(TestRunner.java:587)
	at org.testng.SuiteRunner.runTest(SuiteRunner.java:384)
	at org.testng.SuiteRunner.runSequentially(SuiteRunner.java:378)
	at org.testng.SuiteRunner.privateRun(SuiteRunner.java:337)
	at org.testng.SuiteRunner.run(SuiteRunner.java:286)
	at org.testng.SuiteRunnerWorker.runSuite(SuiteRunnerWorker.java:53)
	at org.testng.SuiteRunnerWorker.run(SuiteRunnerWorker.java:96)
	at org.testng.TestNG.runSuitesSequentially(TestNG.java:1187)
	at org.testng.TestNG.runSuitesLocally(TestNG.java:1109)
	at org.testng.TestNG.runSuites(TestNG.java:1039)
	at org.testng.TestNG.run(TestNG.java:1007)
	at org.apache.maven.surefire.testng.TestNGExecutor.run(TestNGExecutor.java:136)
	at org.apache.maven.surefire.testng.TestNGDirectoryTestSuite.executeSingleClass(TestNGDirectoryTestSuite.java:112)
	at org.apache.maven.surefire.testng.TestNGDirectoryTestSuite.executeLazy(TestNGDirectoryTestSuite.java:123)
	at org.apache.maven.surefire.testng.TestNGDirectoryTestSuite.execute(TestNGDirectoryTestSuite.java:90)
	at org.apache.maven.surefire.testng.TestNGProvider.invoke(TestNGProvider.java:145)
	at org.apache.maven.surefire.booter.ForkedBooter.runSuitesInProcess(ForkedBooter.java:428)
	at org.apache.maven.surefire.booter.ForkedBooter.execute(ForkedBooter.java:162)
	at org.apache.maven.surefire.booter.ForkedBooter.run(ForkedBooter.java:562)
	at org.apache.maven.surefire.booter.ForkedBooter.main(ForkedBooter.java:548)
Caused by: java.lang.RuntimeException: Could not acquire java.nio.Bits class: class java.lang.ClassNotFoundException
	at org.apache.datasketches.memory.NioBits.<clinit>(NioBits.java:88)
	... 39 more

org.apache.datasketches.theta.UnionImplTest.checkUnionCompactOrderedSource  Time elapsed: 0.001 s  <<< FAILURE!
java.lang.NoClassDefFoundError: Could not initialize class org.apache.datasketches.memory.NioBits
	at org.apache.datasketches.memory.AllocateDirect.<init>(AllocateDirect.java:51)
	at org.apache.datasketches.memory.BaseWritableMemoryImpl.wrapDirect(BaseWritableMemoryImpl.java:120)
	at org.apache.datasketches.memory.WritableMemory.allocateDirect(WritableMemory.java:160)
	at org.apache.datasketches.memory.WritableMemory.allocateDirect(WritableMemory.java:139)
	at org.apache.datasketches.theta.UnionImplTest.checkUnionCompactOrderedSource(UnionImplTest.java:208)
	at java.base/jdk.internal.reflect.NativeMethodAccessorImpl.invoke0(Native Method)
	at java.base/jdk.internal.reflect.NativeMethodAccessorImpl.invoke(NativeMethodAccessorImpl.java:77)
	at java.base/jdk.internal.reflect.DelegatingMethodAccessorImpl.invoke(DelegatingMethodAccessorImpl.java:43)
	at java.base/java.lang.reflect.Method.invoke(Method.java:568)
	at org.testng.internal.MethodInvocationHelper.invokeMethod(MethodInvocationHelper.java:134)
	at org.testng.internal.TestInvoker.invokeMethod(TestInvoker.java:597)
	at org.testng.internal.TestInvoker.invokeTestMethod(TestInvoker.java:173)
	at org.testng.internal.MethodRunner.runInSequence(MethodRunner.java:46)
	at org.testng.internal.TestInvoker$MethodInvocationAgent.invoke(TestInvoker.java:816)
	at org.testng.internal.TestInvoker.invokeTestMethods(TestInvoker.java:146)
	at org.testng.internal.TestMethodWorker.invokeTestMethods(TestMethodWorker.java:146)
	at org.testng.internal.TestMethodWorker.run(TestMethodWorker.java:128)
	at java.base/java.util.ArrayList.forEach(ArrayList.java:1511)
	at org.testng.TestRunner.privateRun(TestRunner.java:766)
	at org.testng.TestRunner.run(TestRunner.java:587)
	at org.testng.SuiteRunner.runTest(SuiteRunner.java:384)
	at org.testng.SuiteRunner.runSequentially(SuiteRunner.java:378)
	at org.testng.SuiteRunner.privateRun(SuiteRunner.java:337)
	at org.testng.SuiteRunner.run(SuiteRunner.java:286)
	at org.testng.SuiteRunnerWorker.runSuite(SuiteRunnerWorker.java:53)
	at org.testng.SuiteRunnerWorker.run(SuiteRunnerWorker.java:96)
	at org.testng.TestNG.runSuitesSequentially(TestNG.java:1187)
	at org.testng.TestNG.runSuitesLocally(TestNG.java:1109)
	at org.testng.TestNG.runSuites(TestNG.java:1039)
	at org.testng.TestNG.run(TestNG.java:1007)
	at org.apache.maven.surefire.testng.TestNGExecutor.run(TestNGExecutor.java:136)
	at org.apache.maven.surefire.testng.TestNGDirectoryTestSuite.executeSingleClass(TestNGDirectoryTestSuite.java:112)
	at org.apache.maven.surefire.testng.TestNGDirectoryTestSuite.executeLazy(TestNGDirectoryTestSuite.java:123)
	at org.apache.maven.surefire.testng.TestNGDirectoryTestSuite.execute(TestNGDirectoryTestSuite.java:90)
	at org.apache.maven.surefire.testng.TestNGProvider.invoke(TestNGProvider.java:145)
	at org.apache.maven.surefire.booter.ForkedBooter.runSuitesInProcess(ForkedBooter.java:428)
	at org.apache.maven.surefire.booter.ForkedBooter.execute(ForkedBooter.java:162)
	at org.apache.maven.surefire.booter.ForkedBooter.run(ForkedBooter.java:562)
	at org.apache.maven.surefire.booter.ForkedBooter.main(ForkedBooter.java:548)
Caused by: java.lang.ExceptionInInitializerError: Exception java.lang.RuntimeException: Could not acquire java.nio.Bits class: class java.lang.ClassNotFoundException [in thread "main"]
	at org.apache.datasketches.memory.NioBits.<clinit>(NioBits.java:88)
	at org.apache.datasketches.memory.AllocateDirect.<init>(AllocateDirect.java:51)
	at org.apache.datasketches.memory.BaseWritableMemoryImpl.wrapDirect(BaseWritableMemoryImpl.java:120)
	at org.apache.datasketches.memory.WritableMemory.allocateDirect(WritableMemory.java:160)
	at org.apache.datasketches.memory.WritableMemory.allocateDirect(WritableMemory.java:139)
	at org.apache.datasketches.theta.UnionImplTest.checkMoveAndResize(UnionImplTest.java:172)
	... 34 more


#Tests run (stage 1 in 39.683 secs.): 1490
#Failed tests (stage 1): 48
#Tests run (stage 2 in 13.375 secs.): 48
#Failed tests (stage 2): 48
#Tests run (stage 3 in 14.667 secs.): 105
#Failed tests (stage 3): 48
End-to-end time: 67.725 secs.

