
[RUN MODE (2 stages)] (par-->seq)

***********************************<Summary of test-failures>***************************************
-------------------------------------------------------------------------------
Test set: org.apache.datasketches.theta.ConcurrentDirectQuickSelectSketchTest
-------------------------------------------------------------------------------
Tests run: 30, Failures: 3, Errors: 0, Skipped: 0, Time elapsed: 0.466 s <<< FAILURE! - in org.apache.datasketches.theta.ConcurrentDirectQuickSelectSketchTest
org.apache.datasketches.theta.ConcurrentDirectQuickSelectSketchTest.checkConstructReconstructFromMemory  Time elapsed: 0.052 s  <<< FAILURE!
java.util.concurrent.RejectedExecutionException: Task org.apache.datasketches.theta.ConcurrentBackgroundThetaPropagation@32552884 rejected from java.util.concurrent.ThreadPoolExecutor@366aba16[Terminated, pool size = 0, active threads = 0, queued tasks = 0, completed tasks = 1]
	at java.util.concurrent.ThreadPoolExecutor$AbortPolicy.rejectedExecution(ThreadPoolExecutor.java:2063)
	at java.util.concurrent.ThreadPoolExecutor.reject(ThreadPoolExecutor.java:830)
	at java.util.concurrent.ThreadPoolExecutor.execute(ThreadPoolExecutor.java:1379)
	at java.util.concurrent.Executors$DelegatedExecutorService.execute(Executors.java:668)
	at org.apache.datasketches.theta.ConcurrentDirectQuickSelectSketch.propagate(ConcurrentDirectQuickSelectSketch.java:225)
	at org.apache.datasketches.theta.ConcurrentHeapThetaBuffer.propagateToSharedSketch(ConcurrentHeapThetaBuffer.java:117)
	at org.apache.datasketches.theta.ConcurrentHeapThetaBuffer.hashUpdate(ConcurrentHeapThetaBuffer.java:214)
	at org.apache.datasketches.theta.UpdateSketch.update(UpdateSketch.java:212)
	at org.apache.datasketches.theta.ConcurrentDirectQuickSelectSketchTest.checkConstructReconstructFromMemory(ConcurrentDirectQuickSelectSketchTest.java:491)
	at sun.reflect.NativeMethodAccessorImpl.invoke0(Native Method)
	at sun.reflect.NativeMethodAccessorImpl.invoke(NativeMethodAccessorImpl.java:62)
	at sun.reflect.DelegatingMethodAccessorImpl.invoke(DelegatingMethodAccessorImpl.java:43)
	at java.lang.reflect.Method.invoke(Method.java:498)
	at org.testng.internal.MethodInvocationHelper.invokeMethod(MethodInvocationHelper.java:134)
	at org.testng.internal.TestInvoker.invokeMethod(TestInvoker.java:597)
	at org.testng.internal.TestInvoker.invokeTestMethod(TestInvoker.java:173)
	at org.testng.internal.MethodRunner.runInSequence(MethodRunner.java:46)
	at org.testng.internal.TestInvoker$MethodInvocationAgent.invoke(TestInvoker.java:816)
	at org.testng.internal.TestInvoker.invokeTestMethods(TestInvoker.java:146)
	at org.testng.internal.TestMethodWorker.invokeTestMethods(TestMethodWorker.java:146)
	at org.testng.internal.TestMethodWorker.run(TestMethodWorker.java:128)
	at java.util.concurrent.ThreadPoolExecutor.runWorker(ThreadPoolExecutor.java:1149)
	at java.util.concurrent.ThreadPoolExecutor$Worker.run(ThreadPoolExecutor.java:624)
	at java.lang.Thread.run(Thread.java:750)

org.apache.datasketches.theta.ConcurrentDirectQuickSelectSketchTest.checkHeapifyByteArrayEstimating  Time elapsed: 0.001 s  <<< FAILURE!
java.util.concurrent.RejectedExecutionException: Task org.apache.datasketches.theta.ConcurrentBackgroundThetaPropagation@14d77a9e rejected from java.util.concurrent.ThreadPoolExecutor@6006551e[Terminated, pool size = 0, active threads = 0, queued tasks = 0, completed tasks = 1]
	at java.util.concurrent.ThreadPoolExecutor$AbortPolicy.rejectedExecution(ThreadPoolExecutor.java:2063)
	at java.util.concurrent.ThreadPoolExecutor.reject(ThreadPoolExecutor.java:830)
	at java.util.concurrent.ThreadPoolExecutor.execute(ThreadPoolExecutor.java:1379)
	at java.util.concurrent.Executors$DelegatedExecutorService.execute(Executors.java:668)
	at org.apache.datasketches.theta.ConcurrentDirectQuickSelectSketch.propagate(ConcurrentDirectQuickSelectSketch.java:225)
	at org.apache.datasketches.theta.ConcurrentHeapThetaBuffer.propagateToSharedSketch(ConcurrentHeapThetaBuffer.java:117)
	at org.apache.datasketches.theta.ConcurrentHeapThetaBuffer.hashUpdate(ConcurrentHeapThetaBuffer.java:214)
	at org.apache.datasketches.theta.UpdateSketch.update(UpdateSketch.java:212)
	at org.apache.datasketches.theta.ConcurrentDirectQuickSelectSketchTest.checkHeapifyByteArrayEstimating(ConcurrentDirectQuickSelectSketchTest.java:137)
	at sun.reflect.NativeMethodAccessorImpl.invoke0(Native Method)
	at sun.reflect.NativeMethodAccessorImpl.invoke(NativeMethodAccessorImpl.java:62)
	at sun.reflect.DelegatingMethodAccessorImpl.invoke(DelegatingMethodAccessorImpl.java:43)
	at java.lang.reflect.Method.invoke(Method.java:498)
	at org.testng.internal.MethodInvocationHelper.invokeMethod(MethodInvocationHelper.java:134)
	at org.testng.internal.TestInvoker.invokeMethod(TestInvoker.java:597)
	at org.testng.internal.TestInvoker.invokeTestMethod(TestInvoker.java:173)
	at org.testng.internal.MethodRunner.runInSequence(MethodRunner.java:46)
	at org.testng.internal.TestInvoker$MethodInvocationAgent.invoke(TestInvoker.java:816)
	at org.testng.internal.TestInvoker.invokeTestMethods(TestInvoker.java:146)
	at org.testng.internal.TestMethodWorker.invokeTestMethods(TestMethodWorker.java:146)
	at org.testng.internal.TestMethodWorker.run(TestMethodWorker.java:128)
	at java.util.concurrent.ThreadPoolExecutor.runWorker(ThreadPoolExecutor.java:1149)
	at java.util.concurrent.ThreadPoolExecutor$Worker.run(ThreadPoolExecutor.java:624)
	at java.lang.Thread.run(Thread.java:750)

org.apache.datasketches.theta.ConcurrentDirectQuickSelectSketchTest.checkResizeInBigMem  Time elapsed: 0.02 s  <<< FAILURE!
java.util.concurrent.RejectedExecutionException: Task org.apache.datasketches.theta.ConcurrentBackgroundThetaPropagation@109982e8 rejected from java.util.concurrent.ThreadPoolExecutor@42658b40[Terminated, pool size = 0, active threads = 0, queued tasks = 0, completed tasks = 132]
	at java.util.concurrent.ThreadPoolExecutor$AbortPolicy.rejectedExecution(ThreadPoolExecutor.java:2063)
	at java.util.concurrent.ThreadPoolExecutor.reject(ThreadPoolExecutor.java:830)
	at java.util.concurrent.ThreadPoolExecutor.execute(ThreadPoolExecutor.java:1374)
	at java.util.concurrent.Executors$DelegatedExecutorService.execute(Executors.java:668)
	at org.apache.datasketches.theta.ConcurrentDirectQuickSelectSketch.propagate(ConcurrentDirectQuickSelectSketch.java:225)
	at org.apache.datasketches.theta.ConcurrentHeapThetaBuffer.propagateToSharedSketch(ConcurrentHeapThetaBuffer.java:117)
	at org.apache.datasketches.theta.ConcurrentHeapThetaBuffer.hashUpdate(ConcurrentHeapThetaBuffer.java:214)
	at org.apache.datasketches.theta.UpdateSketch.update(UpdateSketch.java:212)
	at org.apache.datasketches.theta.ConcurrentDirectQuickSelectSketchTest.checkResizeInBigMem(ConcurrentDirectQuickSelectSketchTest.java:535)
	at sun.reflect.NativeMethodAccessorImpl.invoke0(Native Method)
	at sun.reflect.NativeMethodAccessorImpl.invoke(NativeMethodAccessorImpl.java:62)
	at sun.reflect.DelegatingMethodAccessorImpl.invoke(DelegatingMethodAccessorImpl.java:43)
	at java.lang.reflect.Method.invoke(Method.java:498)
	at org.testng.internal.MethodInvocationHelper.invokeMethod(MethodInvocationHelper.java:134)
	at org.testng.internal.TestInvoker.invokeMethod(TestInvoker.java:597)
	at org.testng.internal.TestInvoker.invokeTestMethod(TestInvoker.java:173)
	at org.testng.internal.MethodRunner.runInSequence(MethodRunner.java:46)
	at org.testng.internal.TestInvoker$MethodInvocationAgent.invoke(TestInvoker.java:816)
	at org.testng.internal.TestInvoker.invokeTestMethods(TestInvoker.java:146)
	at org.testng.internal.TestMethodWorker.invokeTestMethods(TestMethodWorker.java:146)
	at org.testng.internal.TestMethodWorker.run(TestMethodWorker.java:128)
	at java.util.concurrent.ThreadPoolExecutor.runWorker(ThreadPoolExecutor.java:1149)
	at java.util.concurrent.ThreadPoolExecutor$Worker.run(ThreadPoolExecutor.java:624)
	at java.lang.Thread.run(Thread.java:750)

-------------------------------------------------------------------------------
Test set: org.apache.datasketches.theta.ConcurrentHeapQuickSelectSketchTest
-------------------------------------------------------------------------------
Tests run: 27, Failures: 1, Errors: 0, Skipped: 0, Time elapsed: 0.285 s <<< FAILURE! - in org.apache.datasketches.theta.ConcurrentHeapQuickSelectSketchTest
org.apache.datasketches.theta.ConcurrentHeapQuickSelectSketchTest.checkHQStoCompactForms  Time elapsed: 0.006 s  <<< FAILURE!
java.util.concurrent.RejectedExecutionException: Task org.apache.datasketches.theta.ConcurrentBackgroundThetaPropagation@7528c8c4 rejected from java.util.concurrent.ThreadPoolExecutor@412d493c[Terminated, pool size = 0, active threads = 0, queued tasks = 0, completed tasks = 1]
	at java.util.concurrent.ThreadPoolExecutor$AbortPolicy.rejectedExecution(ThreadPoolExecutor.java:2063)
	at java.util.concurrent.ThreadPoolExecutor.reject(ThreadPoolExecutor.java:830)
	at java.util.concurrent.ThreadPoolExecutor.execute(ThreadPoolExecutor.java:1379)
	at java.util.concurrent.Executors$DelegatedExecutorService.execute(Executors.java:668)
	at org.apache.datasketches.theta.ConcurrentHeapQuickSelectSketch.propagate(ConcurrentHeapQuickSelectSketch.java:220)
	at org.apache.datasketches.theta.ConcurrentHeapThetaBuffer.propagateToSharedSketch(ConcurrentHeapThetaBuffer.java:117)
	at org.apache.datasketches.theta.ConcurrentHeapThetaBuffer.hashUpdate(ConcurrentHeapThetaBuffer.java:214)
	at org.apache.datasketches.theta.UpdateSketch.update(UpdateSketch.java:212)
	at org.apache.datasketches.theta.ConcurrentHeapQuickSelectSketchTest.checkHQStoCompactForms(ConcurrentHeapQuickSelectSketchTest.java:277)
	at sun.reflect.NativeMethodAccessorImpl.invoke0(Native Method)
	at sun.reflect.NativeMethodAccessorImpl.invoke(NativeMethodAccessorImpl.java:62)
	at sun.reflect.DelegatingMethodAccessorImpl.invoke(DelegatingMethodAccessorImpl.java:43)
	at java.lang.reflect.Method.invoke(Method.java:498)
	at org.testng.internal.MethodInvocationHelper.invokeMethod(MethodInvocationHelper.java:134)
	at org.testng.internal.TestInvoker.invokeMethod(TestInvoker.java:597)
	at org.testng.internal.TestInvoker.invokeTestMethod(TestInvoker.java:173)
	at org.testng.internal.MethodRunner.runInSequence(MethodRunner.java:46)
	at org.testng.internal.TestInvoker$MethodInvocationAgent.invoke(TestInvoker.java:816)
	at org.testng.internal.TestInvoker.invokeTestMethods(TestInvoker.java:146)
	at org.testng.internal.TestMethodWorker.invokeTestMethods(TestMethodWorker.java:146)
	at org.testng.internal.TestMethodWorker.run(TestMethodWorker.java:128)
	at java.util.concurrent.ThreadPoolExecutor.runWorker(ThreadPoolExecutor.java:1149)
	at java.util.concurrent.ThreadPoolExecutor$Worker.run(ThreadPoolExecutor.java:624)
	at java.lang.Thread.run(Thread.java:750)

-------------------------------------------------------------------------------
Test set: org.apache.datasketches.tuple.adouble.AdoubleAnotBTest
-------------------------------------------------------------------------------
Tests run: 7, Failures: 1, Errors: 0, Skipped: 0, Time elapsed: 0.271 s <<< FAILURE! - in org.apache.datasketches.tuple.adouble.AdoubleAnotBTest
org.apache.datasketches.tuple.adouble.AdoubleAnotBTest.aNotBExactOverlap  Time elapsed: 0 s  <<< FAILURE!
java.lang.AssertionError: expected [0.0] but found [1.0]
	at org.testng.Assert.fail(Assert.java:97)
	at org.testng.Assert.failNotEquals(Assert.java:969)
	at org.testng.Assert.assertEquals(Assert.java:610)
	at org.testng.Assert.assertEquals(Assert.java:623)
	at org.apache.datasketches.tuple.adouble.AdoubleAnotBTest$Results.check(AdoubleAnotBTest.java:139)
	at org.apache.datasketches.tuple.adouble.AdoubleAnotBTest.threeMethodsWithTheta(AdoubleAnotBTest.java:103)
	at org.apache.datasketches.tuple.adouble.AdoubleAnotBTest.aNotBExactOverlap(AdoubleAnotBTest.java:243)
	at sun.reflect.NativeMethodAccessorImpl.invoke0(Native Method)
	at sun.reflect.NativeMethodAccessorImpl.invoke(NativeMethodAccessorImpl.java:62)
	at sun.reflect.DelegatingMethodAccessorImpl.invoke(DelegatingMethodAccessorImpl.java:43)
	at java.lang.reflect.Method.invoke(Method.java:498)
	at org.testng.internal.MethodInvocationHelper.invokeMethod(MethodInvocationHelper.java:134)
	at org.testng.internal.TestInvoker.invokeMethod(TestInvoker.java:597)
	at org.testng.internal.TestInvoker.invokeTestMethod(TestInvoker.java:173)
	at org.testng.internal.MethodRunner.runInSequence(MethodRunner.java:46)
	at org.testng.internal.TestInvoker$MethodInvocationAgent.invoke(TestInvoker.java:816)
	at org.testng.internal.TestInvoker.invokeTestMethods(TestInvoker.java:146)
	at org.testng.internal.TestMethodWorker.invokeTestMethods(TestMethodWorker.java:146)
	at org.testng.internal.TestMethodWorker.run(TestMethodWorker.java:128)
	at java.util.concurrent.ThreadPoolExecutor.runWorker(ThreadPoolExecutor.java:1149)
	at java.util.concurrent.ThreadPoolExecutor$Worker.run(ThreadPoolExecutor.java:624)
	at java.lang.Thread.run(Thread.java:750)


#Tests run (stage 1 in 22.907 secs.): 1490
#Failed tests (stage 1): 5
#Tests run (stage 2 in 6.937 secs.): 5
#Failed tests (stage 2): 0
End-to-end time: 29.844 secs.

